[ 2017-03-10T15:46:19+08:00 ] ::1 /theguide0309/admin.php
INFO: [ app_init ] --START--
INFO: Run Behavior\BuildLiteBehavior [ RunTime:0.000015s ]
INFO: [ app_init ] --END-- [ RunTime:0.000809s ]
INFO: [ app_begin ] --START--
INFO: Run Behavior\ReadHtmlCacheBehavior [ RunTime:0.000948s ]
INFO: Run Behavior\CheckLangBehavior [ RunTime:0.001771s ]
INFO: [ app_begin ] --END-- [ RunTime:0.002811s ]

[ 2017-03-10T15:46:19+08:00 ] ::1 /theguide0309/admin.php?s=/Public/login
INFO: [ app_init ] --START--
INFO: Run Behavior\BuildLiteBehavior [ RunTime:0.000014s ]
INFO: [ app_init ] --END-- [ RunTime:0.000631s ]
INFO: [ app_begin ] --START--
INFO: Run Behavior\ReadHtmlCacheBehavior [ RunTime:0.001869s ]
INFO: Run Behavior\CheckLangBehavior [ RunTime:0.001663s ]
INFO: [ app_begin ] --END-- [ RunTime:0.003658s ]
INFO: [ view_parse ] --START--
INFO: [ template_filter ] --START--
INFO: Run Behavior\ContentReplaceBehavior [ RunTime:0.000116s ]
INFO: [ template_filter ] --END-- [ RunTime:0.000207s ]
INFO: Run Behavior\ParseTemplateBehavior [ RunTime:0.009720s ]
INFO: [ view_parse ] --END-- [ RunTime:0.009788s ]
INFO: [ view_filter ] --START--
INFO: Run Behavior\WriteHtmlCacheBehavior [ RunTime:0.001052s ]
INFO: [ view_filter ] --END-- [ RunTime:0.001113s ]
INFO: [ app_end ] --START--
INFO: Run Behavior\ShowPageTraceBehavior [ RunTime:0.000970s ]
INFO: [ app_end ] --END-- [ RunTime:0.001026s ]

[ 2017-03-10T15:46:20+08:00 ] ::1 /theguide0309/admin.php?s=/Public/login
INFO: [ app_init ] --START--
INFO: Run Behavior\BuildLiteBehavior [ RunTime:0.000015s ]
INFO: [ app_init ] --END-- [ RunTime:0.000930s ]
INFO: [ app_begin ] --START--
INFO: Run Behavior\ReadHtmlCacheBehavior [ RunTime:0.001053s ]
INFO: Run Behavior\CheckLangBehavior [ RunTime:0.001777s ]
INFO: [ app_begin ] --END-- [ RunTime:0.002925s ]
SQL: SHOW COLUMNS FROM `theguide_admin` [ RunTime:0.0054s ]
SQL: SELECT * FROM `theguide_admin` WHERE `a_uname` = 'admin' LIMIT 1   [ RunTime:0.0004s ]
SQL: UPDATE `theguide_admin` SET `a_last_login_time`='1489131980',`a_login_count`=a_login_count+1,`a_last_login_ip`='0.0.0.0' WHERE `a_id` = 2 [ RunTime:0.0021s ]
SQL: SHOW COLUMNS FROM `theguide_user_action` [ RunTime:0.0039s ]
SQL: INSERT INTO `theguide_user_action` (`type`,`user_id`,`uname`,`add_time`,`info`) VALUES ('后台系统用户','2','admin','2017-03-10 15:46:20','登录了后台系统') [ RunTime:0.0024s ]

[ 2017-03-10T15:46:20+08:00 ] ::1 /theguide0309/admin.php?s=/Index/index
INFO: [ app_init ] --START--
INFO: Run Behavior\BuildLiteBehavior [ RunTime:0.000014s ]
INFO: [ app_init ] --END-- [ RunTime:0.000759s ]
INFO: [ app_begin ] --START--
INFO: Run Behavior\ReadHtmlCacheBehavior [ RunTime:0.000834s ]
INFO: Run Behavior\CheckLangBehavior [ RunTime:0.001666s ]
INFO: [ app_begin ] --END-- [ RunTime:0.002613s ]
SQL: SELECT DISTINCT ip from theguide_visitors_ip [ RunTime:0.0005s ]
SQL: SELECT DISTINCT ip from theguide_visitors_ip where last_visit_time='2017-03-10' [ RunTime:0.0002s ]
SQL: SHOW COLUMNS FROM `theguide_member` [ RunTime:0.0037s ]
SQL: SELECT * FROM `theguide_member`  [ RunTime:0.0004s ]
SQL: SELECT * from theguide_member where create_time>=1489075200 [ RunTime:0.0003s ]
SQL: SELECT SUM(total) AS total FROM theguide_order WHERE order_status_id NOT IN (3,5) [ RunTime:0.0003s ]
SQL: SELECT SUM(total) AS total FROM theguide_order WHERE order_status_id NOT IN (3,5) AND date_added>=1489075200 AND date_added<=1489161600 [ RunTime:0.0002s ]
SQL: SELECT count(*) AS total FROM theguide_order  [ RunTime:0.0002s ]
SQL: SELECT count(*) AS total FROM theguide_order  where date_added>=1489075200 AND date_added<=1489161600 [ RunTime:0.0002s ]
NOTIC: [2] Missing argument 1 for Admin\Model\OrderModel::show_order_page(), called in D:\WWW\theguide0309\Modules\Admin\Controller\IndexController.class.php on line 28 and defined D:\WWW\theguide0309\Modules\Admin\Model\OrderModel.class.php 第 21 行.
SQL: SELECT o.order_id,o.order_num_alias,o.total,o.ip_region,o.payment_code,o.shipping_method,o.date_added,o.date_modified,m.uname,os.order_status_id,os.name FROM theguide_order o,theguide_member m,theguide_order_status os WHERE o.member_id=m.member_id AND o.order_status_id=os.order_status_id  [ RunTime:0.0003s ]
SQL: SELECT o.order_id,o.order_num_alias,o.total,o.ip_region,o.payment_code,o.shipping_method,o.date_added,o.date_modified,m.uname,os.order_status_id,os.name FROM theguide_order o,theguide_member m,theguide_order_status os WHERE o.member_id=m.member_id AND o.order_status_id=os.order_status_id  ORDER BY o.order_id DESC LIMIT 0,10 [ RunTime:0.0003s ]
SQL: SHOW COLUMNS FROM `theguide_user_action` [ RunTime:0.0042s ]
SQL: SELECT * FROM `theguide_user_action` ORDER BY ua_id desc LIMIT 10   [ RunTime:0.0005s ]
INFO: [ view_parse ] --START--
INFO: [ template_filter ] --START--
INFO: Run Behavior\ContentReplaceBehavior [ RunTime:0.000122s ]
INFO: [ template_filter ] --END-- [ RunTime:0.000187s ]
SQL: SHOW COLUMNS FROM `theguide_menu` [ RunTime:0.0046s ]
SQL: SELECT * FROM `theguide_menu` ORDER BY sort_order  [ RunTime:0.0005s ]
INFO: [ view_parse ] --START--
INFO: [ template_filter ] --START--
INFO: Run Behavior\ContentReplaceBehavior [ RunTime:0.000043s ]
INFO: [ template_filter ] --END-- [ RunTime:-0.015431s ]
INFO: Run Behavior\ParseTemplateBehavior [ RunTime:0.004026s ]
INFO: [ view_parse ] --END-- [ RunTime:0.004077s ]
INFO: [ view_filter ] --START--
INFO: Run Behavior\WriteHtmlCacheBehavior [ RunTime:0.000644s ]
INFO: [ view_filter ] --END-- [ RunTime:0.000687s ]
INFO: Run Behavior\ParseTemplateBehavior [ RunTime:0.005349s ]
INFO: [ view_parse ] --END-- [ RunTime:0.004077s ]
INFO: [ view_filter ] --START--
INFO: Run Behavior\WriteHtmlCacheBehavior [ RunTime:0.000009s ]
INFO: [ view_filter ] --END-- [ RunTime:-0.000623s ]
INFO: [ app_end ] --START--
INFO: Run Behavior\ShowPageTraceBehavior [ RunTime:0.000885s ]
INFO: [ app_end ] --END-- [ RunTime:0.000963s ]

[ 2017-03-10T15:46:30+08:00 ] ::1 /theguide0309/admin.php?s=/member/index
INFO: [ app_init ] --START--
INFO: Run Behavior\BuildLiteBehavior [ RunTime:0.000013s ]
INFO: [ app_init ] --END-- [ RunTime:0.000644s ]
INFO: [ app_begin ] --START--
INFO: Run Behavior\ReadHtmlCacheBehavior [ RunTime:0.000937s ]
INFO: Run Behavior\CheckLangBehavior [ RunTime:0.001863s ]
INFO: [ app_begin ] --END-- [ RunTime:0.002906s ]
SQL: SHOW COLUMNS FROM `theguide_member` [ RunTime:0.0042s ]
SQL: select * from theguide_member where 1  [ RunTime:0.0003s ]
SQL: select * from theguide_member where 1  order by member_id desc LIMIT 0,10 [ RunTime:0.0003s ]
INFO: [ view_parse ] --START--
INFO: [ template_filter ] --START--
INFO: Run Behavior\ContentReplaceBehavior [ RunTime:0.000116s ]
INFO: [ template_filter ] --END-- [ RunTime:0.000206s ]
SQL: SHOW COLUMNS FROM `theguide_menu` [ RunTime:0.0058s ]
SQL: SELECT * FROM `theguide_menu` ORDER BY sort_order  [ RunTime:0.0004s ]
INFO: [ view_parse ] --START--
INFO: [ template_filter ] --START--
INFO: Run Behavior\ContentReplaceBehavior [ RunTime:0.000044s ]
INFO: [ template_filter ] --END-- [ RunTime:-0.015559s ]
INFO: Run Behavior\ParseTemplateBehavior [ RunTime:0.004632s ]
INFO: [ view_parse ] --END-- [ RunTime:0.004698s ]
INFO: [ view_filter ] --START--
INFO: Run Behavior\WriteHtmlCacheBehavior [ RunTime:0.000791s ]
INFO: [ view_filter ] --END-- [ RunTime:0.000837s ]
INFO: Run Behavior\ParseTemplateBehavior [ RunTime:0.005706s ]
INFO: [ view_parse ] --END-- [ RunTime:0.004698s ]
INFO: [ view_filter ] --START--
INFO: Run Behavior\WriteHtmlCacheBehavior [ RunTime:0.000010s ]
INFO: [ view_filter ] --END-- [ RunTime:-0.000215s ]
INFO: [ app_end ] --START--
INFO: Run Behavior\ShowPageTraceBehavior [ RunTime:0.001026s ]
INFO: [ app_end ] --END-- [ RunTime:0.001076s ]

[ 2017-03-10T15:46:31+08:00 ] ::1 /theguide0309/admin.php?s=/UserAction/index
INFO: [ app_init ] --START--
INFO: Run Behavior\BuildLiteBehavior [ RunTime:0.000026s ]
INFO: [ app_init ] --END-- [ RunTime:0.001147s ]
INFO: [ app_begin ] --START--
INFO: Run Behavior\ReadHtmlCacheBehavior [ RunTime:0.000913s ]
INFO: Run Behavior\CheckLangBehavior [ RunTime:0.001558s ]
INFO: [ app_begin ] --END-- [ RunTime:0.002574s ]
SQL: SHOW COLUMNS FROM `theguide_user_action` [ RunTime:0.0036s ]
SQL: SELECT COUNT(*) AS tp_count FROM `theguide_user_action` LIMIT 1   [ RunTime:0.0003s ]
SQL: SELECT * FROM `theguide_user_action` ORDER BY ua_id desc LIMIT 0,10   [ RunTime:0.0004s ]
INFO: [ view_parse ] --START--
INFO: [ template_filter ] --START--
INFO: Run Behavior\ContentReplaceBehavior [ RunTime:0.000086s ]
INFO: [ template_filter ] --END-- [ RunTime:0.000137s ]
SQL: SHOW COLUMNS FROM `theguide_menu` [ RunTime:0.0041s ]
SQL: SELECT * FROM `theguide_menu` ORDER BY sort_order  [ RunTime:0.0005s ]
INFO: [ view_parse ] --START--
INFO: [ template_filter ] --START--
INFO: Run Behavior\ContentReplaceBehavior [ RunTime:0.000048s ]
INFO: [ template_filter ] --END-- [ RunTime:-0.014289s ]
INFO: Run Behavior\ParseTemplateBehavior [ RunTime:0.005040s ]
INFO: [ view_parse ] --END-- [ RunTime:0.005099s ]
INFO: [ view_filter ] --START--
INFO: Run Behavior\WriteHtmlCacheBehavior [ RunTime:0.000742s ]
INFO: [ view_filter ] --END-- [ RunTime:0.000789s ]
INFO: Run Behavior\ParseTemplateBehavior [ RunTime:0.005976s ]
INFO: [ view_parse ] --END-- [ RunTime:0.005099s ]
INFO: [ view_filter ] --START--
INFO: Run Behavior\WriteHtmlCacheBehavior [ RunTime:0.000010s ]
INFO: [ view_filter ] --END-- [ RunTime:-0.000131s ]
INFO: [ app_end ] --START--
INFO: Run Behavior\ShowPageTraceBehavior [ RunTime:0.001213s ]
INFO: [ app_end ] --END-- [ RunTime:0.001278s ]

[ 2017-03-10T15:46:33+08:00 ] ::1 /theguide0309/admin.php?s=/AdminUser/index
INFO: [ app_init ] --START--
INFO: Run Behavior\BuildLiteBehavior [ RunTime:0.000015s ]
INFO: [ app_init ] --END-- [ RunTime:0.000729s ]
INFO: [ app_begin ] --START--
INFO: Run Behavior\ReadHtmlCacheBehavior [ RunTime:0.000990s ]
INFO: Run Behavior\CheckLangBehavior [ RunTime:0.001499s ]
INFO: [ app_begin ] --END-- [ RunTime:0.002594s ]
SQL: select * from theguide_admin  [ RunTime:0.0003s ]
SQL: select * from theguide_admin  order by a_id desc LIMIT 0,10 [ RunTime:0.0003s ]
INFO: [ view_parse ] --START--
INFO: [ template_filter ] --START--
INFO: Run Behavior\ContentReplaceBehavior [ RunTime:0.000095s ]
INFO: [ template_filter ] --END-- [ RunTime:0.000143s ]
SQL: SHOW COLUMNS FROM `theguide_menu` [ RunTime:0.0043s ]
SQL: SELECT * FROM `theguide_menu` ORDER BY sort_order  [ RunTime:0.0005s ]
INFO: [ view_parse ] --START--
INFO: [ template_filter ] --START--
INFO: Run Behavior\ContentReplaceBehavior [ RunTime:0.000044s ]
INFO: [ template_filter ] --END-- [ RunTime:-0.014510s ]
INFO: Run Behavior\ParseTemplateBehavior [ RunTime:0.004185s ]
INFO: [ view_parse ] --END-- [ RunTime:0.004243s ]
INFO: [ view_filter ] --START--
INFO: Run Behavior\WriteHtmlCacheBehavior [ RunTime:0.000766s ]
INFO: [ view_filter ] --END-- [ RunTime:0.000811s ]
INFO: Run Behavior\ParseTemplateBehavior [ RunTime:0.005292s ]
INFO: [ view_parse ] --END-- [ RunTime:0.004243s ]
INFO: [ view_filter ] --START--
INFO: Run Behavior\WriteHtmlCacheBehavior [ RunTime:0.000285s ]
INFO: [ view_filter ] --END-- [ RunTime:-0.000286s ]
INFO: [ app_end ] --START--
INFO: Run Behavior\ShowPageTraceBehavior [ RunTime:0.001780s ]
INFO: [ app_end ] --END-- [ RunTime:0.001913s ]

[ 2017-03-10T15:46:36+08:00 ] ::1 /theguide0309/admin.php?s=/member/index
INFO: [ app_init ] --START--
INFO: Run Behavior\BuildLiteBehavior [ RunTime:0.000016s ]
INFO: [ app_init ] --END-- [ RunTime:0.000710s ]
INFO: [ app_begin ] --START--
INFO: Run Behavior\ReadHtmlCacheBehavior [ RunTime:0.001055s ]
INFO: Run Behavior\CheckLangBehavior [ RunTime:0.001840s ]
INFO: [ app_begin ] --END-- [ RunTime:0.003010s ]
SQL: SHOW COLUMNS FROM `theguide_member` [ RunTime:0.0213s ]
SQL: select * from theguide_member where 1  [ RunTime:0.0004s ]
SQL: select * from theguide_member where 1  order by member_id desc LIMIT 0,10 [ RunTime:0.0005s ]
INFO: [ view_parse ] --START--
INFO: [ template_filter ] --START--
INFO: Run Behavior\ContentReplaceBehavior [ RunTime:0.000123s ]
INFO: [ template_filter ] --END-- [ RunTime:0.000190s ]
SQL: SHOW COLUMNS FROM `theguide_menu` [ RunTime:0.0041s ]
SQL: SELECT * FROM `theguide_menu` ORDER BY sort_order  [ RunTime:0.0005s ]
INFO: [ view_parse ] --START--
INFO: [ template_filter ] --START--
INFO: Run Behavior\ContentReplaceBehavior [ RunTime:0.000043s ]
INFO: [ template_filter ] --END-- [ RunTime:-0.013868s ]
INFO: Run Behavior\ParseTemplateBehavior [ RunTime:0.005459s ]
INFO: [ view_parse ] --END-- [ RunTime:0.005554s ]
INFO: [ view_filter ] --START--
INFO: Run Behavior\WriteHtmlCacheBehavior [ RunTime:0.001086s ]
INFO: [ view_filter ] --END-- [ RunTime:0.001149s ]
INFO: Run Behavior\ParseTemplateBehavior [ RunTime:0.006895s ]
INFO: [ view_parse ] --END-- [ RunTime:0.005554s ]
INFO: [ view_filter ] --START--
INFO: Run Behavior\WriteHtmlCacheBehavior [ RunTime:0.000010s ]
INFO: [ view_filter ] --END-- [ RunTime:-0.000223s ]
INFO: [ app_end ] --START--
INFO: Run Behavior\ShowPageTraceBehavior [ RunTime:0.001135s ]
INFO: [ app_end ] --END-- [ RunTime:0.001210s ]

[ 2017-03-10T15:47:04+08:00 ] ::1 /theguide0309/admin.php?s=/Member/add
INFO: [ app_init ] --START--
INFO: Run Behavior\BuildLiteBehavior [ RunTime:0.000013s ]
INFO: [ app_init ] --END-- [ RunTime:0.000652s ]
INFO: [ app_begin ] --START--
INFO: Run Behavior\ReadHtmlCacheBehavior [ RunTime:0.000957s ]
INFO: Run Behavior\CheckLangBehavior [ RunTime:0.001556s ]
INFO: [ app_begin ] --END-- [ RunTime:0.002606s ]
INFO: [ view_parse ] --START--
INFO: [ template_filter ] --START--
INFO: Run Behavior\ContentReplaceBehavior [ RunTime:0.000235s ]
INFO: [ template_filter ] --END-- [ RunTime:0.000289s ]
SQL: SHOW COLUMNS FROM `theguide_menu` [ RunTime:0.0201s ]
SQL: SELECT * FROM `theguide_menu` ORDER BY sort_order  [ RunTime:0.0005s ]
INFO: [ view_parse ] --START--
INFO: [ template_filter ] --START--
INFO: Run Behavior\ContentReplaceBehavior [ RunTime:0.000044s ]
INFO: [ template_filter ] --END-- [ RunTime:-0.048780s ]
INFO: Run Behavior\ParseTemplateBehavior [ RunTime:0.005198s ]
INFO: [ view_parse ] --END-- [ RunTime:0.005268s ]
INFO: [ view_filter ] --START--
INFO: Run Behavior\WriteHtmlCacheBehavior [ RunTime:0.000970s ]
INFO: [ view_filter ] --END-- [ RunTime:0.001054s ]
NOTIC: [8] Undefined variable: data D:\WWW\theguide0309\Runtime\Cache\Admin\ba7ed59affb9fbccb78b3532a35f5ea6.php 第 297 行.
NOTIC: [8] Undefined variable: data D:\WWW\theguide0309\Runtime\Cache\Admin\ba7ed59affb9fbccb78b3532a35f5ea6.php 第 299 行.
NOTIC: [8] Undefined variable: data D:\WWW\theguide0309\Runtime\Cache\Admin\ba7ed59affb9fbccb78b3532a35f5ea6.php 第 309 行.
NOTIC: [8] Undefined variable: data D:\WWW\theguide0309\Runtime\Cache\Admin\ba7ed59affb9fbccb78b3532a35f5ea6.php 第 311 行.
NOTIC: [8] Undefined variable: data D:\WWW\theguide0309\Runtime\Cache\Admin\ba7ed59affb9fbccb78b3532a35f5ea6.php 第 321 行.
NOTIC: [8] Undefined variable: data D:\WWW\theguide0309\Runtime\Cache\Admin\ba7ed59affb9fbccb78b3532a35f5ea6.php 第 323 行.
NOTIC: [8] Undefined variable: info D:\WWW\theguide0309\Runtime\Cache\Admin\ba7ed59affb9fbccb78b3532a35f5ea6.php 第 427 行.
NOTIC: [8] Undefined variable: action_url D:\WWW\theguide0309\Runtime\Cache\Admin\ba7ed59affb9fbccb78b3532a35f5ea6.php 第 437 行.
INFO: Run Behavior\ParseTemplateBehavior [ RunTime:0.006682s ]
INFO: [ view_parse ] --END-- [ RunTime:0.005268s ]
INFO: [ view_filter ] --START--
INFO: Run Behavior\WriteHtmlCacheBehavior [ RunTime:0.000012s ]
INFO: [ view_filter ] --END-- [ RunTime:-0.000416s ]
INFO: [ app_end ] --START--
INFO: Run Behavior\ShowPageTraceBehavior [ RunTime:0.001222s ]
INFO: [ app_end ] --END-- [ RunTime:0.001295s ]

[ 2017-03-10T15:47:21+08:00 ] ::1 /theguide0309/admin.php?s=/Code/index
INFO: [ app_init ] --START--
INFO: Run Behavior\BuildLiteBehavior [ RunTime:0.000015s ]
INFO: [ app_init ] --END-- [ RunTime:0.001234s ]
INFO: [ app_begin ] --START--
INFO: Run Behavior\ReadHtmlCacheBehavior [ RunTime:0.000918s ]
INFO: Run Behavior\CheckLangBehavior [ RunTime:0.001629s ]
INFO: [ app_begin ] --END-- [ RunTime:0.002646s ]
SQL: SHOW COLUMNS FROM `theguide_code` [ RunTime:0.0042s ]
SQL: SELECT COUNT(*) AS tp_count FROM `theguide_code` LIMIT 1   [ RunTime:0.0002s ]
SQL: SELECT * FROM `theguide_code` ORDER BY code_id desc LIMIT 0,10   [ RunTime:0.0003s ]
INFO: [ view_parse ] --START--
INFO: [ template_filter ] --START--
INFO: Run Behavior\ContentReplaceBehavior [ RunTime:0.000093s ]
INFO: [ template_filter ] --END-- [ RunTime:0.000152s ]
SQL: SHOW COLUMNS FROM `theguide_menu` [ RunTime:0.0045s ]
SQL: SELECT * FROM `theguide_menu` ORDER BY sort_order  [ RunTime:0.0005s ]
INFO: [ view_parse ] --START--
INFO: [ template_filter ] --START--
INFO: Run Behavior\ContentReplaceBehavior [ RunTime:0.000051s ]
INFO: [ template_filter ] --END-- [ RunTime:-0.014403s ]
INFO: Run Behavior\ParseTemplateBehavior [ RunTime:0.005301s ]
INFO: [ view_parse ] --END-- [ RunTime:0.005366s ]
INFO: [ view_filter ] --START--
INFO: Run Behavior\WriteHtmlCacheBehavior [ RunTime:0.000758s ]
INFO: [ view_filter ] --END-- [ RunTime:0.000808s ]
INFO: Run Behavior\ParseTemplateBehavior [ RunTime:0.006490s ]
INFO: [ view_parse ] --END-- [ RunTime:0.005366s ]
INFO: [ view_filter ] --START--
INFO: Run Behavior\WriteHtmlCacheBehavior [ RunTime:0.000009s ]
INFO: [ view_filter ] --END-- [ RunTime:-0.000362s ]
INFO: [ app_end ] --START--
INFO: Run Behavior\ShowPageTraceBehavior [ RunTime:0.000936s ]
INFO: [ app_end ] --END-- [ RunTime:0.000989s ]

[ 2017-03-10T15:47:25+08:00 ] ::1 /theguide0309/admin.php?s=/member/index
INFO: [ app_init ] --START--
INFO: Run Behavior\BuildLiteBehavior [ RunTime:0.000015s ]
INFO: [ app_init ] --END-- [ RunTime:0.000729s ]
INFO: [ app_begin ] --START--
INFO: Run Behavior\ReadHtmlCacheBehavior [ RunTime:0.001244s ]
INFO: Run Behavior\CheckLangBehavior [ RunTime:0.001803s ]
INFO: [ app_begin ] --END-- [ RunTime:0.003175s ]
SQL: SHOW COLUMNS FROM `theguide_member` [ RunTime:0.0204s ]
SQL: select * from theguide_member where 1  [ RunTime:0.0004s ]
SQL: select * from theguide_member where 1  order by member_id desc LIMIT 0,10 [ RunTime:0.0004s ]
INFO: [ view_parse ] --START--
INFO: [ template_filter ] --START--
INFO: Run Behavior\ContentReplaceBehavior [ RunTime:0.000130s ]
INFO: [ template_filter ] --END-- [ RunTime:0.000197s ]
SQL: SHOW COLUMNS FROM `theguide_menu` [ RunTime:0.0039s ]
SQL: SELECT * FROM `theguide_menu` ORDER BY sort_order  [ RunTime:0.0005s ]
INFO: [ view_parse ] --START--
INFO: [ template_filter ] --START--
INFO: Run Behavior\ContentReplaceBehavior [ RunTime:0.000052s ]
INFO: [ template_filter ] --END-- [ RunTime:-0.015393s ]
INFO: Run Behavior\ParseTemplateBehavior [ RunTime:0.004755s ]
INFO: [ view_parse ] --END-- [ RunTime:0.004826s ]
INFO: [ view_filter ] --START--
INFO: Run Behavior\WriteHtmlCacheBehavior [ RunTime:0.000744s ]
INFO: [ view_filter ] --END-- [ RunTime:0.000798s ]
INFO: Run Behavior\ParseTemplateBehavior [ RunTime:0.005822s ]
INFO: [ view_parse ] --END-- [ RunTime:0.004826s ]
INFO: [ view_filter ] --START--
INFO: Run Behavior\WriteHtmlCacheBehavior [ RunTime:0.000011s ]
INFO: [ view_filter ] --END-- [ RunTime:-0.000249s ]
INFO: [ app_end ] --START--
INFO: Run Behavior\ShowPageTraceBehavior [ RunTime:0.001096s ]
INFO: [ app_end ] --END-- [ RunTime:0.001161s ]

[ 2017-03-10T15:47:27+08:00 ] ::1 /theguide0309/admin.php?s=/Member/add
INFO: [ app_init ] --START--
INFO: Run Behavior\BuildLiteBehavior [ RunTime:0.000014s ]
INFO: [ app_init ] --END-- [ RunTime:0.000694s ]
INFO: [ app_begin ] --START--
INFO: Run Behavior\ReadHtmlCacheBehavior [ RunTime:0.000956s ]
INFO: Run Behavior\CheckLangBehavior [ RunTime:0.002161s ]
INFO: [ app_begin ] --END-- [ RunTime:0.003247s ]
INFO: [ view_parse ] --START--
INFO: [ template_filter ] --START--
INFO: Run Behavior\ContentReplaceBehavior [ RunTime:0.000167s ]
INFO: [ template_filter ] --END-- [ RunTime:0.000223s ]
SQL: SHOW COLUMNS FROM `theguide_menu` [ RunTime:0.0207s ]
SQL: SELECT * FROM `theguide_menu` ORDER BY sort_order  [ RunTime:0.0006s ]
INFO: [ view_parse ] --START--
INFO: [ template_filter ] --START--
INFO: Run Behavior\ContentReplaceBehavior [ RunTime:0.000044s ]
INFO: [ template_filter ] --END-- [ RunTime:-0.051892s ]
INFO: Run Behavior\ParseTemplateBehavior [ RunTime:0.004349s ]
INFO: [ view_parse ] --END-- [ RunTime:0.004406s ]
INFO: [ view_filter ] --START--
INFO: Run Behavior\WriteHtmlCacheBehavior [ RunTime:0.000747s ]
INFO: [ view_filter ] --END-- [ RunTime:0.000792s ]
NOTIC: [8] Undefined variable: data D:\WWW\theguide0309\Runtime\Cache\Admin\ba7ed59affb9fbccb78b3532a35f5ea6.php 第 297 行.
NOTIC: [8] Undefined variable: data D:\WWW\theguide0309\Runtime\Cache\Admin\ba7ed59affb9fbccb78b3532a35f5ea6.php 第 299 行.
NOTIC: [8] Undefined variable: data D:\WWW\theguide0309\Runtime\Cache\Admin\ba7ed59affb9fbccb78b3532a35f5ea6.php 第 309 行.
NOTIC: [8] Undefined variable: data D:\WWW\theguide0309\Runtime\Cache\Admin\ba7ed59affb9fbccb78b3532a35f5ea6.php 第 311 行.
NOTIC: [8] Undefined variable: data D:\WWW\theguide0309\Runtime\Cache\Admin\ba7ed59affb9fbccb78b3532a35f5ea6.php 第 321 行.
NOTIC: [8] Undefined variable: data D:\WWW\theguide0309\Runtime\Cache\Admin\ba7ed59affb9fbccb78b3532a35f5ea6.php 第 323 行.
NOTIC: [8] Undefined variable: info D:\WWW\theguide0309\Runtime\Cache\Admin\ba7ed59affb9fbccb78b3532a35f5ea6.php 第 427 行.
NOTIC: [8] Undefined variable: action_url D:\WWW\theguide0309\Runtime\Cache\Admin\ba7ed59affb9fbccb78b3532a35f5ea6.php 第 437 行.
INFO: Run Behavior\ParseTemplateBehavior [ RunTime:0.005435s ]
INFO: [ view_parse ] --END-- [ RunTime:0.004406s ]
INFO: [ view_filter ] --START--
INFO: Run Behavior\WriteHtmlCacheBehavior [ RunTime:0.000009s ]
INFO: [ view_filter ] --END-- [ RunTime:-0.000283s ]
INFO: [ app_end ] --START--
INFO: Run Behavior\ShowPageTraceBehavior [ RunTime:0.001052s ]
INFO: [ app_end ] --END-- [ RunTime:0.001104s ]

[ 2017-03-10T15:47:37+08:00 ] ::1 /theguide0309/admin.php?s=/Member/add
INFO: [ app_init ] --START--
INFO: Run Behavior\BuildLiteBehavior [ RunTime:0.000066s ]
INFO: [ app_init ] --END-- [ RunTime:0.000766s ]
INFO: [ app_begin ] --START--
INFO: Run Behavior\ReadHtmlCacheBehavior [ RunTime:0.000848s ]
INFO: Run Behavior\CheckLangBehavior [ RunTime:0.001720s ]
INFO: [ app_begin ] --END-- [ RunTime:0.002665s ]
SQL: SHOW COLUMNS FROM `theguide_code` [ RunTime:0.0036s ]
SQL: SHOW COLUMNS FROM `theguide_member` [ RunTime:0.0037s ]
SQL: SELECT * FROM `theguide_member` WHERE `uname` = 'senmons' LIMIT 1   [ RunTime:0.0003s ]
SQL: SELECT * FROM `theguide_member` WHERE `email` = '421932286@qq.com' LIMIT 1   [ RunTime:0.0003s ]
SQL: SELECT * FROM `theguide_member` WHERE `invite_code` = '886' LIMIT 1   [ RunTime:0.0003s ]
SQL: SELECT * FROM `theguide_code` WHERE `code` = '886' LIMIT 1   [ RunTime:0.0003s ]
SQL: UPDATE `theguide_code` SET `lv`='1',`code`='886',`state`='1',`content`='' WHERE `code_id` = 24 [ RunTime:0.0019s ]
NOTIC: [8] Undefined offset: 1 D:\WWW\theguide0309\Modules\Admin\Model\MemberModel.class.php 第 180 行.
NOTIC: [8] Undefined offset: 1 D:\WWW\theguide0309\Modules\Admin\Model\MemberModel.class.php 第 185 行.
NOTIC: [8] Undefined offset: 1 D:\WWW\theguide0309\Modules\Admin\Model\MemberModel.class.php 第 190 行.
SQL: SELECT * FROM `theguide_member` WHERE `invite_code` = '' LIMIT 1   [ RunTime:0.0007s ]
NOTIC: [8] Undefined variable: error D:\WWW\theguide0309\Modules\Admin\Model\MemberModel.class.php 第 204 行.
SQL: SHOW COLUMNS FROM `theguide_member` [ RunTime:0.0041s ]
SQL: INSERT INTO `theguide_member` (`uname`,`pwd`,`email`,`telephone`,`invite_code`,`referee_code`,`name`,`id_card`,`loc_province`,`loc_city`,`loc_town`,`address`,`idcadeimage1`,`idcadeimage2`,`addressimage`,`lv`,`addressall`,`create_time`,`status`) VALUES ('senmons','MDAwMDAwMDAwMIJ9mpaAepxn','421932286@qq.com','','886','','','','省份','地级市','市、县、区','','','','','1','省份地级市市、县、区','1489132057','1') [ RunTime:0.0019s ]
INFO: [ view_parse ] --START--
INFO: [ template_filter ] --START--
INFO: Run Behavior\ContentReplaceBehavior [ RunTime:0.000051s ]
INFO: [ template_filter ] --END-- [ RunTime:0.000102s ]
INFO: Run Behavior\ParseTemplateBehavior [ RunTime:0.007684s ]
INFO: [ view_parse ] --END-- [ RunTime:0.007763s ]
INFO: [ view_filter ] --START--
INFO: Run Behavior\WriteHtmlCacheBehavior [ RunTime:0.000805s ]
INFO: [ view_filter ] --END-- [ RunTime:0.000853s ]

[ 2017-03-10T15:47:38+08:00 ] ::1 /theguide0309/admin.php?s=/Member/index
INFO: [ app_init ] --START--
INFO: Run Behavior\BuildLiteBehavior [ RunTime:0.000015s ]
INFO: [ app_init ] --END-- [ RunTime:0.000727s ]
INFO: [ app_begin ] --START--
INFO: Run Behavior\ReadHtmlCacheBehavior [ RunTime:0.001052s ]
INFO: Run Behavior\CheckLangBehavior [ RunTime:0.001738s ]
INFO: [ app_begin ] --END-- [ RunTime:0.002912s ]
SQL: SHOW COLUMNS FROM `theguide_member` [ RunTime:0.0041s ]
SQL: select * from theguide_member where 1  [ RunTime:0.0004s ]
SQL: select * from theguide_member where 1  order by member_id desc LIMIT 0,10 [ RunTime:0.0004s ]
SQL: SELECT COUNT(*) AS tp_count FROM `theguide_member` WHERE `pid` = 151 OR `sid` = 151 LIMIT 1   [ RunTime:0.0003s ]
INFO: [ view_parse ] --START--
INFO: [ template_filter ] --START--
INFO: Run Behavior\ContentReplaceBehavior [ RunTime:0.000105s ]
INFO: [ template_filter ] --END-- [ RunTime:0.000161s ]
SQL: SHOW COLUMNS FROM `theguide_menu` [ RunTime:0.0049s ]
SQL: SELECT * FROM `theguide_menu` ORDER BY sort_order  [ RunTime:0.0007s ]
INFO: [ view_parse ] --START--
INFO: [ template_filter ] --START--
INFO: Run Behavior\ContentReplaceBehavior [ RunTime:0.000045s ]
INFO: [ template_filter ] --END-- [ RunTime:-0.015459s ]
INFO: Run Behavior\ParseTemplateBehavior [ RunTime:0.004248s ]
INFO: [ view_parse ] --END-- [ RunTime:0.004307s ]
INFO: [ view_filter ] --START--
INFO: Run Behavior\WriteHtmlCacheBehavior [ RunTime:0.000731s ]
INFO: [ view_filter ] --END-- [ RunTime:0.000775s ]
NOTIC: [8] Undefined index: num D:\WWW\theguide0309\Runtime\Cache\Admin\316be533e8b7772c98e865fb1f158ff5.php 第 227 行.
INFO: Run Behavior\ParseTemplateBehavior [ RunTime:0.005392s ]
INFO: [ view_parse ] --END-- [ RunTime:0.004307s ]
INFO: [ view_filter ] --START--
INFO: Run Behavior\WriteHtmlCacheBehavior [ RunTime:0.000010s ]
INFO: [ view_filter ] --END-- [ RunTime:-0.000355s ]
INFO: [ app_end ] --START--
INFO: Run Behavior\ShowPageTraceBehavior [ RunTime:0.001041s ]
INFO: [ app_end ] --END-- [ RunTime:0.001105s ]

[ 2017-03-10T15:52:31+08:00 ] ::1 /theguide0309/admin.php?s=/Order/index
INFO: [ app_init ] --START--
INFO: Run Behavior\BuildLiteBehavior [ RunTime:0.000013s ]
INFO: [ app_init ] --END-- [ RunTime:0.000635s ]
INFO: [ app_begin ] --START--
INFO: Run Behavior\ReadHtmlCacheBehavior [ RunTime:0.001468s ]
INFO: Run Behavior\CheckLangBehavior [ RunTime:0.002431s ]
INFO: [ app_begin ] --END-- [ RunTime:0.004063s ]
SQL: SELECT o.order_id,o.order_num_alias,o.total,o.ip_region,o.payment_code,o.shipping_method,o.date_added,o.date_modified,m.uname,os.order_status_id,os.name FROM theguide_order o,theguide_member m,theguide_order_status os WHERE o.member_id=m.member_id AND o.order_status_id=os.order_status_id  [ RunTime:0.0005s ]
SQL: SELECT o.order_id,o.order_num_alias,o.total,o.ip_region,o.payment_code,o.shipping_method,o.date_added,o.date_modified,m.uname,os.order_status_id,os.name FROM theguide_order o,theguide_member m,theguide_order_status os WHERE o.member_id=m.member_id AND o.order_status_id=os.order_status_id  ORDER BY o.order_id DESC LIMIT 0,10 [ RunTime:0.0004s ]
SQL: SHOW COLUMNS FROM `theguide_order_status` [ RunTime:0.0047s ]
SQL: SELECT * FROM `theguide_order_status`  [ RunTime:0.0003s ]
INFO: [ view_parse ] --START--
INFO: [ template_filter ] --START--
INFO: Run Behavior\ContentReplaceBehavior [ RunTime:0.000100s ]
INFO: [ template_filter ] --END-- [ RunTime:0.000146s ]
SQL: SHOW COLUMNS FROM `theguide_menu` [ RunTime:0.0045s ]
SQL: SELECT * FROM `theguide_menu` ORDER BY sort_order  [ RunTime:0.0005s ]
INFO: [ view_parse ] --START--
INFO: [ template_filter ] --START--
INFO: Run Behavior\ContentReplaceBehavior [ RunTime:0.000043s ]
INFO: [ template_filter ] --END-- [ RunTime:-0.013655s ]
INFO: Run Behavior\ParseTemplateBehavior [ RunTime:0.004551s ]
INFO: [ view_parse ] --END-- [ RunTime:0.004606s ]
INFO: [ view_filter ] --START--
INFO: Run Behavior\WriteHtmlCacheBehavior [ RunTime:0.000820s ]
INFO: [ view_filter ] --END-- [ RunTime:0.000865s ]
INFO: Run Behavior\ParseTemplateBehavior [ RunTime:0.005604s ]
INFO: [ view_parse ] --END-- [ RunTime:0.004606s ]
INFO: [ view_filter ] --START--
INFO: Run Behavior\WriteHtmlCacheBehavior [ RunTime:0.000009s ]
INFO: [ view_filter ] --END-- [ RunTime:-0.000173s ]
INFO: [ app_end ] --START--
INFO: Run Behavior\ShowPageTraceBehavior [ RunTime:0.001732s ]
INFO: [ app_end ] --END-- [ RunTime:0.001810s ]

[ 2017-03-10T15:52:33+08:00 ] ::1 /theguide0309/admin.php?s=/OrderStatus/index
INFO: [ app_init ] --START--
INFO: Run Behavior\BuildLiteBehavior [ RunTime:0.000015s ]
INFO: [ app_init ] --END-- [ RunTime:0.000694s ]
INFO: [ app_begin ] --START--
INFO: Run Behavior\ReadHtmlCacheBehavior [ RunTime:0.000764s ]
INFO: Run Behavior\CheckLangBehavior [ RunTime:0.001430s ]
INFO: [ app_begin ] --END-- [ RunTime:0.002283s ]
SQL: SHOW COLUMNS FROM `theguide_order_status` [ RunTime:0.0198s ]
SQL: SELECT COUNT(*) AS tp_count FROM `theguide_order_status` LIMIT 1   [ RunTime:0.0002s ]
SQL: SELECT * FROM `theguide_order_status` ORDER BY order_status_id desc LIMIT 0,10   [ RunTime:0.0002s ]
INFO: [ view_parse ] --START--
INFO: [ template_filter ] --START--
INFO: Run Behavior\ContentReplaceBehavior [ RunTime:0.000083s ]
INFO: [ template_filter ] --END-- [ RunTime:0.000131s ]
SQL: SHOW COLUMNS FROM `theguide_menu` [ RunTime:0.0043s ]
SQL: SELECT * FROM `theguide_menu` ORDER BY sort_order  [ RunTime:0.0006s ]
INFO: [ view_parse ] --START--
INFO: [ template_filter ] --START--
INFO: Run Behavior\ContentReplaceBehavior [ RunTime:0.000068s ]
INFO: [ template_filter ] --END-- [ RunTime:-0.014844s ]
INFO: Run Behavior\ParseTemplateBehavior [ RunTime:0.004761s ]
INFO: [ view_parse ] --END-- [ RunTime:0.004831s ]
INFO: [ view_filter ] --START--
INFO: Run Behavior\WriteHtmlCacheBehavior [ RunTime:0.000693s ]
INFO: [ view_filter ] --END-- [ RunTime:0.000743s ]
INFO: Run Behavior\ParseTemplateBehavior [ RunTime:0.005965s ]
INFO: [ view_parse ] --END-- [ RunTime:0.004831s ]
INFO: [ view_filter ] --START--
INFO: Run Behavior\WriteHtmlCacheBehavior [ RunTime:0.000010s ]
INFO: [ view_filter ] --END-- [ RunTime:-0.000439s ]
INFO: [ app_end ] --START--
INFO: Run Behavior\ShowPageTraceBehavior [ RunTime:0.000940s ]
INFO: [ app_end ] --END-- [ RunTime:0.001021s ]

[ 2017-03-10T15:52:34+08:00 ] ::1 /theguide0309/admin.php?s=/Order/index
INFO: [ app_init ] --START--
INFO: Run Behavior\BuildLiteBehavior [ RunTime:0.000015s ]
INFO: [ app_init ] --END-- [ RunTime:0.000657s ]
INFO: [ app_begin ] --START--
INFO: Run Behavior\ReadHtmlCacheBehavior [ RunTime:0.000999s ]
INFO: Run Behavior\CheckLangBehavior [ RunTime:0.001933s ]
INFO: [ app_begin ] --END-- [ RunTime:0.003038s ]
SQL: SELECT o.order_id,o.order_num_alias,o.total,o.ip_region,o.payment_code,o.shipping_method,o.date_added,o.date_modified,m.uname,os.order_status_id,os.name FROM theguide_order o,theguide_member m,theguide_order_status os WHERE o.member_id=m.member_id AND o.order_status_id=os.order_status_id  [ RunTime:0.0005s ]
SQL: SELECT o.order_id,o.order_num_alias,o.total,o.ip_region,o.payment_code,o.shipping_method,o.date_added,o.date_modified,m.uname,os.order_status_id,os.name FROM theguide_order o,theguide_member m,theguide_order_status os WHERE o.member_id=m.member_id AND o.order_status_id=os.order_status_id  ORDER BY o.order_id DESC LIMIT 0,10 [ RunTime:0.0005s ]
SQL: SHOW COLUMNS FROM `theguide_order_status` [ RunTime:0.0038s ]
SQL: SELECT * FROM `theguide_order_status`  [ RunTime:0.0003s ]
INFO: [ view_parse ] --START--
INFO: [ template_filter ] --START--
INFO: Run Behavior\ContentReplaceBehavior [ RunTime:0.000105s ]
INFO: [ template_filter ] --END-- [ RunTime:0.000155s ]
SQL: SHOW COLUMNS FROM `theguide_menu` [ RunTime:0.0041s ]
SQL: SELECT * FROM `theguide_menu` ORDER BY sort_order  [ RunTime:0.0005s ]
INFO: [ view_parse ] --START--
INFO: [ template_filter ] --START--
INFO: Run Behavior\ContentReplaceBehavior [ RunTime:0.000044s ]
INFO: [ template_filter ] --END-- [ RunTime:-0.013388s ]
INFO: Run Behavior\ParseTemplateBehavior [ RunTime:0.004427s ]
INFO: [ view_parse ] --END-- [ RunTime:0.004526s ]
INFO: [ view_filter ] --START--
INFO: Run Behavior\WriteHtmlCacheBehavior [ RunTime:0.000753s ]
INFO: [ view_filter ] --END-- [ RunTime:0.000838s ]
INFO: Run Behavior\ParseTemplateBehavior [ RunTime:0.005620s ]
INFO: [ view_parse ] --END-- [ RunTime:0.004526s ]
INFO: [ view_filter ] --START--
INFO: Run Behavior\WriteHtmlCacheBehavior [ RunTime:0.000023s ]
INFO: [ view_filter ] --END-- [ RunTime:-0.000283s ]
INFO: [ app_end ] --START--
INFO: Run Behavior\ShowPageTraceBehavior [ RunTime:0.000982s ]
INFO: [ app_end ] --END-- [ RunTime:0.001037s ]

[ 2017-03-10T15:53:01+08:00 ] ::1 /theguide0309/admin.php?s=/Order/index
INFO: [ app_init ] --START--
INFO: Run Behavior\BuildLiteBehavior [ RunTime:0.000014s ]
INFO: [ app_init ] --END-- [ RunTime:0.000657s ]
INFO: [ app_begin ] --START--
INFO: Run Behavior\ReadHtmlCacheBehavior [ RunTime:0.001051s ]
INFO: Run Behavior\CheckLangBehavior [ RunTime:0.001897s ]
INFO: [ app_begin ] --END-- [ RunTime:0.003063s ]
SQL: SELECT o.order_id,o.order_num_alias,o.total,o.ip_region,o.payment_code,o.shipping_method,o.date_added,o.date_modified,m.uname,os.order_status_id,os.name FROM theguide_order o,theguide_member m,theguide_order_status os WHERE o.member_id=m.member_id AND o.order_status_id=os.order_status_id  [ RunTime:0.0008s ]
SQL: SELECT o.order_id,o.order_num_alias,o.total,o.ip_region,o.payment_code,o.shipping_method,o.date_added,o.date_modified,m.uname,os.order_status_id,os.name FROM theguide_order o,theguide_member m,theguide_order_status os WHERE o.member_id=m.member_id AND o.order_status_id=os.order_status_id  ORDER BY o.order_id DESC LIMIT 0,10 [ RunTime:0.0004s ]
SQL: SHOW COLUMNS FROM `theguide_order_status` [ RunTime:0.0041s ]
SQL: SELECT * FROM `theguide_order_status`  [ RunTime:0.0003s ]
INFO: [ view_parse ] --START--
INFO: [ template_filter ] --START--
INFO: Run Behavior\ContentReplaceBehavior [ RunTime:0.000105s ]
INFO: [ template_filter ] --END-- [ RunTime:0.000153s ]
SQL: SHOW COLUMNS FROM `theguide_menu` [ RunTime:0.0036s ]
SQL: SELECT * FROM `theguide_menu` ORDER BY sort_order  [ RunTime:0.0004s ]
INFO: [ view_parse ] --START--
INFO: [ template_filter ] --START--
INFO: Run Behavior\ContentReplaceBehavior [ RunTime:0.000043s ]
INFO: [ template_filter ] --END-- [ RunTime:-0.012648s ]
INFO: Run Behavior\ParseTemplateBehavior [ RunTime:0.004186s ]
INFO: [ view_parse ] --END-- [ RunTime:0.004241s ]
INFO: [ view_filter ] --START--
INFO: Run Behavior\WriteHtmlCacheBehavior [ RunTime:0.000759s ]
INFO: [ view_filter ] --END-- [ RunTime:0.000804s ]
INFO: Run Behavior\ParseTemplateBehavior [ RunTime:0.005177s ]
INFO: [ view_parse ] --END-- [ RunTime:0.004241s ]
INFO: [ view_filter ] --START--
INFO: Run Behavior\WriteHtmlCacheBehavior [ RunTime:0.000009s ]
INFO: [ view_filter ] --END-- [ RunTime:-0.000172s ]
INFO: [ app_end ] --START--
INFO: Run Behavior\ShowPageTraceBehavior [ RunTime:0.001198s ]
INFO: [ app_end ] --END-- [ RunTime:0.001251s ]

[ 2017-03-10T15:53:02+08:00 ] ::1 /theguide0309/admin.php?s=/Order/index
INFO: [ app_init ] --START--
INFO: Run Behavior\BuildLiteBehavior [ RunTime:0.000015s ]
INFO: [ app_init ] --END-- [ RunTime:0.000687s ]
INFO: [ app_begin ] --START--
INFO: Run Behavior\ReadHtmlCacheBehavior [ RunTime:0.000896s ]
INFO: Run Behavior\CheckLangBehavior [ RunTime:0.001678s ]
INFO: [ app_begin ] --END-- [ RunTime:0.002679s ]
SQL: SELECT o.order_id,o.order_num_alias,o.total,o.ip_region,o.payment_code,o.shipping_method,o.date_added,o.date_modified,m.uname,os.order_status_id,os.name FROM theguide_order o,theguide_member m,theguide_order_status os WHERE o.member_id=m.member_id AND o.order_status_id=os.order_status_id  [ RunTime:0.0004s ]
SQL: SELECT o.order_id,o.order_num_alias,o.total,o.ip_region,o.payment_code,o.shipping_method,o.date_added,o.date_modified,m.uname,os.order_status_id,os.name FROM theguide_order o,theguide_member m,theguide_order_status os WHERE o.member_id=m.member_id AND o.order_status_id=os.order_status_id  ORDER BY o.order_id DESC LIMIT 0,10 [ RunTime:0.0003s ]
SQL: SHOW COLUMNS FROM `theguide_order_status` [ RunTime:0.0213s ]
SQL: SELECT * FROM `theguide_order_status`  [ RunTime:0.0003s ]
INFO: [ view_parse ] --START--
INFO: [ template_filter ] --START--
INFO: Run Behavior\ContentReplaceBehavior [ RunTime:0.000104s ]
INFO: [ template_filter ] --END-- [ RunTime:0.000155s ]
SQL: SHOW COLUMNS FROM `theguide_menu` [ RunTime:0.0045s ]
SQL: SELECT * FROM `theguide_menu` ORDER BY sort_order  [ RunTime:0.0005s ]
INFO: [ view_parse ] --START--
INFO: [ template_filter ] --START--
INFO: Run Behavior\ContentReplaceBehavior [ RunTime:0.000088s ]
INFO: [ template_filter ] --END-- [ RunTime:-0.013995s ]
INFO: Run Behavior\ParseTemplateBehavior [ RunTime:0.005388s ]
INFO: [ view_parse ] --END-- [ RunTime:0.005446s ]
INFO: [ view_filter ] --START--
INFO: Run Behavior\WriteHtmlCacheBehavior [ RunTime:0.000598s ]
INFO: [ view_filter ] --END-- [ RunTime:0.000643s ]
INFO: Run Behavior\ParseTemplateBehavior [ RunTime:0.006241s ]
INFO: [ view_parse ] --END-- [ RunTime:0.005446s ]
INFO: [ view_filter ] --START--
INFO: Run Behavior\WriteHtmlCacheBehavior [ RunTime:0.000010s ]
INFO: [ view_filter ] --END-- [ RunTime:-0.000177s ]
INFO: [ app_end ] --START--
INFO: Run Behavior\ShowPageTraceBehavior [ RunTime:0.001059s ]
INFO: [ app_end ] --END-- [ RunTime:0.001115s ]

[ 2017-03-10T15:53:02+08:00 ] ::1 /theguide0309/admin.php?s=/OrderStatus/index
INFO: [ app_init ] --START--
INFO: Run Behavior\BuildLiteBehavior [ RunTime:0.000022s ]
INFO: [ app_init ] --END-- [ RunTime:0.000679s ]
INFO: [ app_begin ] --START--
INFO: Run Behavior\ReadHtmlCacheBehavior [ RunTime:0.001143s ]
INFO: Run Behavior\CheckLangBehavior [ RunTime:0.001702s ]
INFO: [ app_begin ] --END-- [ RunTime:0.002955s ]
SQL: SHOW COLUMNS FROM `theguide_order_status` [ RunTime:0.0202s ]
SQL: SELECT COUNT(*) AS tp_count FROM `theguide_order_status` LIMIT 1   [ RunTime:0.0003s ]
SQL: SELECT * FROM `theguide_order_status` ORDER BY order_status_id desc LIMIT 0,10   [ RunTime:0.0002s ]
INFO: [ view_parse ] --START--
INFO: [ template_filter ] --START--
INFO: Run Behavior\ContentReplaceBehavior [ RunTime:0.000085s ]
INFO: [ template_filter ] --END-- [ RunTime:0.000135s ]
SQL: SHOW COLUMNS FROM `theguide_menu` [ RunTime:0.0047s ]
SQL: SELECT * FROM `theguide_menu` ORDER BY sort_order  [ RunTime:0.0007s ]
INFO: [ view_parse ] --START--
INFO: [ template_filter ] --START--
INFO: Run Behavior\ContentReplaceBehavior [ RunTime:0.000044s ]
INFO: [ template_filter ] --END-- [ RunTime:-0.014118s ]
INFO: Run Behavior\ParseTemplateBehavior [ RunTime:0.005212s ]
INFO: [ view_parse ] --END-- [ RunTime:0.005330s ]
INFO: [ view_filter ] --START--
INFO: Run Behavior\WriteHtmlCacheBehavior [ RunTime:0.000848s ]
INFO: [ view_filter ] --END-- [ RunTime:0.000922s ]
INFO: Run Behavior\ParseTemplateBehavior [ RunTime:0.006650s ]
INFO: [ view_parse ] --END-- [ RunTime:0.005330s ]
INFO: [ view_filter ] --START--
INFO: Run Behavior\WriteHtmlCacheBehavior [ RunTime:0.000009s ]
INFO: [ view_filter ] --END-- [ RunTime:-0.000459s ]
INFO: [ app_end ] --START--
INFO: Run Behavior\ShowPageTraceBehavior [ RunTime:0.001051s ]
INFO: [ app_end ] --END-- [ RunTime:0.001105s ]

[ 2017-03-10T15:53:03+08:00 ] ::1 /theguide0309/admin.php?s=/Order/index
INFO: [ app_init ] --START--
INFO: Run Behavior\BuildLiteBehavior [ RunTime:0.000013s ]
INFO: [ app_init ] --END-- [ RunTime:0.000593s ]
INFO: [ app_begin ] --START--
INFO: Run Behavior\ReadHtmlCacheBehavior [ RunTime:0.000873s ]
INFO: Run Behavior\CheckLangBehavior [ RunTime:0.001615s ]
INFO: [ app_begin ] --END-- [ RunTime:0.002578s ]
SQL: SELECT o.order_id,o.order_num_alias,o.total,o.ip_region,o.payment_code,o.shipping_method,o.date_added,o.date_modified,m.uname,os.order_status_id,os.name FROM theguide_order o,theguide_member m,theguide_order_status os WHERE o.member_id=m.member_id AND o.order_status_id=os.order_status_id  [ RunTime:0.0004s ]
SQL: SELECT o.order_id,o.order_num_alias,o.total,o.ip_region,o.payment_code,o.shipping_method,o.date_added,o.date_modified,m.uname,os.order_status_id,os.name FROM theguide_order o,theguide_member m,theguide_order_status os WHERE o.member_id=m.member_id AND o.order_status_id=os.order_status_id  ORDER BY o.order_id DESC LIMIT 0,10 [ RunTime:0.0003s ]
SQL: SHOW COLUMNS FROM `theguide_order_status` [ RunTime:0.0038s ]
SQL: SELECT * FROM `theguide_order_status`  [ RunTime:0.0003s ]
INFO: [ view_parse ] --START--
INFO: [ template_filter ] --START--
INFO: Run Behavior\ContentReplaceBehavior [ RunTime:0.000101s ]
INFO: [ template_filter ] --END-- [ RunTime:0.000154s ]
SQL: SHOW COLUMNS FROM `theguide_menu` [ RunTime:0.0041s ]
SQL: SELECT * FROM `theguide_menu` ORDER BY sort_order  [ RunTime:0.0005s ]
INFO: [ view_parse ] --START--
INFO: [ template_filter ] --START--
INFO: Run Behavior\ContentReplaceBehavior [ RunTime:0.000086s ]
INFO: [ template_filter ] --END-- [ RunTime:-0.013815s ]
INFO: Run Behavior\ParseTemplateBehavior [ RunTime:0.005235s ]
INFO: [ view_parse ] --END-- [ RunTime:0.005293s ]
INFO: [ view_filter ] --START--
INFO: Run Behavior\WriteHtmlCacheBehavior [ RunTime:0.000647s ]
INFO: [ view_filter ] --END-- [ RunTime:0.000692s ]
INFO: Run Behavior\ParseTemplateBehavior [ RunTime:0.006119s ]
INFO: [ view_parse ] --END-- [ RunTime:0.005293s ]
INFO: [ view_filter ] --START--
INFO: Run Behavior\WriteHtmlCacheBehavior [ RunTime:0.000010s ]
INFO: [ view_filter ] --END-- [ RunTime:-0.000175s ]
INFO: [ app_end ] --START--
INFO: Run Behavior\ShowPageTraceBehavior [ RunTime:0.001124s ]
INFO: [ app_end ] --END-- [ RunTime:0.001202s ]

[ 2017-03-10T15:54:21+08:00 ] ::1 /theguide0309/admin.php?s=/OrderStatus/index
INFO: [ app_init ] --START--
INFO: Run Behavior\BuildLiteBehavior [ RunTime:0.000014s ]
INFO: [ app_init ] --END-- [ RunTime:0.000582s ]
INFO: [ app_begin ] --START--
INFO: Run Behavior\ReadHtmlCacheBehavior [ RunTime:0.001106s ]
INFO: Run Behavior\CheckLangBehavior [ RunTime:0.001923s ]
INFO: [ app_begin ] --END-- [ RunTime:0.003160s ]
SQL: SHOW COLUMNS FROM `theguide_order_status` [ RunTime:0.0199s ]
SQL: SELECT COUNT(*) AS tp_count FROM `theguide_order_status` LIMIT 1   [ RunTime:0.0003s ]
SQL: SELECT * FROM `theguide_order_status` ORDER BY order_status_id desc LIMIT 0,10   [ RunTime:0.0003s ]
INFO: [ view_parse ] --START--
INFO: [ template_filter ] --START--
INFO: Run Behavior\ContentReplaceBehavior [ RunTime:0.000087s ]
INFO: [ template_filter ] --END-- [ RunTime:0.000142s ]
SQL: SHOW COLUMNS FROM `theguide_menu` [ RunTime:0.0045s ]
SQL: SELECT * FROM `theguide_menu` ORDER BY sort_order  [ RunTime:0.0006s ]
INFO: [ view_parse ] --START--
INFO: [ template_filter ] --START--
INFO: Run Behavior\ContentReplaceBehavior [ RunTime:0.000046s ]
INFO: [ template_filter ] --END-- [ RunTime:-0.013792s ]
INFO: Run Behavior\ParseTemplateBehavior [ RunTime:0.004569s ]
INFO: [ view_parse ] --END-- [ RunTime:0.004639s ]
INFO: [ view_filter ] --START--
INFO: Run Behavior\WriteHtmlCacheBehavior [ RunTime:0.000929s ]
INFO: [ view_filter ] --END-- [ RunTime:0.000976s ]
INFO: Run Behavior\ParseTemplateBehavior [ RunTime:0.005966s ]
INFO: [ view_parse ] --END-- [ RunTime:0.004639s ]
INFO: [ view_filter ] --START--
INFO: Run Behavior\WriteHtmlCacheBehavior [ RunTime:0.000010s ]
INFO: [ view_filter ] --END-- [ RunTime:-0.000409s ]
INFO: [ app_end ] --START--
INFO: Run Behavior\ShowPageTraceBehavior [ RunTime:0.001081s ]
INFO: [ app_end ] --END-- [ RunTime:0.001152s ]

[ 2017-03-10T15:54:23+08:00 ] ::1 /theguide0309/admin.php?s=/Order/index
INFO: [ app_init ] --START--
INFO: Run Behavior\BuildLiteBehavior [ RunTime:0.000016s ]
INFO: [ app_init ] --END-- [ RunTime:0.000660s ]
INFO: [ app_begin ] --START--
INFO: Run Behavior\ReadHtmlCacheBehavior [ RunTime:0.001082s ]
INFO: Run Behavior\CheckLangBehavior [ RunTime:0.002137s ]
INFO: [ app_begin ] --END-- [ RunTime:0.003332s ]
SQL: SELECT o.order_id,o.order_num_alias,o.total,o.ip_region,o.payment_code,o.shipping_method,o.date_added,o.date_modified,m.uname,os.order_status_id,os.name FROM theguide_order o,theguide_member m,theguide_order_status os WHERE o.member_id=m.member_id AND o.order_status_id=os.order_status_id  [ RunTime:0.0006s ]
SQL: SELECT o.order_id,o.order_num_alias,o.total,o.ip_region,o.payment_code,o.shipping_method,o.date_added,o.date_modified,m.uname,os.order_status_id,os.name FROM theguide_order o,theguide_member m,theguide_order_status os WHERE o.member_id=m.member_id AND o.order_status_id=os.order_status_id  ORDER BY o.order_id DESC LIMIT 0,10 [ RunTime:0.0005s ]
SQL: SHOW COLUMNS FROM `theguide_order_status` [ RunTime:0.0045s ]
SQL: SELECT * FROM `theguide_order_status`  [ RunTime:0.0003s ]
INFO: [ view_parse ] --START--
INFO: [ template_filter ] --START--
INFO: Run Behavior\ContentReplaceBehavior [ RunTime:0.000135s ]
INFO: [ template_filter ] --END-- [ RunTime:0.000190s ]
SQL: SHOW COLUMNS FROM `theguide_menu` [ RunTime:0.0046s ]
SQL: SELECT * FROM `theguide_menu` ORDER BY sort_order  [ RunTime:0.0006s ]
INFO: [ view_parse ] --START--
INFO: [ template_filter ] --START--
INFO: Run Behavior\ContentReplaceBehavior [ RunTime:0.000044s ]
INFO: [ template_filter ] --END-- [ RunTime:-0.013591s ]
INFO: Run Behavior\ParseTemplateBehavior [ RunTime:0.004837s ]
INFO: [ view_parse ] --END-- [ RunTime:0.004896s ]
INFO: [ view_filter ] --START--
INFO: Run Behavior\WriteHtmlCacheBehavior [ RunTime:0.000898s ]
INFO: [ view_filter ] --END-- [ RunTime:0.000946s ]
INFO: Run Behavior\ParseTemplateBehavior [ RunTime:0.005982s ]
INFO: [ view_parse ] --END-- [ RunTime:0.004896s ]
INFO: [ view_filter ] --START--
INFO: Run Behavior\WriteHtmlCacheBehavior [ RunTime:0.000009s ]
INFO: [ view_filter ] --END-- [ RunTime:-0.000179s ]
INFO: [ app_end ] --START--
INFO: Run Behavior\ShowPageTraceBehavior [ RunTime:0.001258s ]
INFO: [ app_end ] --END-- [ RunTime:0.001350s ]

[ 2017-03-10T15:54:34+08:00 ] ::1 /theguide0309/admin.php?s=/Order/index
INFO: [ app_init ] --START--
INFO: Run Behavior\BuildLiteBehavior [ RunTime:0.000015s ]
INFO: [ app_init ] --END-- [ RunTime:0.000666s ]
INFO: [ app_begin ] --START--
INFO: Run Behavior\ReadHtmlCacheBehavior [ RunTime:0.001180s ]
INFO: Run Behavior\CheckLangBehavior [ RunTime:0.001995s ]
INFO: [ app_begin ] --END-- [ RunTime:0.003294s ]
SQL: SELECT o.order_id,o.order_num_alias,o.total,o.ip_region,o.payment_code,o.shipping_method,o.date_added,o.date_modified,m.uname,os.order_status_id,os.name FROM theguide_order o,theguide_member m,theguide_order_status os WHERE o.member_id=m.member_id AND o.order_status_id=os.order_status_id  [ RunTime:0.0005s ]
SQL: SELECT o.order_id,o.order_num_alias,o.total,o.ip_region,o.payment_code,o.shipping_method,o.date_added,o.date_modified,m.uname,os.order_status_id,os.name FROM theguide_order o,theguide_member m,theguide_order_status os WHERE o.member_id=m.member_id AND o.order_status_id=os.order_status_id  ORDER BY o.order_id DESC LIMIT 0,10 [ RunTime:0.0005s ]
SQL: SHOW COLUMNS FROM `theguide_order_status` [ RunTime:0.0195s ]
SQL: SELECT * FROM `theguide_order_status`  [ RunTime:0.0003s ]
INFO: [ view_parse ] --START--
INFO: [ template_filter ] --START--
INFO: Run Behavior\ContentReplaceBehavior [ RunTime:0.000125s ]
INFO: [ template_filter ] --END-- [ RunTime:0.000214s ]
SQL: SHOW COLUMNS FROM `theguide_menu` [ RunTime:0.0040s ]
SQL: SELECT * FROM `theguide_menu` ORDER BY sort_order  [ RunTime:0.0005s ]
INFO: [ view_parse ] --START--
INFO: [ template_filter ] --START--
INFO: Run Behavior\ContentReplaceBehavior [ RunTime:0.000049s ]
INFO: [ template_filter ] --END-- [ RunTime:-0.015513s ]
INFO: Run Behavior\ParseTemplateBehavior [ RunTime:0.005513s ]
INFO: [ view_parse ] --END-- [ RunTime:0.005589s ]
INFO: [ view_filter ] --START--
INFO: Run Behavior\WriteHtmlCacheBehavior [ RunTime:0.000883s ]
INFO: [ view_filter ] --END-- [ RunTime:0.000930s ]
INFO: Run Behavior\ParseTemplateBehavior [ RunTime:0.006642s ]
INFO: [ view_parse ] --END-- [ RunTime:0.005589s ]
INFO: [ view_filter ] --START--
INFO: Run Behavior\WriteHtmlCacheBehavior [ RunTime:0.000009s ]
INFO: [ view_filter ] --END-- [ RunTime:-0.000179s ]
INFO: [ app_end ] --START--
INFO: Run Behavior\ShowPageTraceBehavior [ RunTime:0.001118s ]
INFO: [ app_end ] --END-- [ RunTime:0.001197s ]

[ 2017-03-10T15:54:36+08:00 ] ::1 /theguide0309/admin.php?s=/OrderStatus/index
INFO: [ app_init ] --START--
INFO: Run Behavior\BuildLiteBehavior [ RunTime:0.000015s ]
INFO: [ app_init ] --END-- [ RunTime:0.000706s ]
INFO: [ app_begin ] --START--
INFO: Run Behavior\ReadHtmlCacheBehavior [ RunTime:0.001179s ]
INFO: Run Behavior\CheckLangBehavior [ RunTime:0.001994s ]
INFO: [ app_begin ] --END-- [ RunTime:0.003288s ]
SQL: SHOW COLUMNS FROM `theguide_order_status` [ RunTime:0.0046s ]
SQL: SELECT COUNT(*) AS tp_count FROM `theguide_order_status` LIMIT 1   [ RunTime:0.0003s ]
SQL: SELECT * FROM `theguide_order_status` ORDER BY order_status_id desc LIMIT 0,10   [ RunTime:0.0003s ]
INFO: [ view_parse ] --START--
INFO: [ template_filter ] --START--
INFO: Run Behavior\ContentReplaceBehavior [ RunTime:0.000087s ]
INFO: [ template_filter ] --END-- [ RunTime:0.000146s ]
SQL: SHOW COLUMNS FROM `theguide_menu` [ RunTime:0.0037s ]
SQL: SELECT * FROM `theguide_menu` ORDER BY sort_order  [ RunTime:0.0004s ]
INFO: [ view_parse ] --START--
INFO: [ template_filter ] --START--
INFO: Run Behavior\ContentReplaceBehavior [ RunTime:0.000048s ]
INFO: [ template_filter ] --END-- [ RunTime:-0.013538s ]
INFO: Run Behavior\ParseTemplateBehavior [ RunTime:0.005030s ]
INFO: [ view_parse ] --END-- [ RunTime:0.005089s ]
INFO: [ view_filter ] --START--
INFO: Run Behavior\WriteHtmlCacheBehavior [ RunTime:0.000842s ]
INFO: [ view_filter ] --END-- [ RunTime:0.000889s ]
INFO: Run Behavior\ParseTemplateBehavior [ RunTime:0.006335s ]
INFO: [ view_parse ] --END-- [ RunTime:0.005089s ]
INFO: [ view_filter ] --START--
INFO: Run Behavior\WriteHtmlCacheBehavior [ RunTime:0.000010s ]
INFO: [ view_filter ] --END-- [ RunTime:-0.000404s ]
INFO: [ app_end ] --START--
INFO: Run Behavior\ShowPageTraceBehavior [ RunTime:0.001050s ]
INFO: [ app_end ] --END-- [ RunTime:0.001114s ]

[ 2017-03-10T15:54:39+08:00 ] ::1 /theguide0309/admin.php?s=/OrderStatus/add
INFO: [ app_init ] --START--
INFO: Run Behavior\BuildLiteBehavior [ RunTime:0.000013s ]
INFO: [ app_init ] --END-- [ RunTime:0.000627s ]
INFO: [ app_begin ] --START--
INFO: Run Behavior\ReadHtmlCacheBehavior [ RunTime:0.001025s ]
INFO: Run Behavior\CheckLangBehavior [ RunTime:0.001885s ]
INFO: [ app_begin ] --END-- [ RunTime:0.003002s ]
INFO: [ view_parse ] --START--
INFO: [ template_filter ] --START--
INFO: Run Behavior\ContentReplaceBehavior [ RunTime:0.000090s ]
INFO: [ template_filter ] --END-- [ RunTime:0.000141s ]
SQL: SHOW COLUMNS FROM `theguide_menu` [ RunTime:0.0198s ]
SQL: SELECT * FROM `theguide_menu` ORDER BY sort_order  [ RunTime:0.0006s ]
INFO: [ view_parse ] --START--
INFO: [ template_filter ] --START--
INFO: Run Behavior\ContentReplaceBehavior [ RunTime:0.000051s ]
INFO: [ template_filter ] --END-- [ RunTime:-0.048691s ]
INFO: Run Behavior\ParseTemplateBehavior [ RunTime:0.004885s ]
INFO: [ view_parse ] --END-- [ RunTime:0.004966s ]
INFO: [ view_filter ] --START--
INFO: Run Behavior\WriteHtmlCacheBehavior [ RunTime:0.000964s ]
INFO: [ view_filter ] --END-- [ RunTime:0.001013s ]
INFO: Run Behavior\ParseTemplateBehavior [ RunTime:0.006035s ]
INFO: [ view_parse ] --END-- [ RunTime:0.004966s ]
INFO: [ view_filter ] --START--
INFO: Run Behavior\WriteHtmlCacheBehavior [ RunTime:0.000010s ]
INFO: [ view_filter ] --END-- [ RunTime:-0.000115s ]
INFO: [ app_end ] --START--
INFO: Run Behavior\ShowPageTraceBehavior [ RunTime:0.001314s ]
INFO: [ app_end ] --END-- [ RunTime:0.001379s ]

[ 2017-03-10T15:54:42+08:00 ] ::1 /theguide0309/admin.php?s=/OrderStatus/add
INFO: [ app_init ] --START--
INFO: Run Behavior\BuildLiteBehavior [ RunTime:0.000014s ]
INFO: [ app_init ] --END-- [ RunTime:0.000603s ]
INFO: [ app_begin ] --START--
INFO: Run Behavior\ReadHtmlCacheBehavior [ RunTime:0.001076s ]
INFO: Run Behavior\CheckLangBehavior [ RunTime:0.001943s ]
INFO: [ app_begin ] --END-- [ RunTime:0.003115s ]
SQL: SHOW COLUMNS FROM `theguide_order_status` [ RunTime:0.0041s ]
SQL: SELECT * FROM `theguide_order_status` WHERE `name` = '111' LIMIT 1   [ RunTime:0.0003s ]
SQL: INSERT INTO `theguide_order_status` (`name`) VALUES ('111') [ RunTime:0.0015s ]
INFO: [ view_parse ] --START--
INFO: [ template_filter ] --START--
INFO: Run Behavior\ContentReplaceBehavior [ RunTime:0.000053s ]
INFO: [ template_filter ] --END-- [ RunTime:0.000109s ]
INFO: Run Behavior\ParseTemplateBehavior [ RunTime:0.007165s ]
INFO: [ view_parse ] --END-- [ RunTime:0.007233s ]
INFO: [ view_filter ] --START--
INFO: Run Behavior\WriteHtmlCacheBehavior [ RunTime:0.001110s ]
INFO: [ view_filter ] --END-- [ RunTime:0.001161s ]

[ 2017-03-10T15:54:43+08:00 ] ::1 /theguide0309/admin.php?s=/OrderStatus/index
INFO: [ app_init ] --START--
INFO: Run Behavior\BuildLiteBehavior [ RunTime:0.000021s ]
INFO: [ app_init ] --END-- [ RunTime:0.000941s ]
INFO: [ app_begin ] --START--
INFO: Run Behavior\ReadHtmlCacheBehavior [ RunTime:0.001627s ]
INFO: Run Behavior\CheckLangBehavior [ RunTime:0.002660s ]
INFO: [ app_begin ] --END-- [ RunTime:0.004419s ]
SQL: SHOW COLUMNS FROM `theguide_order_status` [ RunTime:0.0037s ]
SQL: SELECT COUNT(*) AS tp_count FROM `theguide_order_status` LIMIT 1   [ RunTime:0.0002s ]
SQL: SELECT * FROM `theguide_order_status` ORDER BY order_status_id desc LIMIT 0,10   [ RunTime:0.0002s ]
INFO: [ view_parse ] --START--
INFO: [ template_filter ] --START--
INFO: Run Behavior\ContentReplaceBehavior [ RunTime:0.000085s ]
INFO: [ template_filter ] --END-- [ RunTime:0.000137s ]
SQL: SHOW COLUMNS FROM `theguide_menu` [ RunTime:0.0037s ]
SQL: SELECT * FROM `theguide_menu` ORDER BY sort_order  [ RunTime:0.0004s ]
INFO: [ view_parse ] --START--
INFO: [ template_filter ] --START--
INFO: Run Behavior\ContentReplaceBehavior [ RunTime:0.000048s ]
INFO: [ template_filter ] --END-- [ RunTime:-0.013697s ]
INFO: Run Behavior\ParseTemplateBehavior [ RunTime:0.005388s ]
INFO: [ view_parse ] --END-- [ RunTime:0.005498s ]
INFO: [ view_filter ] --START--
INFO: Run Behavior\WriteHtmlCacheBehavior [ RunTime:0.000873s ]
INFO: [ view_filter ] --END-- [ RunTime:0.000919s ]
INFO: Run Behavior\ParseTemplateBehavior [ RunTime:0.006851s ]
INFO: [ view_parse ] --END-- [ RunTime:0.005498s ]
INFO: [ view_filter ] --START--
INFO: Run Behavior\WriteHtmlCacheBehavior [ RunTime:0.000010s ]
INFO: [ view_filter ] --END-- [ RunTime:-0.000495s ]
INFO: [ app_end ] --START--
INFO: Run Behavior\ShowPageTraceBehavior [ RunTime:0.001507s ]
INFO: [ app_end ] --END-- [ RunTime:0.001573s ]

[ 2017-03-10T15:54:45+08:00 ] ::1 /theguide0309/admin.php?s=/Order/index
INFO: [ app_init ] --START--
INFO: Run Behavior\BuildLiteBehavior [ RunTime:0.000015s ]
INFO: [ app_init ] --END-- [ RunTime:0.000733s ]
INFO: [ app_begin ] --START--
INFO: Run Behavior\ReadHtmlCacheBehavior [ RunTime:0.001201s ]
INFO: Run Behavior\CheckLangBehavior [ RunTime:0.002266s ]
INFO: [ app_begin ] --END-- [ RunTime:0.003584s ]
SQL: SELECT o.order_id,o.order_num_alias,o.total,o.ip_region,o.payment_code,o.shipping_method,o.date_added,o.date_modified,m.uname,os.order_status_id,os.name FROM theguide_order o,theguide_member m,theguide_order_status os WHERE o.member_id=m.member_id AND o.order_status_id=os.order_status_id  [ RunTime:0.0004s ]
SQL: SELECT o.order_id,o.order_num_alias,o.total,o.ip_region,o.payment_code,o.shipping_method,o.date_added,o.date_modified,m.uname,os.order_status_id,os.name FROM theguide_order o,theguide_member m,theguide_order_status os WHERE o.member_id=m.member_id AND o.order_status_id=os.order_status_id  ORDER BY o.order_id DESC LIMIT 0,10 [ RunTime:0.0003s ]
SQL: SHOW COLUMNS FROM `theguide_order_status` [ RunTime:0.0198s ]
SQL: SELECT * FROM `theguide_order_status`  [ RunTime:0.0003s ]
INFO: [ view_parse ] --START--
INFO: [ template_filter ] --START--
INFO: Run Behavior\ContentReplaceBehavior [ RunTime:0.000109s ]
INFO: [ template_filter ] --END-- [ RunTime:0.000167s ]
SQL: SHOW COLUMNS FROM `theguide_menu` [ RunTime:0.0037s ]
SQL: SELECT * FROM `theguide_menu` ORDER BY sort_order  [ RunTime:0.0005s ]
INFO: [ view_parse ] --START--
INFO: [ template_filter ] --START--
INFO: Run Behavior\ContentReplaceBehavior [ RunTime:0.000046s ]
INFO: [ template_filter ] --END-- [ RunTime:-0.013176s ]
INFO: Run Behavior\ParseTemplateBehavior [ RunTime:0.004947s ]
INFO: [ view_parse ] --END-- [ RunTime:0.005012s ]
INFO: [ view_filter ] --START--
INFO: Run Behavior\WriteHtmlCacheBehavior [ RunTime:0.000935s ]
INFO: [ view_filter ] --END-- [ RunTime:0.000983s ]
INFO: Run Behavior\ParseTemplateBehavior [ RunTime:0.006137s ]
INFO: [ view_parse ] --END-- [ RunTime:0.005012s ]
INFO: [ view_filter ] --START--
INFO: Run Behavior\WriteHtmlCacheBehavior [ RunTime:0.000009s ]
INFO: [ view_filter ] --END-- [ RunTime:-0.000181s ]
INFO: [ app_end ] --START--
INFO: Run Behavior\ShowPageTraceBehavior [ RunTime:0.001428s ]
INFO: [ app_end ] --END-- [ RunTime:0.001509s ]

[ 2017-03-10T15:54:47+08:00 ] ::1 /theguide0309/admin.php?s=/OrderStatus/index
INFO: [ app_init ] --START--
INFO: Run Behavior\BuildLiteBehavior [ RunTime:0.000013s ]
INFO: [ app_init ] --END-- [ RunTime:0.000673s ]
INFO: [ app_begin ] --START--
INFO: Run Behavior\ReadHtmlCacheBehavior [ RunTime:0.001036s ]
INFO: Run Behavior\CheckLangBehavior [ RunTime:0.002153s ]
INFO: [ app_begin ] --END-- [ RunTime:0.003288s ]
SQL: SHOW COLUMNS FROM `theguide_order_status` [ RunTime:0.0042s ]
SQL: SELECT COUNT(*) AS tp_count FROM `theguide_order_status` LIMIT 1   [ RunTime:0.0003s ]
SQL: SELECT * FROM `theguide_order_status` ORDER BY order_status_id desc LIMIT 0,10   [ RunTime:0.0003s ]
INFO: [ view_parse ] --START--
INFO: [ template_filter ] --START--
INFO: Run Behavior\ContentReplaceBehavior [ RunTime:0.000087s ]
INFO: [ template_filter ] --END-- [ RunTime:0.000137s ]
SQL: SHOW COLUMNS FROM `theguide_menu` [ RunTime:0.0040s ]
SQL: SELECT * FROM `theguide_menu` ORDER BY sort_order  [ RunTime:0.0005s ]
INFO: [ view_parse ] --START--
INFO: [ template_filter ] --START--
INFO: Run Behavior\ContentReplaceBehavior [ RunTime:0.000046s ]
INFO: [ template_filter ] --END-- [ RunTime:-0.013622s ]
INFO: Run Behavior\ParseTemplateBehavior [ RunTime:0.005099s ]
INFO: [ view_parse ] --END-- [ RunTime:0.005160s ]
INFO: [ view_filter ] --START--
INFO: Run Behavior\WriteHtmlCacheBehavior [ RunTime:0.000852s ]
INFO: [ view_filter ] --END-- [ RunTime:0.000898s ]
INFO: Run Behavior\ParseTemplateBehavior [ RunTime:0.006475s ]
INFO: [ view_parse ] --END-- [ RunTime:0.005160s ]
INFO: [ view_filter ] --START--
INFO: Run Behavior\WriteHtmlCacheBehavior [ RunTime:0.000010s ]
INFO: [ view_filter ] --END-- [ RunTime:-0.000462s ]
INFO: [ app_end ] --START--
INFO: Run Behavior\ShowPageTraceBehavior [ RunTime:0.001192s ]
INFO: [ app_end ] --END-- [ RunTime:0.001261s ]

[ 2017-03-10T15:54:50+08:00 ] ::1 /theguide0309/admin.php?s=/OrderStatus/edit/id/6
INFO: [ app_init ] --START--
INFO: Run Behavior\BuildLiteBehavior [ RunTime:0.000015s ]
INFO: [ app_init ] --END-- [ RunTime:0.000788s ]
INFO: [ app_begin ] --START--
INFO: Run Behavior\ReadHtmlCacheBehavior [ RunTime:0.001108s ]
INFO: Run Behavior\CheckLangBehavior [ RunTime:0.001792s ]
INFO: [ app_begin ] --END-- [ RunTime:0.003024s ]
SQL: SHOW COLUMNS FROM `theguide_order_status` [ RunTime:0.0054s ]
SQL: SELECT * FROM `theguide_order_status` WHERE `order_status_id` = 6 LIMIT 1   [ RunTime:0.0004s ]
INFO: [ view_parse ] --START--
INFO: [ template_filter ] --START--
INFO: Run Behavior\ContentReplaceBehavior [ RunTime:0.000099s ]
INFO: [ template_filter ] --END-- [ RunTime:0.000151s ]
SQL: SHOW COLUMNS FROM `theguide_menu` [ RunTime:0.0044s ]
SQL: SELECT * FROM `theguide_menu` ORDER BY sort_order  [ RunTime:0.0006s ]
INFO: [ view_parse ] --START--
INFO: [ template_filter ] --START--
INFO: Run Behavior\ContentReplaceBehavior [ RunTime:0.000073s ]
INFO: [ template_filter ] --END-- [ RunTime:-0.014459s ]
INFO: Run Behavior\ParseTemplateBehavior [ RunTime:0.005702s ]
INFO: [ view_parse ] --END-- [ RunTime:0.005782s ]
INFO: [ view_filter ] --START--
INFO: Run Behavior\WriteHtmlCacheBehavior [ RunTime:0.000876s ]
INFO: [ view_filter ] --END-- [ RunTime:0.000925s ]
INFO: Run Behavior\ParseTemplateBehavior [ RunTime:0.006765s ]
INFO: [ view_parse ] --END-- [ RunTime:0.005782s ]
INFO: [ view_filter ] --START--
INFO: Run Behavior\WriteHtmlCacheBehavior [ RunTime:0.000010s ]
INFO: [ view_filter ] --END-- [ RunTime:-0.000117s ]
INFO: [ app_end ] --START--
INFO: Run Behavior\ShowPageTraceBehavior [ RunTime:0.001279s ]
INFO: [ app_end ] --END-- [ RunTime:0.001342s ]

[ 2017-03-10T15:54:51+08:00 ] ::1 /theguide0309/admin.php?s=/OrderStatus/index
INFO: [ app_init ] --START--
INFO: Run Behavior\BuildLiteBehavior [ RunTime:0.000012s ]
INFO: [ app_init ] --END-- [ RunTime:0.000688s ]
INFO: [ app_begin ] --START--
INFO: Run Behavior\ReadHtmlCacheBehavior [ RunTime:0.001814s ]
INFO: Run Behavior\CheckLangBehavior [ RunTime:0.002321s ]
INFO: [ app_begin ] --END-- [ RunTime:0.004286s ]
SQL: SHOW COLUMNS FROM `theguide_order_status` [ RunTime:0.0196s ]
SQL: SELECT COUNT(*) AS tp_count FROM `theguide_order_status` LIMIT 1   [ RunTime:0.0003s ]
SQL: SELECT * FROM `theguide_order_status` ORDER BY order_status_id desc LIMIT 0,10   [ RunTime:0.0003s ]
INFO: [ view_parse ] --START--
INFO: [ template_filter ] --START--
INFO: Run Behavior\ContentReplaceBehavior [ RunTime:0.000088s ]
INFO: [ template_filter ] --END-- [ RunTime:0.000141s ]
SQL: SHOW COLUMNS FROM `theguide_menu` [ RunTime:0.0041s ]
SQL: SELECT * FROM `theguide_menu` ORDER BY sort_order  [ RunTime:0.0005s ]
INFO: [ view_parse ] --START--
INFO: [ template_filter ] --START--
INFO: Run Behavior\ContentReplaceBehavior [ RunTime:0.000044s ]
INFO: [ template_filter ] --END-- [ RunTime:-0.012616s ]
INFO: Run Behavior\ParseTemplateBehavior [ RunTime:0.004735s ]
INFO: [ view_parse ] --END-- [ RunTime:0.004849s ]
INFO: [ view_filter ] --START--
INFO: Run Behavior\WriteHtmlCacheBehavior [ RunTime:0.001111s ]
INFO: [ view_filter ] --END-- [ RunTime:0.001161s ]
INFO: Run Behavior\ParseTemplateBehavior [ RunTime:0.006473s ]
INFO: [ view_parse ] --END-- [ RunTime:0.004849s ]
INFO: [ view_filter ] --START--
INFO: Run Behavior\WriteHtmlCacheBehavior [ RunTime:0.000009s ]
INFO: [ view_filter ] --END-- [ RunTime:-0.000494s ]
INFO: [ app_end ] --START--
INFO: Run Behavior\ShowPageTraceBehavior [ RunTime:0.001197s ]
INFO: [ app_end ] --END-- [ RunTime:0.001261s ]

[ 2017-03-10T15:54:56+08:00 ] ::1 /theguide0309/admin.php?s=/Order/index
INFO: [ app_init ] --START--
INFO: Run Behavior\BuildLiteBehavior [ RunTime:0.000014s ]
INFO: [ app_init ] --END-- [ RunTime:0.000668s ]
INFO: [ app_begin ] --START--
INFO: Run Behavior\ReadHtmlCacheBehavior [ RunTime:0.001149s ]
INFO: Run Behavior\CheckLangBehavior [ RunTime:0.002101s ]
INFO: [ app_begin ] --END-- [ RunTime:0.003368s ]
SQL: SELECT o.order_id,o.order_num_alias,o.total,o.ip_region,o.payment_code,o.shipping_method,o.date_added,o.date_modified,m.uname,os.order_status_id,os.name FROM theguide_order o,theguide_member m,theguide_order_status os WHERE o.member_id=m.member_id AND o.order_status_id=os.order_status_id  [ RunTime:0.0004s ]
SQL: SELECT o.order_id,o.order_num_alias,o.total,o.ip_region,o.payment_code,o.shipping_method,o.date_added,o.date_modified,m.uname,os.order_status_id,os.name FROM theguide_order o,theguide_member m,theguide_order_status os WHERE o.member_id=m.member_id AND o.order_status_id=os.order_status_id  ORDER BY o.order_id DESC LIMIT 0,10 [ RunTime:0.0004s ]
SQL: SHOW COLUMNS FROM `theguide_order_status` [ RunTime:0.0199s ]
SQL: SELECT * FROM `theguide_order_status`  [ RunTime:0.0004s ]
INFO: [ view_parse ] --START--
INFO: [ template_filter ] --START--
INFO: Run Behavior\ContentReplaceBehavior [ RunTime:0.000108s ]
INFO: [ template_filter ] --END-- [ RunTime:0.000159s ]
SQL: SHOW COLUMNS FROM `theguide_menu` [ RunTime:0.0047s ]
SQL: SELECT * FROM `theguide_menu` ORDER BY sort_order  [ RunTime:0.0005s ]
INFO: [ view_parse ] --START--
INFO: [ template_filter ] --START--
INFO: Run Behavior\ContentReplaceBehavior [ RunTime:0.000044s ]
INFO: [ template_filter ] --END-- [ RunTime:-0.013759s ]
INFO: Run Behavior\ParseTemplateBehavior [ RunTime:0.004460s ]
INFO: [ view_parse ] --END-- [ RunTime:0.004521s ]
INFO: [ view_filter ] --START--
INFO: Run Behavior\WriteHtmlCacheBehavior [ RunTime:0.000937s ]
INFO: [ view_filter ] --END-- [ RunTime:0.000984s ]
INFO: Run Behavior\ParseTemplateBehavior [ RunTime:0.005645s ]
INFO: [ view_parse ] --END-- [ RunTime:0.004521s ]
INFO: [ view_filter ] --START--
INFO: Run Behavior\WriteHtmlCacheBehavior [ RunTime:0.000009s ]
INFO: [ view_filter ] --END-- [ RunTime:-0.000181s ]
INFO: [ app_end ] --START--
INFO: Run Behavior\ShowPageTraceBehavior [ RunTime:0.001120s ]
INFO: [ app_end ] --END-- [ RunTime:0.001174s ]

[ 2017-03-10T15:55:03+08:00 ] ::1 /theguide0309/admin.php?s=/Order/index&status=6
INFO: [ app_init ] --START--
INFO: Run Behavior\BuildLiteBehavior [ RunTime:0.000012s ]
INFO: [ app_init ] --END-- [ RunTime:0.000564s ]
INFO: [ app_begin ] --START--
INFO: Run Behavior\ReadHtmlCacheBehavior [ RunTime:0.001331s ]
INFO: Run Behavior\CheckLangBehavior [ RunTime:0.002231s ]
INFO: [ app_begin ] --END-- [ RunTime:0.003721s ]
SQL: SELECT o.order_id,o.order_num_alias,o.total,o.ip_region,o.payment_code,o.shipping_method,o.date_added,o.date_modified,m.uname,os.order_status_id,os.name FROM theguide_order o,theguide_member m,theguide_order_status os WHERE o.member_id=m.member_id AND o.order_status_id=os.order_status_id  and os.order_status_id=6 [ RunTime:0.0006s ]
SQL: SELECT o.order_id,o.order_num_alias,o.total,o.ip_region,o.payment_code,o.shipping_method,o.date_added,o.date_modified,m.uname,os.order_status_id,os.name FROM theguide_order o,theguide_member m,theguide_order_status os WHERE o.member_id=m.member_id AND o.order_status_id=os.order_status_id  and os.order_status_id=6 ORDER BY o.order_id DESC LIMIT 0,10 [ RunTime:0.0005s ]
SQL: SHOW COLUMNS FROM `theguide_order_status` [ RunTime:0.0049s ]
SQL: SELECT * FROM `theguide_order_status`  [ RunTime:0.0004s ]
INFO: [ view_parse ] --START--
INFO: [ template_filter ] --START--
INFO: Run Behavior\ContentReplaceBehavior [ RunTime:0.000111s ]
INFO: [ template_filter ] --END-- [ RunTime:0.000164s ]
SQL: SHOW COLUMNS FROM `theguide_menu` [ RunTime:0.0040s ]
SQL: SELECT * FROM `theguide_menu` ORDER BY sort_order  [ RunTime:0.0005s ]
INFO: [ view_parse ] --START--
INFO: [ template_filter ] --START--
INFO: Run Behavior\ContentReplaceBehavior [ RunTime:0.000047s ]
INFO: [ template_filter ] --END-- [ RunTime:-0.013773s ]
INFO: Run Behavior\ParseTemplateBehavior [ RunTime:0.004594s ]
INFO: [ view_parse ] --END-- [ RunTime:0.004658s ]
INFO: [ view_filter ] --START--
INFO: Run Behavior\WriteHtmlCacheBehavior [ RunTime:0.000866s ]
INFO: [ view_filter ] --END-- [ RunTime:0.000915s ]
INFO: Run Behavior\ParseTemplateBehavior [ RunTime:0.005716s ]
INFO: [ view_parse ] --END-- [ RunTime:0.004658s ]
INFO: [ view_filter ] --START--
INFO: Run Behavior\WriteHtmlCacheBehavior [ RunTime:0.000009s ]
INFO: [ view_filter ] --END-- [ RunTime:-0.000189s ]
INFO: [ app_end ] --START--
INFO: Run Behavior\ShowPageTraceBehavior [ RunTime:0.001227s ]
INFO: [ app_end ] --END-- [ RunTime:0.001313s ]

[ 2017-03-10T15:57:17+08:00 ] ::1 /theguide0309/admin.php?s=/Order/index&status=6
INFO: [ app_init ] --START--
INFO: Run Behavior\BuildLiteBehavior [ RunTime:0.000014s ]
INFO: [ app_init ] --END-- [ RunTime:0.000587s ]
INFO: [ app_begin ] --START--
INFO: Run Behavior\ReadHtmlCacheBehavior [ RunTime:0.000913s ]
INFO: Run Behavior\CheckLangBehavior [ RunTime:0.001641s ]
INFO: [ app_begin ] --END-- [ RunTime:0.002648s ]
SQL: SELECT o.order_id,o.order_num_alias,o.total,o.ip_region,o.payment_code,o.shipping_method,o.date_added,o.date_modified,m.uname,os.order_status_id,os.name FROM theguide_order o,theguide_member m,theguide_order_status os WHERE o.member_id=m.member_id AND o.order_status_id=os.order_status_id  and os.order_status_id=6 [ RunTime:0.0004s ]
SQL: SELECT o.order_id,o.order_num_alias,o.total,o.ip_region,o.payment_code,o.shipping_method,o.date_added,o.date_modified,m.uname,os.order_status_id,os.name FROM theguide_order o,theguide_member m,theguide_order_status os WHERE o.member_id=m.member_id AND o.order_status_id=os.order_status_id  and os.order_status_id=6 ORDER BY o.order_id DESC LIMIT 0,10 [ RunTime:0.0004s ]
SQL: SHOW COLUMNS FROM `theguide_order_status` [ RunTime:0.0198s ]
SQL: SELECT * FROM `theguide_order_status`  [ RunTime:0.0004s ]
INFO: [ view_parse ] --START--
INFO: [ template_filter ] --START--
INFO: Run Behavior\ContentReplaceBehavior [ RunTime:0.000118s ]
INFO: [ template_filter ] --END-- [ RunTime:0.000181s ]
SQL: SHOW COLUMNS FROM `theguide_menu` [ RunTime:0.0035s ]
SQL: SELECT * FROM `theguide_menu` ORDER BY sort_order  [ RunTime:0.0005s ]
INFO: [ view_parse ] --START--
INFO: [ template_filter ] --START--
INFO: Run Behavior\ContentReplaceBehavior [ RunTime:0.000044s ]
INFO: [ template_filter ] --END-- [ RunTime:-0.012341s ]
INFO: Run Behavior\ParseTemplateBehavior [ RunTime:0.004109s ]
INFO: [ view_parse ] --END-- [ RunTime:0.004165s ]
INFO: [ view_filter ] --START--
INFO: Run Behavior\WriteHtmlCacheBehavior [ RunTime:0.000727s ]
INFO: [ view_filter ] --END-- [ RunTime:0.000777s ]
INFO: Run Behavior\ParseTemplateBehavior [ RunTime:0.005127s ]
INFO: [ view_parse ] --END-- [ RunTime:0.004165s ]
INFO: [ view_filter ] --START--
INFO: Run Behavior\WriteHtmlCacheBehavior [ RunTime:0.000009s ]
INFO: [ view_filter ] --END-- [ RunTime:-0.000225s ]
INFO: [ app_end ] --START--
INFO: Run Behavior\ShowPageTraceBehavior [ RunTime:0.001586s ]
INFO: [ app_end ] --END-- [ RunTime:0.001698s ]

[ 2017-03-10T17:10:11+08:00 ] ::1 /theguide0309/admin.php?s=/Profile/index
INFO: [ app_init ] --START--
INFO: Run Behavior\BuildLiteBehavior [ RunTime:0.000015s ]
INFO: [ app_init ] --END-- [ RunTime:0.000676s ]
INFO: [ app_begin ] --START--
INFO: Run Behavior\ReadHtmlCacheBehavior [ RunTime:0.001255s ]
INFO: Run Behavior\CheckLangBehavior [ RunTime:0.002152s ]
INFO: [ app_begin ] --END-- [ RunTime:0.003518s ]
SQL: SHOW COLUMNS FROM `theguide_profile` [ RunTime:0.0195s ]
SQL: SELECT * FROM theguide_profile [ RunTime:0.0003s ]
SQL: SELECT * FROM theguide_profile order by page_id desc LIMIT 0,10 [ RunTime:0.0003s ]
INFO: [ view_parse ] --START--
INFO: [ template_filter ] --START--
INFO: Run Behavior\ContentReplaceBehavior [ RunTime:0.000088s ]
INFO: [ template_filter ] --END-- [ RunTime:0.000158s ]
SQL: SHOW COLUMNS FROM `theguide_menu` [ RunTime:0.0044s ]
SQL: SELECT * FROM `theguide_menu` ORDER BY sort_order  [ RunTime:0.0007s ]
INFO: [ view_parse ] --START--
INFO: [ template_filter ] --START--
INFO: Run Behavior\ContentReplaceBehavior [ RunTime:0.000047s ]
INFO: [ template_filter ] --END-- [ RunTime:-0.014259s ]
INFO: Run Behavior\ParseTemplateBehavior [ RunTime:0.005538s ]
INFO: [ view_parse ] --END-- [ RunTime:0.005601s ]
INFO: [ view_filter ] --START--
INFO: Run Behavior\WriteHtmlCacheBehavior [ RunTime:0.000882s ]
INFO: [ view_filter ] --END-- [ RunTime:0.000927s ]
INFO: Run Behavior\ParseTemplateBehavior [ RunTime:0.006715s ]
INFO: [ view_parse ] --END-- [ RunTime:0.005601s ]
INFO: [ view_filter ] --START--
INFO: Run Behavior\WriteHtmlCacheBehavior [ RunTime:0.000009s ]
INFO: [ view_filter ] --END-- [ RunTime:-0.000233s ]
INFO: [ app_end ] --START--
INFO: Run Behavior\ShowPageTraceBehavior [ RunTime:0.001445s ]
INFO: [ app_end ] --END-- [ RunTime:0.001542s ]

[ 2017-03-10T17:10:15+08:00 ] ::1 /theguide0309/admin.php?s=/Question/index
INFO: [ app_init ] --START--
INFO: Run Behavior\BuildLiteBehavior [ RunTime:0.000016s ]
INFO: [ app_init ] --END-- [ RunTime:0.000626s ]
INFO: [ app_begin ] --START--
INFO: Run Behavior\ReadHtmlCacheBehavior [ RunTime:0.001162s ]
INFO: Run Behavior\CheckLangBehavior [ RunTime:0.002002s ]
INFO: [ app_begin ] --END-- [ RunTime:0.003258s ]
SQL: SHOW COLUMNS FROM `theguide_question` [ RunTime:0.0197s ]
SQL: SELECT COUNT(*) AS tp_count FROM `theguide_question` LIMIT 1   [ RunTime:0.0002s ]
SQL: SELECT * FROM `theguide_question` ORDER BY id desc LIMIT 0,10   [ RunTime:0.0003s ]
INFO: [ view_parse ] --START--
INFO: [ template_filter ] --START--
INFO: Run Behavior\ContentReplaceBehavior [ RunTime:0.000085s ]
INFO: [ template_filter ] --END-- [ RunTime:0.000135s ]
SQL: SHOW COLUMNS FROM `theguide_menu` [ RunTime:0.0044s ]
SQL: SELECT * FROM `theguide_menu` ORDER BY sort_order  [ RunTime:0.0005s ]
INFO: [ view_parse ] --START--
INFO: [ template_filter ] --START--
INFO: Run Behavior\ContentReplaceBehavior [ RunTime:0.000045s ]
INFO: [ template_filter ] --END-- [ RunTime:-0.012946s ]
INFO: Run Behavior\ParseTemplateBehavior [ RunTime:0.003966s ]
INFO: [ view_parse ] --END-- [ RunTime:0.004046s ]
INFO: [ view_filter ] --START--
INFO: Run Behavior\WriteHtmlCacheBehavior [ RunTime:0.000903s ]
INFO: [ view_filter ] --END-- [ RunTime:0.000951s ]
INFO: Run Behavior\ParseTemplateBehavior [ RunTime:0.005297s ]
INFO: [ view_parse ] --END-- [ RunTime:0.004046s ]
INFO: [ view_filter ] --START--
INFO: Run Behavior\WriteHtmlCacheBehavior [ RunTime:0.000010s ]
INFO: [ view_filter ] --END-- [ RunTime:-0.000379s ]
INFO: [ app_end ] --START--
INFO: Run Behavior\ShowPageTraceBehavior [ RunTime:0.001524s ]
INFO: [ app_end ] --END-- [ RunTime:0.001602s ]

[ 2017-03-10T17:10:18+08:00 ] ::1 /theguide0309/admin.php?s=/Goods/index
INFO: [ app_init ] --START--
INFO: Run Behavior\BuildLiteBehavior [ RunTime:0.000015s ]
INFO: [ app_init ] --END-- [ RunTime:0.000608s ]
INFO: [ app_begin ] --START--
INFO: Run Behavior\ReadHtmlCacheBehavior [ RunTime:0.001112s ]
INFO: Run Behavior\CheckLangBehavior [ RunTime:0.002063s ]
INFO: [ app_begin ] --END-- [ RunTime:0.003286s ]
SQL: SHOW COLUMNS FROM `theguide_goods` [ RunTime:0.0195s ]
SQL: SELECT p.goods_id,p.name,p.price,p.quantity,p.status,p.model,p.image,gtc.category_id FROM theguide_goods_description pd,theguide_goods p,theguide_goods_to_category gtc WHERE pd.goods_id=p.goods_id and p.goods_id=gtc.goods_id [ RunTime:0.0004s ]
SQL: SELECT p.goods_id,p.name,p.price,p.quantity,p.status,p.model,p.image,gtc.category_id FROM theguide_goods_description pd,theguide_goods p,theguide_goods_to_category gtc WHERE pd.goods_id=p.goods_id and p.goods_id=gtc.goods_id order by p.goods_id desc LIMIT 0,10 [ RunTime:0.0010s ]
SQL: SHOW COLUMNS FROM `theguide_goods_category` [ RunTime:0.0034s ]
SQL: SELECT * FROM `theguide_goods_category`  [ RunTime:0.0003s ]
INFO: [ view_parse ] --START--
INFO: [ template_filter ] --START--
INFO: Run Behavior\ContentReplaceBehavior [ RunTime:0.000118s ]
INFO: [ template_filter ] --END-- [ RunTime:0.000177s ]
SQL: SHOW COLUMNS FROM `theguide_menu` [ RunTime:0.0042s ]
SQL: SELECT * FROM `theguide_menu` ORDER BY sort_order  [ RunTime:0.0005s ]
INFO: [ view_parse ] --START--
INFO: [ template_filter ] --START--
INFO: Run Behavior\ContentReplaceBehavior [ RunTime:0.000043s ]
INFO: [ template_filter ] --END-- [ RunTime:-0.013103s ]
INFO: Run Behavior\ParseTemplateBehavior [ RunTime:0.003956s ]
INFO: [ view_parse ] --END-- [ RunTime:0.004016s ]
INFO: [ view_filter ] --START--
INFO: Run Behavior\WriteHtmlCacheBehavior [ RunTime:0.000834s ]
INFO: [ view_filter ] --END-- [ RunTime:0.000893s ]
NOTIC: [8] Undefined index: 7 D:\WWW\theguide0309\Modules\Common\Common\function.php 第 89 行.
INFO: Run Behavior\ParseTemplateBehavior [ RunTime:0.006496s ]
INFO: [ view_parse ] --END-- [ RunTime:0.004016s ]
INFO: [ view_filter ] --START--
INFO: Run Behavior\WriteHtmlCacheBehavior [ RunTime:0.000011s ]
INFO: [ view_filter ] --END-- [ RunTime:-0.001631s ]
INFO: [ app_end ] --START--
INFO: Run Behavior\ShowPageTraceBehavior [ RunTime:0.001517s ]
INFO: [ app_end ] --END-- [ RunTime:0.001685s ]

[ 2017-03-10T17:10:19+08:00 ] ::1 /theguide0309/admin.php?s=/GoodsCategory/index
INFO: [ app_init ] --START--
INFO: Run Behavior\BuildLiteBehavior [ RunTime:0.000015s ]
INFO: [ app_init ] --END-- [ RunTime:0.000611s ]
INFO: [ app_begin ] --START--
INFO: Run Behavior\ReadHtmlCacheBehavior [ RunTime:0.001006s ]
INFO: Run Behavior\CheckLangBehavior [ RunTime:0.001951s ]
INFO: [ app_begin ] --END-- [ RunTime:0.003057s ]
SQL: SELECT id,pid,name FROM theguide_goods_category [ RunTime:0.0004s ]
INFO: [ view_parse ] --START--
INFO: [ template_filter ] --START--
INFO: Run Behavior\ContentReplaceBehavior [ RunTime:0.000118s ]
INFO: [ template_filter ] --END-- [ RunTime:0.000172s ]
SQL: SHOW COLUMNS FROM `theguide_menu` [ RunTime:0.0202s ]
SQL: SELECT * FROM `theguide_menu` ORDER BY sort_order  [ RunTime:0.0004s ]
INFO: [ view_parse ] --START--
INFO: [ template_filter ] --START--
INFO: Run Behavior\ContentReplaceBehavior [ RunTime:0.000045s ]
INFO: [ template_filter ] --END-- [ RunTime:-0.028635s ]
INFO: Run Behavior\ParseTemplateBehavior [ RunTime:0.004197s ]
INFO: [ view_parse ] --END-- [ RunTime:0.004265s ]
INFO: [ view_filter ] --START--
INFO: Run Behavior\WriteHtmlCacheBehavior [ RunTime:0.000827s ]
INFO: [ view_filter ] --END-- [ RunTime:0.000873s ]
INFO: Run Behavior\ParseTemplateBehavior [ RunTime:0.005330s ]
INFO: [ view_parse ] --END-- [ RunTime:0.004265s ]
INFO: [ view_filter ] --START--
INFO: Run Behavior\WriteHtmlCacheBehavior [ RunTime:0.000009s ]
INFO: [ view_filter ] --END-- [ RunTime:-0.000245s ]
INFO: [ app_end ] --START--
INFO: Run Behavior\ShowPageTraceBehavior [ RunTime:0.001429s ]
INFO: [ app_end ] --END-- [ RunTime:0.001488s ]

[ 2017-03-10T17:10:24+08:00 ] ::1 /theguide0309/admin.php?s=/News/index
INFO: [ app_init ] --START--
INFO: Run Behavior\BuildLiteBehavior [ RunTime:0.000012s ]
INFO: [ app_init ] --END-- [ RunTime:0.000509s ]
INFO: [ app_begin ] --START--
INFO: Run Behavior\ReadHtmlCacheBehavior [ RunTime:0.001048s ]
INFO: Run Behavior\CheckLangBehavior [ RunTime:0.001899s ]
INFO: [ app_begin ] --END-- [ RunTime:0.003049s ]
SQL: SHOW COLUMNS FROM `theguide_news` [ RunTime:0.0042s ]
NOTIC: [8] Undefined variable: count D:\WWW\theguide0309\Modules\Admin\Model\NewsModel.class.php 第 56 行.
SQL: SELECT * FROM theguide_news order by date desc LIMIT 0,10 [ RunTime:0.0004s ]
INFO: [ view_parse ] --START--
INFO: [ template_filter ] --START--
INFO: Run Behavior\ContentReplaceBehavior [ RunTime:0.000122s ]
INFO: [ template_filter ] --END-- [ RunTime:0.000210s ]
SQL: SHOW COLUMNS FROM `theguide_menu` [ RunTime:0.0039s ]
SQL: SELECT * FROM `theguide_menu` ORDER BY sort_order  [ RunTime:0.0004s ]
INFO: [ view_parse ] --START--
INFO: [ template_filter ] --START--
INFO: Run Behavior\ContentReplaceBehavior [ RunTime:0.000045s ]
INFO: [ template_filter ] --END-- [ RunTime:-0.012398s ]
INFO: Run Behavior\ParseTemplateBehavior [ RunTime:0.004110s ]
INFO: [ view_parse ] --END-- [ RunTime:0.004168s ]
INFO: [ view_filter ] --START--
INFO: Run Behavior\WriteHtmlCacheBehavior [ RunTime:0.000859s ]
INFO: [ view_filter ] --END-- [ RunTime:0.000905s ]
NOTIC: [8] Undefined index: ctitle D:\WWW\theguide0309\Runtime\Cache\Admin\4894936fddf18c7af5b3d63997f3f933.php 第 165 行.
NOTIC: [8] Undefined index: ctitle D:\WWW\theguide0309\Runtime\Cache\Admin\4894936fddf18c7af5b3d63997f3f933.php 第 165 行.
NOTIC: [8] Undefined index: ctitle D:\WWW\theguide0309\Runtime\Cache\Admin\4894936fddf18c7af5b3d63997f3f933.php 第 165 行.
NOTIC: [8] Undefined index: ctitle D:\WWW\theguide0309\Runtime\Cache\Admin\4894936fddf18c7af5b3d63997f3f933.php 第 165 行.
INFO: Run Behavior\ParseTemplateBehavior [ RunTime:0.005560s ]
INFO: [ view_parse ] --END-- [ RunTime:0.004168s ]
INFO: [ view_filter ] --START--
INFO: Run Behavior\WriteHtmlCacheBehavior [ RunTime:0.000010s ]
INFO: [ view_filter ] --END-- [ RunTime:-0.000531s ]
INFO: [ app_end ] --START--
INFO: Run Behavior\ShowPageTraceBehavior [ RunTime:0.001215s ]
INFO: [ app_end ] --END-- [ RunTime:0.001279s ]

[ 2017-03-10T17:10:26+08:00 ] ::1 /theguide0309/admin.php?s=/member/index
INFO: [ app_init ] --START--
INFO: Run Behavior\BuildLiteBehavior [ RunTime:0.000015s ]
INFO: [ app_init ] --END-- [ RunTime:0.000734s ]
INFO: [ app_begin ] --START--
INFO: Run Behavior\ReadHtmlCacheBehavior [ RunTime:0.001301s ]
INFO: Run Behavior\CheckLangBehavior [ RunTime:0.002071s ]
INFO: [ app_begin ] --END-- [ RunTime:0.003491s ]
SQL: SHOW COLUMNS FROM `theguide_member` [ RunTime:0.0204s ]
SQL: select * from theguide_member where 1  [ RunTime:0.0004s ]
SQL: select * from theguide_member where 1  order by member_id desc LIMIT 0,10 [ RunTime:0.0004s ]
SQL: SELECT COUNT(*) AS tp_count FROM `theguide_member` WHERE `pid` = 151 OR `sid` = 151 LIMIT 1   [ RunTime:0.0003s ]
INFO: [ view_parse ] --START--
INFO: [ template_filter ] --START--
INFO: Run Behavior\ContentReplaceBehavior [ RunTime:0.000137s ]
INFO: [ template_filter ] --END-- [ RunTime:0.000206s ]
SQL: SHOW COLUMNS FROM `theguide_menu` [ RunTime:0.0038s ]
SQL: SELECT * FROM `theguide_menu` ORDER BY sort_order  [ RunTime:0.0006s ]
INFO: [ view_parse ] --START--
INFO: [ template_filter ] --START--
INFO: Run Behavior\ContentReplaceBehavior [ RunTime:0.000053s ]
INFO: [ template_filter ] --END-- [ RunTime:-0.013472s ]
INFO: Run Behavior\ParseTemplateBehavior [ RunTime:0.004626s ]
INFO: [ view_parse ] --END-- [ RunTime:0.004694s ]
INFO: [ view_filter ] --START--
INFO: Run Behavior\WriteHtmlCacheBehavior [ RunTime:0.000938s ]
INFO: [ view_filter ] --END-- [ RunTime:0.000991s ]
NOTIC: [8] Undefined index: num D:\WWW\theguide0309\Runtime\Cache\Admin\316be533e8b7772c98e865fb1f158ff5.php 第 227 行.
INFO: Run Behavior\ParseTemplateBehavior [ RunTime:0.006053s ]
INFO: [ view_parse ] --END-- [ RunTime:0.004694s ]
INFO: [ view_filter ] --START--
INFO: Run Behavior\WriteHtmlCacheBehavior [ RunTime:0.000012s ]
INFO: [ view_filter ] --END-- [ RunTime:-0.000419s ]
INFO: [ app_end ] --START--
INFO: Run Behavior\ShowPageTraceBehavior [ RunTime:0.001428s ]
INFO: [ app_end ] --END-- [ RunTime:0.001510s ]

[ 2017-03-10T17:10:44+08:00 ] ::1 /theguide0309/admin.php?s=/settings/general
INFO: [ app_init ] --START--
INFO: Run Behavior\BuildLiteBehavior [ RunTime:0.000013s ]
INFO: [ app_init ] --END-- [ RunTime:0.000651s ]
INFO: [ app_begin ] --START--
INFO: Run Behavior\ReadHtmlCacheBehavior [ RunTime:0.001487s ]
INFO: Run Behavior\CheckLangBehavior [ RunTime:0.002448s ]
INFO: [ app_begin ] --END-- [ RunTime:0.004044s ]
SQL: SHOW COLUMNS FROM `theguide_config` [ RunTime:0.0101s ]
SQL: SELECT * FROM `theguide_config` WHERE `config_group` = 'site'  [ RunTime:0.0005s ]
INFO: [ view_parse ] --START--
INFO: [ template_filter ] --START--
INFO: Run Behavior\ContentReplaceBehavior [ RunTime:0.000144s ]
INFO: [ template_filter ] --END-- [ RunTime:0.000195s ]
SQL: SHOW COLUMNS FROM `theguide_menu` [ RunTime:0.0042s ]
SQL: SELECT * FROM `theguide_menu` ORDER BY sort_order  [ RunTime:0.0004s ]
INFO: [ view_parse ] --START--
INFO: [ template_filter ] --START--
INFO: Run Behavior\ContentReplaceBehavior [ RunTime:0.000043s ]
INFO: [ template_filter ] --END-- [ RunTime:-0.012902s ]
INFO: Run Behavior\ParseTemplateBehavior [ RunTime:0.003929s ]
INFO: [ view_parse ] --END-- [ RunTime:0.003986s ]
INFO: [ view_filter ] --START--
INFO: Run Behavior\WriteHtmlCacheBehavior [ RunTime:0.000919s ]
INFO: [ view_filter ] --END-- [ RunTime:0.000964s ]
INFO: Run Behavior\ParseTemplateBehavior [ RunTime:0.005833s ]
INFO: [ view_parse ] --END-- [ RunTime:0.003986s ]
INFO: [ view_filter ] --START--
INFO: Run Behavior\WriteHtmlCacheBehavior [ RunTime:0.000009s ]
INFO: [ view_filter ] --END-- [ RunTime:-0.000934s ]
INFO: [ app_end ] --START--
INFO: Run Behavior\ShowPageTraceBehavior [ RunTime:0.001575s ]
INFO: [ app_end ] --END-- [ RunTime:0.001635s ]

[ 2017-03-10T17:10:46+08:00 ] ::1 /theguide0309/admin.php?s=/settings/image
INFO: [ app_init ] --START--
INFO: Run Behavior\BuildLiteBehavior [ RunTime:0.000015s ]
INFO: [ app_init ] --END-- [ RunTime:0.000716s ]
INFO: [ app_begin ] --START--
INFO: Run Behavior\ReadHtmlCacheBehavior [ RunTime:0.001332s ]
INFO: Run Behavior\CheckLangBehavior [ RunTime:0.001905s ]
INFO: [ app_begin ] --END-- [ RunTime:0.003433s ]
SQL: SHOW COLUMNS FROM `theguide_config` [ RunTime:0.0039s ]
SQL: SELECT * FROM `theguide_config` WHERE `config_group` = 'image'  [ RunTime:0.0004s ]
INFO: [ view_parse ] --START--
INFO: [ template_filter ] --START--
INFO: Run Behavior\ContentReplaceBehavior [ RunTime:0.000180s ]
INFO: [ template_filter ] --END-- [ RunTime:0.000232s ]
SQL: SHOW COLUMNS FROM `theguide_menu` [ RunTime:0.0037s ]
SQL: SELECT * FROM `theguide_menu` ORDER BY sort_order  [ RunTime:0.0005s ]
INFO: [ view_parse ] --START--
INFO: [ template_filter ] --START--
INFO: Run Behavior\ContentReplaceBehavior [ RunTime:0.000045s ]
INFO: [ template_filter ] --END-- [ RunTime:-0.013314s ]
INFO: Run Behavior\ParseTemplateBehavior [ RunTime:0.004042s ]
INFO: [ view_parse ] --END-- [ RunTime:0.004096s ]
INFO: [ view_filter ] --START--
INFO: Run Behavior\WriteHtmlCacheBehavior [ RunTime:0.000921s ]
INFO: [ view_filter ] --END-- [ RunTime:0.000967s ]
INFO: Run Behavior\ParseTemplateBehavior [ RunTime:0.005186s ]
INFO: [ view_parse ] --END-- [ RunTime:0.004096s ]
INFO: [ view_filter ] --START--
INFO: Run Behavior\WriteHtmlCacheBehavior [ RunTime:0.000010s ]
INFO: [ view_filter ] --END-- [ RunTime:-0.000163s ]
INFO: [ app_end ] --START--
INFO: Run Behavior\ShowPageTraceBehavior [ RunTime:0.001738s ]
INFO: [ app_end ] --END-- [ RunTime:0.001828s ]

[ 2017-03-10T17:10:48+08:00 ] ::1 /theguide0309/admin.php?s=/settings/smtp_mail
INFO: [ app_init ] --START--
INFO: Run Behavior\BuildLiteBehavior [ RunTime:0.000016s ]
INFO: [ app_init ] --END-- [ RunTime:0.000726s ]
INFO: [ app_begin ] --START--
INFO: Run Behavior\ReadHtmlCacheBehavior [ RunTime:0.001197s ]
INFO: Run Behavior\CheckLangBehavior [ RunTime:0.002086s ]
INFO: [ app_begin ] --END-- [ RunTime:0.003405s ]
SQL: SHOW COLUMNS FROM `theguide_config` [ RunTime:0.0039s ]
SQL: SELECT * FROM `theguide_config` WHERE `config_group` = 'smtp'  [ RunTime:0.0004s ]
INFO: [ view_parse ] --START--
INFO: [ template_filter ] --START--
INFO: Run Behavior\ContentReplaceBehavior [ RunTime:0.000104s ]
INFO: [ template_filter ] --END-- [ RunTime:0.000154s ]
SQL: SHOW COLUMNS FROM `theguide_menu` [ RunTime:0.0040s ]
SQL: SELECT * FROM `theguide_menu` ORDER BY sort_order  [ RunTime:0.0005s ]
INFO: [ view_parse ] --START--
INFO: [ template_filter ] --START--
INFO: Run Behavior\ContentReplaceBehavior [ RunTime:0.000047s ]
INFO: [ template_filter ] --END-- [ RunTime:-0.014046s ]
INFO: Run Behavior\ParseTemplateBehavior [ RunTime:0.004924s ]
INFO: [ view_parse ] --END-- [ RunTime:0.004996s ]
INFO: [ view_filter ] --START--
INFO: Run Behavior\WriteHtmlCacheBehavior [ RunTime:0.000822s ]
INFO: [ view_filter ] --END-- [ RunTime:0.000871s ]
INFO: Run Behavior\ParseTemplateBehavior [ RunTime:0.005977s ]
INFO: [ view_parse ] --END-- [ RunTime:0.004996s ]
INFO: [ view_filter ] --START--
INFO: Run Behavior\WriteHtmlCacheBehavior [ RunTime:0.000010s ]
INFO: [ view_filter ] --END-- [ RunTime:-0.000169s ]
INFO: [ app_end ] --START--
INFO: Run Behavior\ShowPageTraceBehavior [ RunTime:0.001142s ]
INFO: [ app_end ] --END-- [ RunTime:0.001199s ]

[ 2017-03-10T17:10:50+08:00 ] ::1 /theguide0309/admin.php?s=/settings/other
INFO: [ app_init ] --START--
INFO: Run Behavior\BuildLiteBehavior [ RunTime:0.000014s ]
INFO: [ app_init ] --END-- [ RunTime:0.000594s ]
INFO: [ app_begin ] --START--
INFO: Run Behavior\ReadHtmlCacheBehavior [ RunTime:0.001058s ]
INFO: Run Behavior\CheckLangBehavior [ RunTime:0.002106s ]
INFO: [ app_begin ] --END-- [ RunTime:0.003264s ]
SQL: SHOW COLUMNS FROM `theguide_config` [ RunTime:0.0196s ]
SQL: SELECT * FROM `theguide_config` WHERE `config_group` = 'other'  [ RunTime:0.0004s ]
INFO: [ view_parse ] --START--
INFO: [ template_filter ] --START--
INFO: Run Behavior\ContentReplaceBehavior [ RunTime:0.000151s ]
INFO: [ template_filter ] --END-- [ RunTime:0.000203s ]
SQL: SHOW COLUMNS FROM `theguide_menu` [ RunTime:0.0043s ]
SQL: SELECT * FROM `theguide_menu` ORDER BY sort_order  [ RunTime:0.0005s ]
INFO: [ view_parse ] --START--
INFO: [ template_filter ] --START--
INFO: Run Behavior\ContentReplaceBehavior [ RunTime:0.000045s ]
INFO: [ template_filter ] --END-- [ RunTime:-0.014009s ]
INFO: Run Behavior\ParseTemplateBehavior [ RunTime:0.004000s ]
INFO: [ view_parse ] --END-- [ RunTime:0.004058s ]
INFO: [ view_filter ] --START--
INFO: Run Behavior\WriteHtmlCacheBehavior [ RunTime:0.000904s ]
INFO: [ view_filter ] --END-- [ RunTime:0.000965s ]
SQL: SHOW COLUMNS FROM `theguide_length_class` [ RunTime:0.0044s ]
SQL: SELECT * FROM `theguide_length_class`  [ RunTime:0.0004s ]
SQL: SHOW COLUMNS FROM `theguide_weight_class` [ RunTime:0.0035s ]
SQL: SELECT * FROM `theguide_weight_class`  [ RunTime:0.0003s ]
SQL: SHOW COLUMNS FROM `theguide_order_status` [ RunTime:0.0035s ]
SQL: SELECT * FROM `theguide_order_status`  [ RunTime:0.0002s ]
INFO: Run Behavior\ParseTemplateBehavior [ RunTime:0.020528s ]
INFO: [ view_parse ] --END-- [ RunTime:0.004058s ]
INFO: [ view_filter ] --START--
INFO: Run Behavior\WriteHtmlCacheBehavior [ RunTime:0.000012s ]
INFO: [ view_filter ] --END-- [ RunTime:-0.015560s ]
INFO: [ app_end ] --START--
INFO: Run Behavior\ShowPageTraceBehavior [ RunTime:0.001603s ]
INFO: [ app_end ] --END-- [ RunTime:0.001675s ]

