[ 2017-03-09T16:28:33+08:00 ] ::1 /theguide0309/admin.php
INFO: [ app_init ] --START--
INFO: Run Behavior\BuildLiteBehavior [ RunTime:0.000013s ]
INFO: [ app_init ] --END-- [ RunTime:0.000613s ]
INFO: [ app_begin ] --START--
INFO: Run Behavior\ReadHtmlCacheBehavior [ RunTime:0.000973s ]
INFO: Run Behavior\CheckLangBehavior [ RunTime:0.001902s ]
INFO: [ app_begin ] --END-- [ RunTime:0.002969s ]

[ 2017-03-09T16:28:33+08:00 ] ::1 /theguide0309/admin.php?s=/Public/login
INFO: [ app_init ] --START--
INFO: Run Behavior\BuildLiteBehavior [ RunTime:0.000026s ]
INFO: [ app_init ] --END-- [ RunTime:0.000941s ]
INFO: [ app_begin ] --START--
INFO: Run Behavior\ReadHtmlCacheBehavior [ RunTime:0.001101s ]
INFO: Run Behavior\CheckLangBehavior [ RunTime:0.002399s ]
INFO: [ app_begin ] --END-- [ RunTime:0.003604s ]
INFO: [ view_parse ] --START--
INFO: [ template_filter ] --START--
INFO: Run Behavior\ContentReplaceBehavior [ RunTime:0.000081s ]
INFO: [ template_filter ] --END-- [ RunTime:0.000152s ]
INFO: Run Behavior\ParseTemplateBehavior [ RunTime:0.008165s ]
INFO: [ view_parse ] --END-- [ RunTime:0.008220s ]
INFO: [ view_filter ] --START--
INFO: Run Behavior\WriteHtmlCacheBehavior [ RunTime:0.000750s ]
INFO: [ view_filter ] --END-- [ RunTime:0.000793s ]
INFO: [ app_end ] --START--
INFO: Run Behavior\ShowPageTraceBehavior [ RunTime:0.000914s ]
INFO: [ app_end ] --END-- [ RunTime:0.000960s ]

[ 2017-03-09T16:28:34+08:00 ] ::1 /theguide0309/admin.php?s=/Public/login
INFO: [ app_init ] --START--
INFO: Run Behavior\BuildLiteBehavior [ RunTime:0.000013s ]
INFO: [ app_init ] --END-- [ RunTime:0.000616s ]
INFO: [ app_begin ] --START--
INFO: Run Behavior\ReadHtmlCacheBehavior [ RunTime:0.000928s ]
INFO: Run Behavior\CheckLangBehavior [ RunTime:0.002407s ]
INFO: [ app_begin ] --END-- [ RunTime:0.003427s ]
SQL: SHOW COLUMNS FROM `theguide_admin` [ RunTime:0.0043s ]
SQL: SELECT * FROM `theguide_admin` WHERE `a_uname` = 'admin' LIMIT 1   [ RunTime:0.0004s ]
SQL: UPDATE `theguide_admin` SET `a_last_login_time`='1489048114',`a_login_count`=a_login_count+1,`a_last_login_ip`='0.0.0.0' WHERE `a_id` = 2 [ RunTime:0.0018s ]
SQL: SHOW COLUMNS FROM `theguide_user_action` [ RunTime:0.0049s ]
SQL: INSERT INTO `theguide_user_action` (`type`,`user_id`,`uname`,`add_time`,`info`) VALUES ('后台系统用户','2','admin','2017-03-09 16:28:34','登录了后台系统') [ RunTime:0.0018s ]

[ 2017-03-09T16:28:35+08:00 ] ::1 /theguide0309/admin.php?s=/Index/index
INFO: [ app_init ] --START--
INFO: Run Behavior\BuildLiteBehavior [ RunTime:0.000013s ]
INFO: [ app_init ] --END-- [ RunTime:0.000661s ]
INFO: [ app_begin ] --START--
INFO: Run Behavior\ReadHtmlCacheBehavior [ RunTime:0.001088s ]
INFO: Run Behavior\CheckLangBehavior [ RunTime:0.001891s ]
INFO: [ app_begin ] --END-- [ RunTime:0.003093s ]
SQL: SELECT DISTINCT ip from theguide_visitors_ip [ RunTime:0.0016s ]
SQL: SELECT DISTINCT ip from theguide_visitors_ip where last_visit_time='2017-03-09' [ RunTime:0.0003s ]
SQL: SHOW COLUMNS FROM `theguide_member` [ RunTime:0.0038s ]
SQL: SELECT * FROM `theguide_member`  [ RunTime:0.0004s ]
SQL: SELECT * from theguide_member where create_time>=1488988800 [ RunTime:0.0003s ]
SQL: SELECT SUM(total) AS total FROM theguide_order WHERE order_status_id NOT IN (3,5) [ RunTime:0.0009s ]
SQL: SELECT SUM(total) AS total FROM theguide_order WHERE order_status_id NOT IN (3,5) AND date_added>=1488988800 AND date_added<=1489075200 [ RunTime:0.0002s ]
SQL: SELECT count(*) AS total FROM theguide_order  [ RunTime:0.0002s ]
SQL: SELECT count(*) AS total FROM theguide_order  where date_added>=1488988800 AND date_added<=1489075200 [ RunTime:0.0002s ]
NOTIC: [2] Missing argument 1 for Admin\Model\OrderModel::show_order_page(), called in D:\WWW\theguide0309\Modules\Admin\Controller\IndexController.class.php on line 28 and defined D:\WWW\theguide0309\Modules\Admin\Model\OrderModel.class.php 第 21 行.
SQL: SELECT o.order_id,o.order_num_alias,o.total,o.ip_region,o.payment_code,o.shipping_method,o.date_added,o.date_modified,m.uname,os.order_status_id,os.name FROM theguide_order o,theguide_member m,theguide_order_status os WHERE o.member_id=m.member_id AND o.order_status_id=os.order_status_id  [ RunTime:0.0010s ]
SQL: SELECT o.order_id,o.order_num_alias,o.total,o.ip_region,o.payment_code,o.shipping_method,o.date_added,o.date_modified,m.uname,os.order_status_id,os.name FROM theguide_order o,theguide_member m,theguide_order_status os WHERE o.member_id=m.member_id AND o.order_status_id=os.order_status_id  ORDER BY o.order_id DESC LIMIT 0,10 [ RunTime:0.0006s ]
SQL: SHOW COLUMNS FROM `theguide_user_action` [ RunTime:0.0038s ]
SQL: SELECT * FROM `theguide_user_action` ORDER BY ua_id desc LIMIT 10   [ RunTime:0.0004s ]
INFO: [ view_parse ] --START--
INFO: [ template_filter ] --START--
INFO: Run Behavior\ContentReplaceBehavior [ RunTime:0.000116s ]
INFO: [ template_filter ] --END-- [ RunTime:0.000175s ]
SQL: SHOW COLUMNS FROM `theguide_menu` [ RunTime:0.0039s ]
SQL: SELECT * FROM `theguide_menu` ORDER BY sort_order  [ RunTime:0.0005s ]
INFO: [ view_parse ] --START--
INFO: [ template_filter ] --START--
INFO: Run Behavior\ContentReplaceBehavior [ RunTime:0.000046s ]
INFO: [ template_filter ] --END-- [ RunTime:-0.014420s ]
INFO: Run Behavior\ParseTemplateBehavior [ RunTime:0.004638s ]
INFO: [ view_parse ] --END-- [ RunTime:0.004692s ]
INFO: [ view_filter ] --START--
INFO: Run Behavior\WriteHtmlCacheBehavior [ RunTime:0.000846s ]
INFO: [ view_filter ] --END-- [ RunTime:0.000895s ]
INFO: Run Behavior\ParseTemplateBehavior [ RunTime:0.006391s ]
INFO: [ view_parse ] --END-- [ RunTime:0.004692s ]
INFO: [ view_filter ] --START--
INFO: Run Behavior\WriteHtmlCacheBehavior [ RunTime:0.000011s ]
INFO: [ view_filter ] --END-- [ RunTime:-0.000859s ]
INFO: [ app_end ] --START--
INFO: Run Behavior\ShowPageTraceBehavior [ RunTime:0.001421s ]
INFO: [ app_end ] --END-- [ RunTime:0.001510s ]

[ 2017-03-09T16:28:42+08:00 ] ::1 /theguide0309/admin.php?s=/News/index
INFO: [ app_init ] --START--
INFO: Run Behavior\BuildLiteBehavior [ RunTime:0.000014s ]
INFO: [ app_init ] --END-- [ RunTime:0.000676s ]
INFO: [ app_begin ] --START--
INFO: Run Behavior\ReadHtmlCacheBehavior [ RunTime:0.000921s ]
INFO: Run Behavior\CheckLangBehavior [ RunTime:0.002106s ]
INFO: [ app_begin ] --END-- [ RunTime:0.003129s ]
SQL: SHOW COLUMNS FROM `theguide_news` [ RunTime:0.0042s ]
NOTIC: [8] Undefined variable: count D:\WWW\theguide0309\Modules\Admin\Model\NewsModel.class.php 第 56 行.
SQL: SELECT * FROM theguide_news order by date desc LIMIT 0,10 [ RunTime:0.0005s ]
INFO: [ view_parse ] --START--
INFO: [ template_filter ] --START--
INFO: Run Behavior\ContentReplaceBehavior [ RunTime:0.000090s ]
INFO: [ template_filter ] --END-- [ RunTime:0.000151s ]
SQL: SHOW COLUMNS FROM `theguide_menu` [ RunTime:0.0039s ]
SQL: SELECT * FROM `theguide_menu` ORDER BY sort_order  [ RunTime:0.0005s ]
INFO: [ view_parse ] --START--
INFO: [ template_filter ] --START--
INFO: Run Behavior\ContentReplaceBehavior [ RunTime:0.000046s ]
INFO: [ template_filter ] --END-- [ RunTime:-0.013278s ]
INFO: Run Behavior\ParseTemplateBehavior [ RunTime:0.004274s ]
INFO: [ view_parse ] --END-- [ RunTime:0.004336s ]
INFO: [ view_filter ] --START--
INFO: Run Behavior\WriteHtmlCacheBehavior [ RunTime:0.000772s ]
INFO: [ view_filter ] --END-- [ RunTime:0.000818s ]
NOTIC: [8] Undefined index: ctitle D:\WWW\theguide0309\Runtime\Cache\Admin\4894936fddf18c7af5b3d63997f3f933.php 第 165 行.
NOTIC: [8] Undefined index: ctitle D:\WWW\theguide0309\Runtime\Cache\Admin\4894936fddf18c7af5b3d63997f3f933.php 第 165 行.
INFO: Run Behavior\ParseTemplateBehavior [ RunTime:0.005436s ]
INFO: [ view_parse ] --END-- [ RunTime:0.004336s ]
INFO: [ view_filter ] --START--
INFO: Run Behavior\WriteHtmlCacheBehavior [ RunTime:0.000010s ]
INFO: [ view_filter ] --END-- [ RunTime:-0.000332s ]
INFO: [ app_end ] --START--
INFO: Run Behavior\ShowPageTraceBehavior [ RunTime:0.001231s ]
INFO: [ app_end ] --END-- [ RunTime:0.001649s ]

[ 2017-03-09T16:28:46+08:00 ] ::1 /theguide0309/admin.php?s=/GoodsCategory/index
INFO: [ app_init ] --START--
INFO: Run Behavior\BuildLiteBehavior [ RunTime:0.000029s ]
INFO: [ app_init ] --END-- [ RunTime:0.000897s ]
INFO: [ app_begin ] --START--
INFO: Run Behavior\ReadHtmlCacheBehavior [ RunTime:0.001109s ]
INFO: Run Behavior\CheckLangBehavior [ RunTime:0.001498s ]
INFO: [ app_begin ] --END-- [ RunTime:0.002713s ]
SQL: SELECT id,pid,name FROM theguide_goods_category [ RunTime:0.0005s ]
INFO: [ view_parse ] --START--
INFO: [ template_filter ] --START--
INFO: Run Behavior\ContentReplaceBehavior [ RunTime:0.000111s ]
INFO: [ template_filter ] --END-- [ RunTime:0.000167s ]
SQL: SHOW COLUMNS FROM `theguide_menu` [ RunTime:0.0197s ]
SQL: SELECT * FROM `theguide_menu` ORDER BY sort_order  [ RunTime:0.0005s ]
INFO: [ view_parse ] --START--
INFO: [ template_filter ] --START--
INFO: Run Behavior\ContentReplaceBehavior [ RunTime:0.000047s ]
INFO: [ template_filter ] --END-- [ RunTime:-0.029118s ]
INFO: Run Behavior\ParseTemplateBehavior [ RunTime:0.005050s ]
INFO: [ view_parse ] --END-- [ RunTime:0.005143s ]
INFO: [ view_filter ] --START--
INFO: Run Behavior\WriteHtmlCacheBehavior [ RunTime:0.000914s ]
INFO: [ view_filter ] --END-- [ RunTime:0.000974s ]
INFO: Run Behavior\ParseTemplateBehavior [ RunTime:0.006338s ]
INFO: [ view_parse ] --END-- [ RunTime:0.005143s ]
INFO: [ view_filter ] --START--
INFO: Run Behavior\WriteHtmlCacheBehavior [ RunTime:0.000009s ]
INFO: [ view_filter ] --END-- [ RunTime:-0.000259s ]
INFO: [ app_end ] --START--
INFO: Run Behavior\ShowPageTraceBehavior [ RunTime:0.001051s ]
INFO: [ app_end ] --END-- [ RunTime:0.001147s ]

[ 2017-03-09T16:28:51+08:00 ] ::1 /theguide0309/admin.php?s=/AdminUser/index
INFO: [ app_init ] --START--
INFO: Run Behavior\BuildLiteBehavior [ RunTime:0.000012s ]
INFO: [ app_init ] --END-- [ RunTime:0.000669s ]
INFO: [ app_begin ] --START--
INFO: Run Behavior\ReadHtmlCacheBehavior [ RunTime:0.001106s ]
INFO: Run Behavior\CheckLangBehavior [ RunTime:0.002023s ]
INFO: [ app_begin ] --END-- [ RunTime:0.003241s ]
SQL: select * from theguide_admin  [ RunTime:0.0004s ]
SQL: select * from theguide_admin  order by a_id desc LIMIT 0,10 [ RunTime:0.0003s ]
INFO: [ view_parse ] --START--
INFO: [ template_filter ] --START--
INFO: Run Behavior\ContentReplaceBehavior [ RunTime:0.000102s ]
INFO: [ template_filter ] --END-- [ RunTime:0.000159s ]
SQL: SHOW COLUMNS FROM `theguide_menu` [ RunTime:0.0197s ]
SQL: SELECT * FROM `theguide_menu` ORDER BY sort_order  [ RunTime:0.0005s ]
INFO: [ view_parse ] --START--
INFO: [ template_filter ] --START--
INFO: Run Behavior\ContentReplaceBehavior [ RunTime:0.000045s ]
INFO: [ template_filter ] --END-- [ RunTime:-0.029014s ]
INFO: Run Behavior\ParseTemplateBehavior [ RunTime:0.004384s ]
INFO: [ view_parse ] --END-- [ RunTime:0.004439s ]
INFO: [ view_filter ] --START--
INFO: Run Behavior\WriteHtmlCacheBehavior [ RunTime:0.000716s ]
INFO: [ view_filter ] --END-- [ RunTime:0.000760s ]
INFO: Run Behavior\ParseTemplateBehavior [ RunTime:0.005364s ]
INFO: [ view_parse ] --END-- [ RunTime:0.004439s ]
INFO: [ view_filter ] --START--
INFO: Run Behavior\WriteHtmlCacheBehavior [ RunTime:0.000009s ]
INFO: [ view_filter ] --END-- [ RunTime:-0.000210s ]
INFO: [ app_end ] --START--
INFO: Run Behavior\ShowPageTraceBehavior [ RunTime:0.001175s ]
INFO: [ app_end ] --END-- [ RunTime:0.001227s ]

[ 2017-03-09T16:28:53+08:00 ] ::1 /theguide0309/admin.php?s=/UserAction/index
INFO: [ app_init ] --START--
INFO: Run Behavior\BuildLiteBehavior [ RunTime:0.000015s ]
INFO: [ app_init ] --END-- [ RunTime:0.000724s ]
INFO: [ app_begin ] --START--
INFO: Run Behavior\ReadHtmlCacheBehavior [ RunTime:0.001027s ]
INFO: Run Behavior\CheckLangBehavior [ RunTime:0.002252s ]
INFO: [ app_begin ] --END-- [ RunTime:0.003394s ]
SQL: SHOW COLUMNS FROM `theguide_user_action` [ RunTime:0.0197s ]
SQL: SELECT COUNT(*) AS tp_count FROM `theguide_user_action` LIMIT 1   [ RunTime:0.0004s ]
SQL: SELECT * FROM `theguide_user_action` ORDER BY ua_id desc LIMIT 0,10   [ RunTime:0.0003s ]
INFO: [ view_parse ] --START--
INFO: [ template_filter ] --START--
INFO: Run Behavior\ContentReplaceBehavior [ RunTime:0.000098s ]
INFO: [ template_filter ] --END-- [ RunTime:0.000156s ]
SQL: SHOW COLUMNS FROM `theguide_menu` [ RunTime:0.0044s ]
SQL: SELECT * FROM `theguide_menu` ORDER BY sort_order  [ RunTime:0.0005s ]
INFO: [ view_parse ] --START--
INFO: [ template_filter ] --START--
INFO: Run Behavior\ContentReplaceBehavior [ RunTime:0.000072s ]
INFO: [ template_filter ] --END-- [ RunTime:-0.014117s ]
INFO: Run Behavior\ParseTemplateBehavior [ RunTime:0.004424s ]
INFO: [ view_parse ] --END-- [ RunTime:0.004480s ]
INFO: [ view_filter ] --START--
INFO: Run Behavior\WriteHtmlCacheBehavior [ RunTime:0.000879s ]
INFO: [ view_filter ] --END-- [ RunTime:0.000924s ]
INFO: Run Behavior\ParseTemplateBehavior [ RunTime:0.005482s ]
INFO: [ view_parse ] --END-- [ RunTime:0.004480s ]
INFO: [ view_filter ] --START--
INFO: Run Behavior\WriteHtmlCacheBehavior [ RunTime:0.000009s ]
INFO: [ view_filter ] --END-- [ RunTime:-0.000121s ]
INFO: [ app_end ] --START--
INFO: Run Behavior\ShowPageTraceBehavior [ RunTime:0.001288s ]
INFO: [ app_end ] --END-- [ RunTime:0.001365s ]

[ 2017-03-09T16:28:54+08:00 ] ::1 /theguide0309/admin.php?s=/member/index
INFO: [ app_init ] --START--
INFO: Run Behavior\BuildLiteBehavior [ RunTime:0.000015s ]
INFO: [ app_init ] --END-- [ RunTime:0.000637s ]
INFO: [ app_begin ] --START--
INFO: Run Behavior\ReadHtmlCacheBehavior [ RunTime:0.001085s ]
INFO: Run Behavior\CheckLangBehavior [ RunTime:0.002266s ]
INFO: [ app_begin ] --END-- [ RunTime:0.003468s ]
SQL: SHOW COLUMNS FROM `theguide_member` [ RunTime:0.0048s ]
SQL: select * from theguide_member where 1  [ RunTime:0.0005s ]
SQL: select * from theguide_member where 1  order by member_id desc LIMIT 0,10 [ RunTime:0.0004s ]
SQL: SELECT COUNT(*) AS tp_count FROM `theguide_member` WHERE `pid` = 84 OR `sid` = 84 LIMIT 1   [ RunTime:0.0003s ]
INFO: [ view_parse ] --START--
INFO: [ template_filter ] --START--
INFO: Run Behavior\ContentReplaceBehavior [ RunTime:0.000115s ]
INFO: [ template_filter ] --END-- [ RunTime:0.000172s ]
SQL: SHOW COLUMNS FROM `theguide_menu` [ RunTime:0.0045s ]
SQL: SELECT * FROM `theguide_menu` ORDER BY sort_order  [ RunTime:0.0004s ]
INFO: [ view_parse ] --START--
INFO: [ template_filter ] --START--
INFO: Run Behavior\ContentReplaceBehavior [ RunTime:0.000044s ]
INFO: [ template_filter ] --END-- [ RunTime:-0.013671s ]
INFO: Run Behavior\ParseTemplateBehavior [ RunTime:0.004887s ]
INFO: [ view_parse ] --END-- [ RunTime:0.005046s ]
INFO: [ view_filter ] --START--
INFO: Run Behavior\WriteHtmlCacheBehavior [ RunTime:0.000927s ]
INFO: [ view_filter ] --END-- [ RunTime:0.000975s ]
NOTIC: [8] Undefined index: num D:\WWW\theguide0309\Runtime\Cache\Admin\316be533e8b7772c98e865fb1f158ff5.php 第 227 行.
INFO: Run Behavior\ParseTemplateBehavior [ RunTime:0.006353s ]
INFO: [ view_parse ] --END-- [ RunTime:0.005046s ]
INFO: [ view_filter ] --START--
INFO: Run Behavior\WriteHtmlCacheBehavior [ RunTime:0.000010s ]
INFO: [ view_filter ] --END-- [ RunTime:-0.000354s ]
INFO: [ app_end ] --START--
INFO: Run Behavior\ShowPageTraceBehavior [ RunTime:0.001279s ]
INFO: [ app_end ] --END-- [ RunTime:0.001345s ]

[ 2017-03-09T16:29:24+08:00 ] ::1 /theguide0309/admin.php?s=/Member/add
INFO: [ app_init ] --START--
INFO: Run Behavior\BuildLiteBehavior [ RunTime:0.000015s ]
INFO: [ app_init ] --END-- [ RunTime:0.000655s ]
INFO: [ app_begin ] --START--
INFO: Run Behavior\ReadHtmlCacheBehavior [ RunTime:0.001284s ]
INFO: Run Behavior\CheckLangBehavior [ RunTime:0.001906s ]
INFO: [ app_begin ] --END-- [ RunTime:0.003305s ]
INFO: [ view_parse ] --START--
INFO: [ template_filter ] --START--
INFO: Run Behavior\ContentReplaceBehavior [ RunTime:0.000167s ]
INFO: [ template_filter ] --END-- [ RunTime:0.000224s ]
SQL: SHOW COLUMNS FROM `theguide_menu` [ RunTime:0.0203s ]
SQL: SELECT * FROM `theguide_menu` ORDER BY sort_order  [ RunTime:0.0005s ]
INFO: [ view_parse ] --START--
INFO: [ template_filter ] --START--
INFO: Run Behavior\ContentReplaceBehavior [ RunTime:0.000044s ]
INFO: [ template_filter ] --END-- [ RunTime:-0.039336s ]
INFO: Run Behavior\ParseTemplateBehavior [ RunTime:0.004966s ]
INFO: [ view_parse ] --END-- [ RunTime:0.005044s ]
INFO: [ view_filter ] --START--
INFO: Run Behavior\WriteHtmlCacheBehavior [ RunTime:0.000812s ]
INFO: [ view_filter ] --END-- [ RunTime:0.000861s ]
NOTIC: [8] Undefined variable: data D:\WWW\theguide0309\Runtime\Cache\Admin\ba7ed59affb9fbccb78b3532a35f5ea6.php 第 297 行.
NOTIC: [8] Undefined variable: data D:\WWW\theguide0309\Runtime\Cache\Admin\ba7ed59affb9fbccb78b3532a35f5ea6.php 第 299 行.
NOTIC: [8] Undefined variable: data D:\WWW\theguide0309\Runtime\Cache\Admin\ba7ed59affb9fbccb78b3532a35f5ea6.php 第 309 行.
NOTIC: [8] Undefined variable: data D:\WWW\theguide0309\Runtime\Cache\Admin\ba7ed59affb9fbccb78b3532a35f5ea6.php 第 311 行.
NOTIC: [8] Undefined variable: data D:\WWW\theguide0309\Runtime\Cache\Admin\ba7ed59affb9fbccb78b3532a35f5ea6.php 第 321 行.
NOTIC: [8] Undefined variable: data D:\WWW\theguide0309\Runtime\Cache\Admin\ba7ed59affb9fbccb78b3532a35f5ea6.php 第 323 行.
NOTIC: [8] Undefined variable: info D:\WWW\theguide0309\Runtime\Cache\Admin\ba7ed59affb9fbccb78b3532a35f5ea6.php 第 427 行.
NOTIC: [8] Undefined variable: action_url D:\WWW\theguide0309\Runtime\Cache\Admin\ba7ed59affb9fbccb78b3532a35f5ea6.php 第 437 行.
INFO: Run Behavior\ParseTemplateBehavior [ RunTime:0.006142s ]
INFO: [ view_parse ] --END-- [ RunTime:0.005044s ]
INFO: [ view_filter ] --START--
INFO: Run Behavior\WriteHtmlCacheBehavior [ RunTime:0.000009s ]
INFO: [ view_filter ] --END-- [ RunTime:-0.000295s ]
INFO: [ app_end ] --START--
INFO: Run Behavior\ShowPageTraceBehavior [ RunTime:0.001378s ]
INFO: [ app_end ] --END-- [ RunTime:0.001525s ]

[ 2017-03-09T16:29:39+08:00 ] ::1 /theguide0309/admin.php?s=/Member/add
INFO: [ app_init ] --START--
INFO: Run Behavior\BuildLiteBehavior [ RunTime:0.000016s ]
INFO: [ app_init ] --END-- [ RunTime:0.000766s ]
INFO: [ app_begin ] --START--
INFO: Run Behavior\ReadHtmlCacheBehavior [ RunTime:0.000935s ]
INFO: Run Behavior\CheckLangBehavior [ RunTime:0.001904s ]
INFO: [ app_begin ] --END-- [ RunTime:0.002964s ]
SQL: SHOW COLUMNS FROM `theguide_code` [ RunTime:0.0044s ]
SQL: SHOW COLUMNS FROM `theguide_member` [ RunTime:0.0043s ]
SQL: SELECT * FROM `theguide_member` WHERE `uname` = '111111' LIMIT 1   [ RunTime:0.0004s ]
SQL: SELECT * FROM `theguide_code` WHERE `code` = '' LIMIT 1   [ RunTime:0.0003s ]
NOTIC: [8] Undefined offset: 1 D:\WWW\theguide0309\Modules\Admin\Model\MemberModel.class.php 第 180 行.
NOTIC: [8] Undefined offset: 1 D:\WWW\theguide0309\Modules\Admin\Model\MemberModel.class.php 第 185 行.
NOTIC: [8] Undefined offset: 1 D:\WWW\theguide0309\Modules\Admin\Model\MemberModel.class.php 第 190 行.
SQL: SELECT * FROM `theguide_member` WHERE `invite_code` = '' LIMIT 1   [ RunTime:0.0003s ]
INFO: [ view_parse ] --START--
INFO: [ template_filter ] --START--
INFO: Run Behavior\ContentReplaceBehavior [ RunTime:0.000052s ]
INFO: [ template_filter ] --END-- [ RunTime:0.000107s ]
INFO: Run Behavior\ParseTemplateBehavior [ RunTime:0.007152s ]
INFO: [ view_parse ] --END-- [ RunTime:0.007207s ]
INFO: [ view_filter ] --START--
INFO: Run Behavior\WriteHtmlCacheBehavior [ RunTime:0.000804s ]
INFO: [ view_filter ] --END-- [ RunTime:0.000848s ]

[ 2017-03-09T16:29:40+08:00 ] ::1 /theguide0309/admin.php?s=/Member/add
INFO: [ app_init ] --START--
INFO: Run Behavior\BuildLiteBehavior [ RunTime:0.000016s ]
INFO: [ app_init ] --END-- [ RunTime:0.000668s ]
INFO: [ app_begin ] --START--
INFO: Run Behavior\ReadHtmlCacheBehavior [ RunTime:0.001120s ]
INFO: Run Behavior\CheckLangBehavior [ RunTime:0.002053s ]
INFO: [ app_begin ] --END-- [ RunTime:0.003295s ]
INFO: [ view_parse ] --START--
INFO: [ template_filter ] --START--
INFO: Run Behavior\ContentReplaceBehavior [ RunTime:0.000162s ]
INFO: [ template_filter ] --END-- [ RunTime:0.000217s ]
SQL: SHOW COLUMNS FROM `theguide_menu` [ RunTime:0.0201s ]
SQL: SELECT * FROM `theguide_menu` ORDER BY sort_order  [ RunTime:0.0008s ]
INFO: [ view_parse ] --START--
INFO: [ template_filter ] --START--
INFO: Run Behavior\ContentReplaceBehavior [ RunTime:0.000045s ]
INFO: [ template_filter ] --END-- [ RunTime:-0.050467s ]
INFO: Run Behavior\ParseTemplateBehavior [ RunTime:0.005060s ]
INFO: [ view_parse ] --END-- [ RunTime:0.005145s ]
INFO: [ view_filter ] --START--
INFO: Run Behavior\WriteHtmlCacheBehavior [ RunTime:0.000846s ]
INFO: [ view_filter ] --END-- [ RunTime:0.000893s ]
NOTIC: [8] Undefined variable: data D:\WWW\theguide0309\Runtime\Cache\Admin\ba7ed59affb9fbccb78b3532a35f5ea6.php 第 297 行.
NOTIC: [8] Undefined variable: data D:\WWW\theguide0309\Runtime\Cache\Admin\ba7ed59affb9fbccb78b3532a35f5ea6.php 第 299 行.
NOTIC: [8] Undefined variable: data D:\WWW\theguide0309\Runtime\Cache\Admin\ba7ed59affb9fbccb78b3532a35f5ea6.php 第 309 行.
NOTIC: [8] Undefined variable: data D:\WWW\theguide0309\Runtime\Cache\Admin\ba7ed59affb9fbccb78b3532a35f5ea6.php 第 311 行.
NOTIC: [8] Undefined variable: data D:\WWW\theguide0309\Runtime\Cache\Admin\ba7ed59affb9fbccb78b3532a35f5ea6.php 第 321 行.
NOTIC: [8] Undefined variable: data D:\WWW\theguide0309\Runtime\Cache\Admin\ba7ed59affb9fbccb78b3532a35f5ea6.php 第 323 行.
NOTIC: [8] Undefined variable: info D:\WWW\theguide0309\Runtime\Cache\Admin\ba7ed59affb9fbccb78b3532a35f5ea6.php 第 427 行.
NOTIC: [8] Undefined variable: action_url D:\WWW\theguide0309\Runtime\Cache\Admin\ba7ed59affb9fbccb78b3532a35f5ea6.php 第 437 行.
INFO: Run Behavior\ParseTemplateBehavior [ RunTime:0.006255s ]
INFO: [ view_parse ] --END-- [ RunTime:0.005145s ]
INFO: [ view_filter ] --START--
INFO: Run Behavior\WriteHtmlCacheBehavior [ RunTime:0.000009s ]
INFO: [ view_filter ] --END-- [ RunTime:-0.000288s ]
INFO: [ app_end ] --START--
INFO: Run Behavior\ShowPageTraceBehavior [ RunTime:0.001233s ]
INFO: [ app_end ] --END-- [ RunTime:0.001305s ]

[ 2017-03-09T16:29:48+08:00 ] ::1 /theguide0309/admin.php?s=/Member/add
INFO: [ app_init ] --START--
INFO: Run Behavior\BuildLiteBehavior [ RunTime:0.000013s ]
INFO: [ app_init ] --END-- [ RunTime:0.000687s ]
INFO: [ app_begin ] --START--
INFO: Run Behavior\ReadHtmlCacheBehavior [ RunTime:0.001097s ]
INFO: Run Behavior\CheckLangBehavior [ RunTime:0.002578s ]
INFO: [ app_begin ] --END-- [ RunTime:0.003790s ]
SQL: SHOW COLUMNS FROM `theguide_code` [ RunTime:0.0038s ]
SQL: SHOW COLUMNS FROM `theguide_member` [ RunTime:0.0045s ]
SQL: SELECT * FROM `theguide_member` WHERE `uname` = '111111' LIMIT 1   [ RunTime:0.0004s ]
SQL: SELECT * FROM `theguide_member` WHERE `email` = '421932286@qq.com' LIMIT 1   [ RunTime:0.0003s ]
SQL: SELECT * FROM `theguide_member` WHERE `invite_code` = '' LIMIT 1   [ RunTime:0.0004s ]
SQL: SELECT * FROM `theguide_code` WHERE `code` = '' LIMIT 1   [ RunTime:0.0003s ]
NOTIC: [8] Undefined offset: 1 D:\WWW\theguide0309\Modules\Admin\Model\MemberModel.class.php 第 180 行.
NOTIC: [8] Undefined offset: 1 D:\WWW\theguide0309\Modules\Admin\Model\MemberModel.class.php 第 185 行.
NOTIC: [8] Undefined offset: 1 D:\WWW\theguide0309\Modules\Admin\Model\MemberModel.class.php 第 190 行.
SQL: SELECT * FROM `theguide_member` WHERE `invite_code` = '' LIMIT 1   [ RunTime:0.0003s ]
INFO: [ view_parse ] --START--
INFO: [ template_filter ] --START--
INFO: Run Behavior\ContentReplaceBehavior [ RunTime:0.000051s ]
INFO: [ template_filter ] --END-- [ RunTime:0.000103s ]
INFO: Run Behavior\ParseTemplateBehavior [ RunTime:0.007723s ]
INFO: [ view_parse ] --END-- [ RunTime:0.007789s ]
INFO: [ view_filter ] --START--
INFO: Run Behavior\WriteHtmlCacheBehavior [ RunTime:0.000711s ]
INFO: [ view_filter ] --END-- [ RunTime:0.000755s ]

[ 2017-03-09T16:29:49+08:00 ] ::1 /theguide0309/admin.php?s=/Member/add
INFO: [ app_init ] --START--
INFO: Run Behavior\BuildLiteBehavior [ RunTime:0.000015s ]
INFO: [ app_init ] --END-- [ RunTime:0.000714s ]
INFO: [ app_begin ] --START--
INFO: Run Behavior\ReadHtmlCacheBehavior [ RunTime:0.001145s ]
INFO: Run Behavior\CheckLangBehavior [ RunTime:0.002177s ]
INFO: [ app_begin ] --END-- [ RunTime:0.003454s ]
INFO: [ view_parse ] --START--
INFO: [ template_filter ] --START--
INFO: Run Behavior\ContentReplaceBehavior [ RunTime:0.000190s ]
INFO: [ template_filter ] --END-- [ RunTime:0.000245s ]
SQL: SHOW COLUMNS FROM `theguide_menu` [ RunTime:0.0199s ]
SQL: SELECT * FROM `theguide_menu` ORDER BY sort_order  [ RunTime:0.0005s ]
INFO: [ view_parse ] --START--
INFO: [ template_filter ] --START--
INFO: Run Behavior\ContentReplaceBehavior [ RunTime:0.000043s ]
INFO: [ template_filter ] --END-- [ RunTime:-0.048023s ]
INFO: Run Behavior\ParseTemplateBehavior [ RunTime:0.004867s ]
INFO: [ view_parse ] --END-- [ RunTime:0.004942s ]
INFO: [ view_filter ] --START--
INFO: Run Behavior\WriteHtmlCacheBehavior [ RunTime:0.001425s ]
INFO: [ view_filter ] --END-- [ RunTime:0.001487s ]
NOTIC: [8] Undefined variable: data D:\WWW\theguide0309\Runtime\Cache\Admin\ba7ed59affb9fbccb78b3532a35f5ea6.php 第 297 行.
NOTIC: [8] Undefined variable: data D:\WWW\theguide0309\Runtime\Cache\Admin\ba7ed59affb9fbccb78b3532a35f5ea6.php 第 299 行.
NOTIC: [8] Undefined variable: data D:\WWW\theguide0309\Runtime\Cache\Admin\ba7ed59affb9fbccb78b3532a35f5ea6.php 第 309 行.
NOTIC: [8] Undefined variable: data D:\WWW\theguide0309\Runtime\Cache\Admin\ba7ed59affb9fbccb78b3532a35f5ea6.php 第 311 行.
NOTIC: [8] Undefined variable: data D:\WWW\theguide0309\Runtime\Cache\Admin\ba7ed59affb9fbccb78b3532a35f5ea6.php 第 321 行.
NOTIC: [8] Undefined variable: data D:\WWW\theguide0309\Runtime\Cache\Admin\ba7ed59affb9fbccb78b3532a35f5ea6.php 第 323 行.
NOTIC: [8] Undefined variable: info D:\WWW\theguide0309\Runtime\Cache\Admin\ba7ed59affb9fbccb78b3532a35f5ea6.php 第 427 行.
NOTIC: [8] Undefined variable: action_url D:\WWW\theguide0309\Runtime\Cache\Admin\ba7ed59affb9fbccb78b3532a35f5ea6.php 第 437 行.
INFO: Run Behavior\ParseTemplateBehavior [ RunTime:0.006688s ]
INFO: [ view_parse ] --END-- [ RunTime:0.004942s ]
INFO: [ view_filter ] --START--
INFO: Run Behavior\WriteHtmlCacheBehavior [ RunTime:0.000011s ]
INFO: [ view_filter ] --END-- [ RunTime:-0.000318s ]
INFO: [ app_end ] --START--
INFO: Run Behavior\ShowPageTraceBehavior [ RunTime:0.001071s ]
INFO: [ app_end ] --END-- [ RunTime:0.001134s ]

[ 2017-03-09T16:29:56+08:00 ] ::1 /theguide0309/admin.php?s=/Member/add
INFO: [ app_init ] --START--
INFO: Run Behavior\BuildLiteBehavior [ RunTime:0.000013s ]
INFO: [ app_init ] --END-- [ RunTime:0.000619s ]
INFO: [ app_begin ] --START--
INFO: Run Behavior\ReadHtmlCacheBehavior [ RunTime:0.001095s ]
INFO: Run Behavior\CheckLangBehavior [ RunTime:0.002040s ]
INFO: [ app_begin ] --END-- [ RunTime:0.003257s ]
SQL: SHOW COLUMNS FROM `theguide_code` [ RunTime:0.0200s ]
SQL: SHOW COLUMNS FROM `theguide_member` [ RunTime:0.0041s ]
SQL: SELECT * FROM `theguide_member` WHERE `uname` = '111111' LIMIT 1   [ RunTime:0.0004s ]
SQL: SELECT * FROM `theguide_member` WHERE `email` = '421932286@qq.com' LIMIT 1   [ RunTime:0.0003s ]
SQL: SELECT * FROM `theguide_member` WHERE `invite_code` = '' LIMIT 1   [ RunTime:0.0003s ]
SQL: SELECT * FROM `theguide_code` WHERE `code` = '' LIMIT 1   [ RunTime:0.0003s ]
NOTIC: [8] Undefined offset: 1 D:\WWW\theguide0309\Modules\Admin\Model\MemberModel.class.php 第 180 行.
NOTIC: [8] Undefined offset: 1 D:\WWW\theguide0309\Modules\Admin\Model\MemberModel.class.php 第 185 行.
NOTIC: [8] Undefined offset: 1 D:\WWW\theguide0309\Modules\Admin\Model\MemberModel.class.php 第 190 行.
SQL: SELECT * FROM `theguide_member` WHERE `invite_code` = '' LIMIT 1   [ RunTime:0.0003s ]
INFO: [ view_parse ] --START--
INFO: [ template_filter ] --START--
INFO: Run Behavior\ContentReplaceBehavior [ RunTime:0.000060s ]
INFO: [ template_filter ] --END-- [ RunTime:0.000145s ]
INFO: Run Behavior\ParseTemplateBehavior [ RunTime:0.008140s ]
INFO: [ view_parse ] --END-- [ RunTime:0.008203s ]
INFO: [ view_filter ] --START--
INFO: Run Behavior\WriteHtmlCacheBehavior [ RunTime:0.000833s ]
INFO: [ view_filter ] --END-- [ RunTime:0.000879s ]

[ 2017-03-09T16:29:58+08:00 ] ::1 /theguide0309/admin.php?s=/Member/add
INFO: [ app_init ] --START--
INFO: Run Behavior\BuildLiteBehavior [ RunTime:0.000012s ]
INFO: [ app_init ] --END-- [ RunTime:0.000643s ]
INFO: [ app_begin ] --START--
INFO: Run Behavior\ReadHtmlCacheBehavior [ RunTime:0.001119s ]
INFO: Run Behavior\CheckLangBehavior [ RunTime:0.002384s ]
INFO: [ app_begin ] --END-- [ RunTime:0.003658s ]
INFO: [ view_parse ] --START--
INFO: [ template_filter ] --START--
INFO: Run Behavior\ContentReplaceBehavior [ RunTime:0.000176s ]
INFO: [ template_filter ] --END-- [ RunTime:0.000240s ]
SQL: SHOW COLUMNS FROM `theguide_menu` [ RunTime:0.0200s ]
SQL: SELECT * FROM `theguide_menu` ORDER BY sort_order  [ RunTime:0.0007s ]
INFO: [ view_parse ] --START--
INFO: [ template_filter ] --START--
INFO: Run Behavior\ContentReplaceBehavior [ RunTime:0.000045s ]
INFO: [ template_filter ] --END-- [ RunTime:-0.048501s ]
INFO: Run Behavior\ParseTemplateBehavior [ RunTime:0.004923s ]
INFO: [ view_parse ] --END-- [ RunTime:0.004980s ]
INFO: [ view_filter ] --START--
INFO: Run Behavior\WriteHtmlCacheBehavior [ RunTime:0.000804s ]
INFO: [ view_filter ] --END-- [ RunTime:0.000851s ]
NOTIC: [8] Undefined variable: data D:\WWW\theguide0309\Runtime\Cache\Admin\ba7ed59affb9fbccb78b3532a35f5ea6.php 第 297 行.
NOTIC: [8] Undefined variable: data D:\WWW\theguide0309\Runtime\Cache\Admin\ba7ed59affb9fbccb78b3532a35f5ea6.php 第 299 行.
NOTIC: [8] Undefined variable: data D:\WWW\theguide0309\Runtime\Cache\Admin\ba7ed59affb9fbccb78b3532a35f5ea6.php 第 309 行.
NOTIC: [8] Undefined variable: data D:\WWW\theguide0309\Runtime\Cache\Admin\ba7ed59affb9fbccb78b3532a35f5ea6.php 第 311 行.
NOTIC: [8] Undefined variable: data D:\WWW\theguide0309\Runtime\Cache\Admin\ba7ed59affb9fbccb78b3532a35f5ea6.php 第 321 行.
NOTIC: [8] Undefined variable: data D:\WWW\theguide0309\Runtime\Cache\Admin\ba7ed59affb9fbccb78b3532a35f5ea6.php 第 323 行.
NOTIC: [8] Undefined variable: info D:\WWW\theguide0309\Runtime\Cache\Admin\ba7ed59affb9fbccb78b3532a35f5ea6.php 第 427 行.
NOTIC: [8] Undefined variable: action_url D:\WWW\theguide0309\Runtime\Cache\Admin\ba7ed59affb9fbccb78b3532a35f5ea6.php 第 437 行.
INFO: Run Behavior\ParseTemplateBehavior [ RunTime:0.006073s ]
INFO: [ view_parse ] --END-- [ RunTime:0.004980s ]
INFO: [ view_filter ] --START--
INFO: Run Behavior\WriteHtmlCacheBehavior [ RunTime:0.000010s ]
INFO: [ view_filter ] --END-- [ RunTime:-0.000291s ]
INFO: [ app_end ] --START--
INFO: Run Behavior\ShowPageTraceBehavior [ RunTime:0.000965s ]
INFO: [ app_end ] --END-- [ RunTime:0.001032s ]

[ 2017-03-09T16:30:02+08:00 ] ::1 /theguide0309/admin.php?s=/Member/add
INFO: [ app_init ] --START--
INFO: Run Behavior\BuildLiteBehavior [ RunTime:0.000015s ]
INFO: [ app_init ] --END-- [ RunTime:0.000736s ]
INFO: [ app_begin ] --START--
INFO: Run Behavior\ReadHtmlCacheBehavior [ RunTime:0.001148s ]
INFO: Run Behavior\CheckLangBehavior [ RunTime:0.002084s ]
INFO: [ app_begin ] --END-- [ RunTime:0.003345s ]
SQL: SHOW COLUMNS FROM `theguide_code` [ RunTime:0.0200s ]
SQL: SHOW COLUMNS FROM `theguide_member` [ RunTime:0.0040s ]
SQL: SELECT * FROM `theguide_member` WHERE `uname` = '111111' LIMIT 1   [ RunTime:0.0004s ]
SQL: SELECT * FROM `theguide_member` WHERE `email` = '421932286@qq.com' LIMIT 1   [ RunTime:0.0004s ]
SQL: SELECT * FROM `theguide_member` WHERE `invite_code` = '' LIMIT 1   [ RunTime:0.0004s ]
SQL: SELECT * FROM `theguide_code` WHERE `code` = '' LIMIT 1   [ RunTime:0.0003s ]
NOTIC: [8] Undefined offset: 1 D:\WWW\theguide0309\Modules\Admin\Model\MemberModel.class.php 第 180 行.
NOTIC: [8] Undefined offset: 1 D:\WWW\theguide0309\Modules\Admin\Model\MemberModel.class.php 第 185 行.
NOTIC: [8] Undefined offset: 1 D:\WWW\theguide0309\Modules\Admin\Model\MemberModel.class.php 第 190 行.
SQL: SELECT * FROM `theguide_member` WHERE `invite_code` = '' LIMIT 1   [ RunTime:0.0003s ]
INFO: [ view_parse ] --START--
INFO: [ template_filter ] --START--
INFO: Run Behavior\ContentReplaceBehavior [ RunTime:0.000051s ]
INFO: [ template_filter ] --END-- [ RunTime:0.000108s ]
INFO: Run Behavior\ParseTemplateBehavior [ RunTime:0.007865s ]
INFO: [ view_parse ] --END-- [ RunTime:0.007919s ]
INFO: [ view_filter ] --START--
INFO: Run Behavior\WriteHtmlCacheBehavior [ RunTime:0.000833s ]
INFO: [ view_filter ] --END-- [ RunTime:0.000878s ]

[ 2017-03-09T16:30:04+08:00 ] ::1 /theguide0309/admin.php?s=/Member/add
INFO: [ app_init ] --START--
INFO: Run Behavior\BuildLiteBehavior [ RunTime:0.000015s ]
INFO: [ app_init ] --END-- [ RunTime:0.000595s ]
INFO: [ app_begin ] --START--
INFO: Run Behavior\ReadHtmlCacheBehavior [ RunTime:0.001073s ]
INFO: Run Behavior\CheckLangBehavior [ RunTime:0.002108s ]
INFO: [ app_begin ] --END-- [ RunTime:0.003291s ]
INFO: [ view_parse ] --START--
INFO: [ template_filter ] --START--
INFO: Run Behavior\ContentReplaceBehavior [ RunTime:0.000163s ]
INFO: [ template_filter ] --END-- [ RunTime:0.000219s ]
SQL: SHOW COLUMNS FROM `theguide_menu` [ RunTime:0.0044s ]
SQL: SELECT * FROM `theguide_menu` ORDER BY sort_order  [ RunTime:0.0005s ]
INFO: [ view_parse ] --START--
INFO: [ template_filter ] --START--
INFO: Run Behavior\ContentReplaceBehavior [ RunTime:0.000085s ]
INFO: [ template_filter ] --END-- [ RunTime:-0.023384s ]
INFO: Run Behavior\ParseTemplateBehavior [ RunTime:0.004589s ]
INFO: [ view_parse ] --END-- [ RunTime:0.004647s ]
INFO: [ view_filter ] --START--
INFO: Run Behavior\WriteHtmlCacheBehavior [ RunTime:0.000854s ]
INFO: [ view_filter ] --END-- [ RunTime:0.000901s ]
NOTIC: [8] Undefined variable: data D:\WWW\theguide0309\Runtime\Cache\Admin\ba7ed59affb9fbccb78b3532a35f5ea6.php 第 297 行.
NOTIC: [8] Undefined variable: data D:\WWW\theguide0309\Runtime\Cache\Admin\ba7ed59affb9fbccb78b3532a35f5ea6.php 第 299 行.
NOTIC: [8] Undefined variable: data D:\WWW\theguide0309\Runtime\Cache\Admin\ba7ed59affb9fbccb78b3532a35f5ea6.php 第 309 行.
NOTIC: [8] Undefined variable: data D:\WWW\theguide0309\Runtime\Cache\Admin\ba7ed59affb9fbccb78b3532a35f5ea6.php 第 311 行.
NOTIC: [8] Undefined variable: data D:\WWW\theguide0309\Runtime\Cache\Admin\ba7ed59affb9fbccb78b3532a35f5ea6.php 第 321 行.
NOTIC: [8] Undefined variable: data D:\WWW\theguide0309\Runtime\Cache\Admin\ba7ed59affb9fbccb78b3532a35f5ea6.php 第 323 行.
NOTIC: [8] Undefined variable: info D:\WWW\theguide0309\Runtime\Cache\Admin\ba7ed59affb9fbccb78b3532a35f5ea6.php 第 427 行.
NOTIC: [8] Undefined variable: action_url D:\WWW\theguide0309\Runtime\Cache\Admin\ba7ed59affb9fbccb78b3532a35f5ea6.php 第 437 行.
INFO: Run Behavior\ParseTemplateBehavior [ RunTime:0.005798s ]
INFO: [ view_parse ] --END-- [ RunTime:0.004647s ]
INFO: [ view_filter ] --START--
INFO: Run Behavior\WriteHtmlCacheBehavior [ RunTime:0.000009s ]
INFO: [ view_filter ] --END-- [ RunTime:-0.000295s ]
INFO: [ app_end ] --START--
INFO: Run Behavior\ShowPageTraceBehavior [ RunTime:0.001023s ]
INFO: [ app_end ] --END-- [ RunTime:0.001102s ]

[ 2017-03-09T16:30:43+08:00 ] ::1 /theguide0309/admin.php?s=/member/index
INFO: [ app_init ] --START--
INFO: Run Behavior\BuildLiteBehavior [ RunTime:0.000017s ]
INFO: [ app_init ] --END-- [ RunTime:0.000693s ]
INFO: [ app_begin ] --START--
INFO: Run Behavior\ReadHtmlCacheBehavior [ RunTime:0.001010s ]
INFO: Run Behavior\CheckLangBehavior [ RunTime:0.001781s ]
INFO: [ app_begin ] --END-- [ RunTime:0.002906s ]
SQL: SHOW COLUMNS FROM `theguide_member` [ RunTime:0.0037s ]
SQL: select * from theguide_member where 1  [ RunTime:0.0004s ]
SQL: select * from theguide_member where 1  order by member_id desc LIMIT 0,10 [ RunTime:0.0004s ]
SQL: SELECT COUNT(*) AS tp_count FROM `theguide_member` WHERE `pid` = 84 OR `sid` = 84 LIMIT 1   [ RunTime:0.0002s ]
INFO: [ view_parse ] --START--
INFO: [ template_filter ] --START--
INFO: Run Behavior\ContentReplaceBehavior [ RunTime:0.000133s ]
INFO: [ template_filter ] --END-- [ RunTime:0.000195s ]
SQL: SHOW COLUMNS FROM `theguide_menu` [ RunTime:0.0039s ]
SQL: SELECT * FROM `theguide_menu` ORDER BY sort_order  [ RunTime:0.0006s ]
INFO: [ view_parse ] --START--
INFO: [ template_filter ] --START--
INFO: Run Behavior\ContentReplaceBehavior [ RunTime:0.000046s ]
INFO: [ template_filter ] --END-- [ RunTime:-0.013544s ]
INFO: Run Behavior\ParseTemplateBehavior [ RunTime:0.004237s ]
INFO: [ view_parse ] --END-- [ RunTime:0.004298s ]
INFO: [ view_filter ] --START--
INFO: Run Behavior\WriteHtmlCacheBehavior [ RunTime:0.000823s ]
INFO: [ view_filter ] --END-- [ RunTime:0.000870s ]
NOTIC: [8] Undefined index: num D:\WWW\theguide0309\Runtime\Cache\Admin\316be533e8b7772c98e865fb1f158ff5.php 第 227 行.
INFO: Run Behavior\ParseTemplateBehavior [ RunTime:0.005479s ]
INFO: [ view_parse ] --END-- [ RunTime:0.004298s ]
INFO: [ view_filter ] --START--
INFO: Run Behavior\WriteHtmlCacheBehavior [ RunTime:0.000011s ]
INFO: [ view_filter ] --END-- [ RunTime:-0.000357s ]
INFO: [ app_end ] --START--
INFO: Run Behavior\ShowPageTraceBehavior [ RunTime:0.001081s ]
INFO: [ app_end ] --END-- [ RunTime:0.001136s ]

[ 2017-03-09T16:31:49+08:00 ] ::1 /theguide0309/admin.php?s=/Member/add
INFO: [ app_init ] --START--
INFO: Run Behavior\BuildLiteBehavior [ RunTime:0.000014s ]
INFO: [ app_init ] --END-- [ RunTime:0.000652s ]
INFO: [ app_begin ] --START--
INFO: Run Behavior\ReadHtmlCacheBehavior [ RunTime:0.000933s ]
INFO: Run Behavior\CheckLangBehavior [ RunTime:0.001942s ]
INFO: [ app_begin ] --END-- [ RunTime:0.002972s ]
INFO: [ view_parse ] --START--
INFO: [ template_filter ] --START--
INFO: Run Behavior\ContentReplaceBehavior [ RunTime:0.000177s ]
INFO: [ template_filter ] --END-- [ RunTime:0.000241s ]
SQL: SHOW COLUMNS FROM `theguide_menu` [ RunTime:0.0201s ]
SQL: SELECT * FROM `theguide_menu` ORDER BY sort_order  [ RunTime:0.0005s ]
INFO: [ view_parse ] --START--
INFO: [ template_filter ] --START--
INFO: Run Behavior\ContentReplaceBehavior [ RunTime:0.000046s ]
INFO: [ template_filter ] --END-- [ RunTime:-0.047857s ]
INFO: Run Behavior\ParseTemplateBehavior [ RunTime:0.004459s ]
INFO: [ view_parse ] --END-- [ RunTime:0.004525s ]
INFO: [ view_filter ] --START--
INFO: Run Behavior\WriteHtmlCacheBehavior [ RunTime:0.001037s ]
INFO: [ view_filter ] --END-- [ RunTime:0.001096s ]
NOTIC: [8] Undefined variable: data D:\WWW\theguide0309\Runtime\Cache\Admin\ba7ed59affb9fbccb78b3532a35f5ea6.php 第 297 行.
NOTIC: [8] Undefined variable: data D:\WWW\theguide0309\Runtime\Cache\Admin\ba7ed59affb9fbccb78b3532a35f5ea6.php 第 299 行.
NOTIC: [8] Undefined variable: data D:\WWW\theguide0309\Runtime\Cache\Admin\ba7ed59affb9fbccb78b3532a35f5ea6.php 第 309 行.
NOTIC: [8] Undefined variable: data D:\WWW\theguide0309\Runtime\Cache\Admin\ba7ed59affb9fbccb78b3532a35f5ea6.php 第 311 行.
NOTIC: [8] Undefined variable: data D:\WWW\theguide0309\Runtime\Cache\Admin\ba7ed59affb9fbccb78b3532a35f5ea6.php 第 321 行.
NOTIC: [8] Undefined variable: data D:\WWW\theguide0309\Runtime\Cache\Admin\ba7ed59affb9fbccb78b3532a35f5ea6.php 第 323 行.
NOTIC: [8] Undefined variable: info D:\WWW\theguide0309\Runtime\Cache\Admin\ba7ed59affb9fbccb78b3532a35f5ea6.php 第 427 行.
NOTIC: [8] Undefined variable: action_url D:\WWW\theguide0309\Runtime\Cache\Admin\ba7ed59affb9fbccb78b3532a35f5ea6.php 第 437 行.
INFO: Run Behavior\ParseTemplateBehavior [ RunTime:0.006283s ]
INFO: [ view_parse ] --END-- [ RunTime:0.004525s ]
INFO: [ view_filter ] --START--
INFO: Run Behavior\WriteHtmlCacheBehavior [ RunTime:0.000039s ]
INFO: [ view_filter ] --END-- [ RunTime:-0.000725s ]
INFO: [ app_end ] --START--
INFO: Run Behavior\ShowPageTraceBehavior [ RunTime:0.001590s ]
INFO: [ app_end ] --END-- [ RunTime:0.001679s ]

[ 2017-03-09T16:32:05+08:00 ] ::1 /theguide0309/admin.php?s=/Contact/index
INFO: [ app_init ] --START--
INFO: Run Behavior\BuildLiteBehavior [ RunTime:0.000013s ]
INFO: [ app_init ] --END-- [ RunTime:0.000670s ]
INFO: [ app_begin ] --START--
INFO: Run Behavior\ReadHtmlCacheBehavior [ RunTime:0.001073s ]
INFO: Run Behavior\CheckLangBehavior [ RunTime:0.001940s ]
INFO: [ app_begin ] --END-- [ RunTime:0.003113s ]
SQL: SHOW COLUMNS FROM `theguide_contact` [ RunTime:0.0200s ]
SQL: SELECT COUNT(*) AS tp_count FROM `theguide_contact` LIMIT 1   [ RunTime:0.0003s ]
SQL: SELECT * FROM `theguide_contact` ORDER BY addtime desc LIMIT 0,10   [ RunTime:0.0003s ]
INFO: [ view_parse ] --START--
INFO: [ template_filter ] --START--
INFO: Run Behavior\ContentReplaceBehavior [ RunTime:0.000088s ]
INFO: [ template_filter ] --END-- [ RunTime:0.000146s ]
SQL: SHOW COLUMNS FROM `theguide_menu` [ RunTime:0.0037s ]
SQL: SELECT * FROM `theguide_menu` ORDER BY sort_order  [ RunTime:0.0005s ]
INFO: [ view_parse ] --START--
INFO: [ template_filter ] --START--
INFO: Run Behavior\ContentReplaceBehavior [ RunTime:0.000046s ]
INFO: [ template_filter ] --END-- [ RunTime:-0.012768s ]
INFO: Run Behavior\ParseTemplateBehavior [ RunTime:0.004560s ]
INFO: [ view_parse ] --END-- [ RunTime:0.004633s ]
INFO: [ view_filter ] --START--
INFO: Run Behavior\WriteHtmlCacheBehavior [ RunTime:0.000917s ]
INFO: [ view_filter ] --END-- [ RunTime:0.000978s ]
INFO: Run Behavior\ParseTemplateBehavior [ RunTime:0.005733s ]
INFO: [ view_parse ] --END-- [ RunTime:0.004633s ]
INFO: [ view_filter ] --START--
INFO: Run Behavior\WriteHtmlCacheBehavior [ RunTime:0.000010s ]
INFO: [ view_filter ] --END-- [ RunTime:-0.000167s ]
INFO: [ app_end ] --START--
INFO: Run Behavior\ShowPageTraceBehavior [ RunTime:0.001307s ]
INFO: [ app_end ] --END-- [ RunTime:0.001371s ]

[ 2017-03-09T16:32:06+08:00 ] ::1 /theguide0309/admin.php?s=/Code/index
INFO: [ app_init ] --START--
INFO: Run Behavior\BuildLiteBehavior [ RunTime:0.000013s ]
INFO: [ app_init ] --END-- [ RunTime:0.000568s ]
INFO: [ app_begin ] --START--
INFO: Run Behavior\ReadHtmlCacheBehavior [ RunTime:0.000982s ]
INFO: Run Behavior\CheckLangBehavior [ RunTime:0.002088s ]
INFO: [ app_begin ] --END-- [ RunTime:0.003182s ]
SQL: SHOW COLUMNS FROM `theguide_code` [ RunTime:0.0203s ]
SQL: SELECT COUNT(*) AS tp_count FROM `theguide_code` LIMIT 1   [ RunTime:0.0004s ]
SQL: SELECT * FROM `theguide_code` ORDER BY code_id desc LIMIT 0,10   [ RunTime:0.0003s ]
INFO: [ view_parse ] --START--
INFO: [ template_filter ] --START--
INFO: Run Behavior\ContentReplaceBehavior [ RunTime:0.000086s ]
INFO: [ template_filter ] --END-- [ RunTime:0.000135s ]
SQL: SHOW COLUMNS FROM `theguide_menu` [ RunTime:0.0042s ]
SQL: SELECT * FROM `theguide_menu` ORDER BY sort_order  [ RunTime:0.0005s ]
INFO: [ view_parse ] --START--
INFO: [ template_filter ] --START--
INFO: Run Behavior\ContentReplaceBehavior [ RunTime:0.000063s ]
INFO: [ template_filter ] --END-- [ RunTime:-0.012785s ]
INFO: Run Behavior\ParseTemplateBehavior [ RunTime:0.004232s ]
INFO: [ view_parse ] --END-- [ RunTime:0.004288s ]
INFO: [ view_filter ] --START--
INFO: Run Behavior\WriteHtmlCacheBehavior [ RunTime:0.000897s ]
INFO: [ view_filter ] --END-- [ RunTime:0.000958s ]
INFO: Run Behavior\ParseTemplateBehavior [ RunTime:0.005628s ]
INFO: [ view_parse ] --END-- [ RunTime:0.004288s ]
INFO: [ view_filter ] --START--
INFO: Run Behavior\WriteHtmlCacheBehavior [ RunTime:0.000009s ]
INFO: [ view_filter ] --END-- [ RunTime:-0.000427s ]
INFO: [ app_end ] --START--
INFO: Run Behavior\ShowPageTraceBehavior [ RunTime:0.001307s ]
INFO: [ app_end ] --END-- [ RunTime:0.001402s ]

[ 2017-03-09T16:32:12+08:00 ] ::1 /theguide0309/admin.php?s=/Code/add
INFO: [ app_init ] --START--
INFO: Run Behavior\BuildLiteBehavior [ RunTime:0.000015s ]
INFO: [ app_init ] --END-- [ RunTime:0.000664s ]
INFO: [ app_begin ] --START--
INFO: Run Behavior\ReadHtmlCacheBehavior [ RunTime:0.001225s ]
INFO: Run Behavior\CheckLangBehavior [ RunTime:0.002025s ]
INFO: [ app_begin ] --END-- [ RunTime:0.003384s ]
INFO: [ view_parse ] --START--
INFO: [ template_filter ] --START--
INFO: Run Behavior\ContentReplaceBehavior [ RunTime:0.000161s ]
INFO: [ template_filter ] --END-- [ RunTime:0.000283s ]
SQL: SHOW COLUMNS FROM `theguide_menu` [ RunTime:0.0196s ]
SQL: SELECT * FROM `theguide_menu` ORDER BY sort_order  [ RunTime:0.0005s ]
INFO: [ view_parse ] --START--
INFO: [ template_filter ] --START--
INFO: Run Behavior\ContentReplaceBehavior [ RunTime:0.000046s ]
INFO: [ template_filter ] --END-- [ RunTime:-0.046367s ]
INFO: Run Behavior\ParseTemplateBehavior [ RunTime:0.004682s ]
INFO: [ view_parse ] --END-- [ RunTime:0.004766s ]
INFO: [ view_filter ] --START--
INFO: Run Behavior\WriteHtmlCacheBehavior [ RunTime:0.000954s ]
INFO: [ view_filter ] --END-- [ RunTime:0.001020s ]
NOTIC: [8] Undefined variable: d D:\WWW\theguide0309\Runtime\Cache\Admin\f81eb2886bf29915331a32750499a67d.php 第 180 行.
NOTIC: [8] Undefined variable: info D:\WWW\theguide0309\Runtime\Cache\Admin\f81eb2886bf29915331a32750499a67d.php 第 281 行.
NOTIC: [8] Undefined variable: action_url D:\WWW\theguide0309\Runtime\Cache\Admin\f81eb2886bf29915331a32750499a67d.php 第 292 行.
INFO: Run Behavior\ParseTemplateBehavior [ RunTime:0.005945s ]
INFO: [ view_parse ] --END-- [ RunTime:0.004766s ]
INFO: [ view_filter ] --START--
INFO: Run Behavior\WriteHtmlCacheBehavior [ RunTime:0.000015s ]
INFO: [ view_filter ] --END-- [ RunTime:-0.000224s ]
INFO: [ app_end ] --START--
INFO: Run Behavior\ShowPageTraceBehavior [ RunTime:0.001132s ]
INFO: [ app_end ] --END-- [ RunTime:0.001214s ]

[ 2017-03-09T16:32:14+08:00 ] ::1 /theguide0309/admin.php?s=/member/index
INFO: [ app_init ] --START--
INFO: Run Behavior\BuildLiteBehavior [ RunTime:0.000016s ]
INFO: [ app_init ] --END-- [ RunTime:0.000747s ]
INFO: [ app_begin ] --START--
INFO: Run Behavior\ReadHtmlCacheBehavior [ RunTime:0.001034s ]
INFO: Run Behavior\CheckLangBehavior [ RunTime:0.002257s ]
INFO: [ app_begin ] --END-- [ RunTime:0.003404s ]
SQL: SHOW COLUMNS FROM `theguide_member` [ RunTime:0.0206s ]
SQL: select * from theguide_member where 1  [ RunTime:0.0004s ]
SQL: select * from theguide_member where 1  order by member_id desc LIMIT 0,10 [ RunTime:0.0003s ]
SQL: SELECT COUNT(*) AS tp_count FROM `theguide_member` WHERE `pid` = 84 OR `sid` = 84 LIMIT 1   [ RunTime:0.0002s ]
INFO: [ view_parse ] --START--
INFO: [ template_filter ] --START--
INFO: Run Behavior\ContentReplaceBehavior [ RunTime:0.000150s ]
INFO: [ template_filter ] --END-- [ RunTime:0.000232s ]
SQL: SHOW COLUMNS FROM `theguide_menu` [ RunTime:0.0046s ]
SQL: SELECT * FROM `theguide_menu` ORDER BY sort_order  [ RunTime:0.0006s ]
INFO: [ view_parse ] --START--
INFO: [ template_filter ] --START--
INFO: Run Behavior\ContentReplaceBehavior [ RunTime:0.000050s ]
INFO: [ template_filter ] --END-- [ RunTime:-0.015272s ]
INFO: Run Behavior\ParseTemplateBehavior [ RunTime:0.004627s ]
INFO: [ view_parse ] --END-- [ RunTime:0.004696s ]
INFO: [ view_filter ] --START--
INFO: Run Behavior\WriteHtmlCacheBehavior [ RunTime:0.001077s ]
INFO: [ view_filter ] --END-- [ RunTime:0.001129s ]
NOTIC: [8] Undefined index: num D:\WWW\theguide0309\Runtime\Cache\Admin\316be533e8b7772c98e865fb1f158ff5.php 第 227 行.
INFO: Run Behavior\ParseTemplateBehavior [ RunTime:0.006221s ]
INFO: [ view_parse ] --END-- [ RunTime:0.004696s ]
INFO: [ view_filter ] --START--
INFO: Run Behavior\WriteHtmlCacheBehavior [ RunTime:0.000010s ]
INFO: [ view_filter ] --END-- [ RunTime:-0.000373s ]
INFO: [ app_end ] --START--
INFO: Run Behavior\ShowPageTraceBehavior [ RunTime:0.001169s ]
INFO: [ app_end ] --END-- [ RunTime:0.001223s ]

[ 2017-03-09T16:32:15+08:00 ] ::1 /theguide0309/admin.php?s=/Member/add
INFO: [ app_init ] --START--
INFO: Run Behavior\BuildLiteBehavior [ RunTime:0.000015s ]
INFO: [ app_init ] --END-- [ RunTime:0.000669s ]
INFO: [ app_begin ] --START--
INFO: Run Behavior\ReadHtmlCacheBehavior [ RunTime:0.001179s ]
INFO: Run Behavior\CheckLangBehavior [ RunTime:0.002032s ]
INFO: [ app_begin ] --END-- [ RunTime:0.003344s ]
INFO: [ view_parse ] --START--
INFO: [ template_filter ] --START--
INFO: Run Behavior\ContentReplaceBehavior [ RunTime:0.000182s ]
INFO: [ template_filter ] --END-- [ RunTime:0.000243s ]
SQL: SHOW COLUMNS FROM `theguide_menu` [ RunTime:0.0205s ]
SQL: SELECT * FROM `theguide_menu` ORDER BY sort_order  [ RunTime:0.0006s ]
INFO: [ view_parse ] --START--
INFO: [ template_filter ] --START--
INFO: Run Behavior\ContentReplaceBehavior [ RunTime:0.000046s ]
INFO: [ template_filter ] --END-- [ RunTime:-0.038044s ]
INFO: Run Behavior\ParseTemplateBehavior [ RunTime:0.004250s ]
INFO: [ view_parse ] --END-- [ RunTime:0.004321s ]
INFO: [ view_filter ] --START--
INFO: Run Behavior\WriteHtmlCacheBehavior [ RunTime:0.000754s ]
INFO: [ view_filter ] --END-- [ RunTime:0.000804s ]
NOTIC: [8] Undefined variable: data D:\WWW\theguide0309\Runtime\Cache\Admin\ba7ed59affb9fbccb78b3532a35f5ea6.php 第 297 行.
NOTIC: [8] Undefined variable: data D:\WWW\theguide0309\Runtime\Cache\Admin\ba7ed59affb9fbccb78b3532a35f5ea6.php 第 299 行.
NOTIC: [8] Undefined variable: data D:\WWW\theguide0309\Runtime\Cache\Admin\ba7ed59affb9fbccb78b3532a35f5ea6.php 第 309 行.
NOTIC: [8] Undefined variable: data D:\WWW\theguide0309\Runtime\Cache\Admin\ba7ed59affb9fbccb78b3532a35f5ea6.php 第 311 行.
NOTIC: [8] Undefined variable: data D:\WWW\theguide0309\Runtime\Cache\Admin\ba7ed59affb9fbccb78b3532a35f5ea6.php 第 321 行.
NOTIC: [8] Undefined variable: data D:\WWW\theguide0309\Runtime\Cache\Admin\ba7ed59affb9fbccb78b3532a35f5ea6.php 第 323 行.
NOTIC: [8] Undefined variable: info D:\WWW\theguide0309\Runtime\Cache\Admin\ba7ed59affb9fbccb78b3532a35f5ea6.php 第 427 行.
NOTIC: [8] Undefined variable: action_url D:\WWW\theguide0309\Runtime\Cache\Admin\ba7ed59affb9fbccb78b3532a35f5ea6.php 第 437 行.
INFO: Run Behavior\ParseTemplateBehavior [ RunTime:0.005398s ]
INFO: [ view_parse ] --END-- [ RunTime:0.004321s ]
INFO: [ view_filter ] --START--
INFO: Run Behavior\WriteHtmlCacheBehavior [ RunTime:0.000010s ]
INFO: [ view_filter ] --END-- [ RunTime:-0.000333s ]
INFO: [ app_end ] --START--
INFO: Run Behavior\ShowPageTraceBehavior [ RunTime:0.001100s ]
INFO: [ app_end ] --END-- [ RunTime:0.001158s ]

[ 2017-03-09T16:32:25+08:00 ] ::1 /theguide0309/admin.php?s=/Member/add
INFO: [ app_init ] --START--
INFO: Run Behavior\BuildLiteBehavior [ RunTime:0.000014s ]
INFO: [ app_init ] --END-- [ RunTime:0.000647s ]
INFO: [ app_begin ] --START--
INFO: Run Behavior\ReadHtmlCacheBehavior [ RunTime:0.000989s ]
INFO: Run Behavior\CheckLangBehavior [ RunTime:0.002728s ]
INFO: [ app_begin ] --END-- [ RunTime:0.003854s ]
SQL: SHOW COLUMNS FROM `theguide_code` [ RunTime:0.0039s ]
SQL: SHOW COLUMNS FROM `theguide_member` [ RunTime:0.0046s ]
SQL: SELECT * FROM `theguide_member` WHERE `uname` = 'senmons1' LIMIT 1   [ RunTime:0.0006s ]
SQL: SELECT * FROM `theguide_member` WHERE `email` = '421932286@qq.com' LIMIT 1   [ RunTime:0.0004s ]
SQL: SELECT * FROM `theguide_member` WHERE `invite_code` = '886' LIMIT 1   [ RunTime:0.0003s ]
SQL: SELECT * FROM `theguide_code` WHERE `code` = '886' LIMIT 1   [ RunTime:0.0002s ]
SQL: UPDATE `theguide_code` SET `lv`='1',`code`='886',`state`='1',`content`='' WHERE `code_id` = 24 [ RunTime:0.0014s ]
NOTIC: [8] Undefined offset: 1 D:\WWW\theguide0309\Modules\Admin\Model\MemberModel.class.php 第 180 行.
NOTIC: [8] Undefined offset: 1 D:\WWW\theguide0309\Modules\Admin\Model\MemberModel.class.php 第 185 行.
NOTIC: [8] Undefined offset: 1 D:\WWW\theguide0309\Modules\Admin\Model\MemberModel.class.php 第 190 行.
SQL: SELECT * FROM `theguide_member` WHERE `invite_code` = '' LIMIT 1   [ RunTime:0.0003s ]
NOTIC: [8] Undefined variable: error D:\WWW\theguide0309\Modules\Admin\Model\MemberModel.class.php 第 204 行.
SQL: SHOW COLUMNS FROM `theguide_member` [ RunTime:0.0040s ]
SQL: INSERT INTO `theguide_member` (`uname`,`pwd`,`email`,`telephone`,`invite_code`,`referee_code`,`name`,`id_card`,`loc_province`,`loc_city`,`loc_town`,`address`,`idcadeimage1`,`idcadeimage2`,`addressimage`,`lv`,`addressall`,`pid`,`create_time`,`status`) VALUES ('senmons1','MDAwMDAwMDAwMIJ9mpaAepxn','421932286@qq.com','','QD9048345','','','','省份','地级市','市、县、区','','','','','2','省份地级市市、县、区','84','1489048345','1') [ RunTime:0.0017s ]
INFO: [ view_parse ] --START--
INFO: [ template_filter ] --START--
INFO: Run Behavior\ContentReplaceBehavior [ RunTime:0.000054s ]
INFO: [ template_filter ] --END-- [ RunTime:0.000114s ]
INFO: Run Behavior\ParseTemplateBehavior [ RunTime:0.007629s ]
INFO: [ view_parse ] --END-- [ RunTime:0.007705s ]
INFO: [ view_filter ] --START--
INFO: Run Behavior\WriteHtmlCacheBehavior [ RunTime:0.000972s ]
INFO: [ view_filter ] --END-- [ RunTime:0.001065s ]

[ 2017-03-09T16:32:27+08:00 ] ::1 /theguide0309/admin.php?s=/Member/index
INFO: [ app_init ] --START--
INFO: Run Behavior\BuildLiteBehavior [ RunTime:0.000030s ]
INFO: [ app_init ] --END-- [ RunTime:0.001181s ]
INFO: [ app_begin ] --START--
INFO: Run Behavior\ReadHtmlCacheBehavior [ RunTime:0.002151s ]
INFO: Run Behavior\CheckLangBehavior [ RunTime:0.003463s ]
INFO: [ app_begin ] --END-- [ RunTime:0.005826s ]
SQL: SHOW COLUMNS FROM `theguide_member` [ RunTime:0.0041s ]
SQL: select * from theguide_member where 1  [ RunTime:0.0005s ]
SQL: select * from theguide_member where 1  order by member_id desc LIMIT 0,10 [ RunTime:0.0003s ]
SQL: SELECT COUNT(*) AS tp_count FROM `theguide_member` WHERE `pid` = 85 OR `sid` = 85 LIMIT 1   [ RunTime:0.0002s ]
SQL: SELECT COUNT(*) AS tp_count FROM `theguide_member` WHERE `pid` = 84 OR `sid` = 84 LIMIT 1   [ RunTime:0.0002s ]
INFO: [ view_parse ] --START--
INFO: [ template_filter ] --START--
INFO: Run Behavior\ContentReplaceBehavior [ RunTime:0.000115s ]
INFO: [ template_filter ] --END-- [ RunTime:0.000168s ]
SQL: SHOW COLUMNS FROM `theguide_menu` [ RunTime:0.0041s ]
SQL: SELECT * FROM `theguide_menu` ORDER BY sort_order  [ RunTime:0.0006s ]
INFO: [ view_parse ] --START--
INFO: [ template_filter ] --START--
INFO: Run Behavior\ContentReplaceBehavior [ RunTime:0.000044s ]
INFO: [ template_filter ] --END-- [ RunTime:-0.012915s ]
INFO: Run Behavior\ParseTemplateBehavior [ RunTime:0.004374s ]
INFO: [ view_parse ] --END-- [ RunTime:0.004439s ]
INFO: [ view_filter ] --START--
INFO: Run Behavior\WriteHtmlCacheBehavior [ RunTime:0.000867s ]
INFO: [ view_filter ] --END-- [ RunTime:0.000929s ]
NOTIC: [8] Undefined index: num D:\WWW\theguide0309\Runtime\Cache\Admin\316be533e8b7772c98e865fb1f158ff5.php 第 227 行.
INFO: Run Behavior\ParseTemplateBehavior [ RunTime:0.005816s ]
INFO: [ view_parse ] --END-- [ RunTime:0.004439s ]
INFO: [ view_filter ] --START--
INFO: Run Behavior\WriteHtmlCacheBehavior [ RunTime:0.000010s ]
INFO: [ view_filter ] --END-- [ RunTime:-0.000492s ]
INFO: [ app_end ] --START--
INFO: Run Behavior\ShowPageTraceBehavior [ RunTime:0.001394s ]
INFO: [ app_end ] --END-- [ RunTime:0.001458s ]

[ 2017-03-09T16:35:42+08:00 ] ::1 /theguide0309/admin.php?s=/Goods/index
INFO: [ app_init ] --START--
INFO: Run Behavior\BuildLiteBehavior [ RunTime:0.000015s ]
INFO: [ app_init ] --END-- [ RunTime:0.000725s ]
INFO: [ app_begin ] --START--
INFO: Run Behavior\ReadHtmlCacheBehavior [ RunTime:0.001128s ]
INFO: Run Behavior\CheckLangBehavior [ RunTime:0.001785s ]
INFO: [ app_begin ] --END-- [ RunTime:0.003037s ]
SQL: SHOW COLUMNS FROM `theguide_goods` [ RunTime:0.0049s ]
SQL: SELECT p.goods_id,p.name,p.price,p.quantity,p.status,p.model,p.image,gtc.category_id FROM theguide_goods_description pd,theguide_goods p,theguide_goods_to_category gtc WHERE pd.goods_id=p.goods_id and p.goods_id=gtc.goods_id [ RunTime:0.0005s ]
SQL: SELECT p.goods_id,p.name,p.price,p.quantity,p.status,p.model,p.image,gtc.category_id FROM theguide_goods_description pd,theguide_goods p,theguide_goods_to_category gtc WHERE pd.goods_id=p.goods_id and p.goods_id=gtc.goods_id order by p.goods_id desc LIMIT 0,10 [ RunTime:0.0004s ]
SQL: SHOW COLUMNS FROM `theguide_goods_category` [ RunTime:0.0038s ]
SQL: SELECT * FROM `theguide_goods_category`  [ RunTime:0.0003s ]
INFO: [ view_parse ] --START--
INFO: [ template_filter ] --START--
INFO: Run Behavior\ContentReplaceBehavior [ RunTime:0.000204s ]
INFO: [ template_filter ] --END-- [ RunTime:0.000300s ]
SQL: SHOW COLUMNS FROM `theguide_menu` [ RunTime:0.0038s ]
SQL: SELECT * FROM `theguide_menu` ORDER BY sort_order  [ RunTime:0.0005s ]
INFO: [ view_parse ] --START--
INFO: [ template_filter ] --START--
INFO: Run Behavior\ContentReplaceBehavior [ RunTime:0.000046s ]
INFO: [ template_filter ] --END-- [ RunTime:-0.013543s ]
INFO: Run Behavior\ParseTemplateBehavior [ RunTime:0.004033s ]
INFO: [ view_parse ] --END-- [ RunTime:0.004090s ]
INFO: [ view_filter ] --START--
INFO: Run Behavior\WriteHtmlCacheBehavior [ RunTime:0.000844s ]
INFO: [ view_filter ] --END-- [ RunTime:0.000889s ]
INFO: Run Behavior\ParseTemplateBehavior [ RunTime:0.005968s ]
INFO: [ view_parse ] --END-- [ RunTime:0.004090s ]
INFO: [ view_filter ] --START--
INFO: Run Behavior\WriteHtmlCacheBehavior [ RunTime:0.000009s ]
INFO: [ view_filter ] --END-- [ RunTime:-0.001038s ]
INFO: [ app_end ] --START--
INFO: Run Behavior\ShowPageTraceBehavior [ RunTime:0.001188s ]
INFO: [ app_end ] --END-- [ RunTime:0.001260s ]

[ 2017-03-09T16:35:47+08:00 ] ::1 /theguide0309/admin.php?s=/Goods/edit/id/2
INFO: [ app_init ] --START--
INFO: Run Behavior\BuildLiteBehavior [ RunTime:0.000013s ]
INFO: [ app_init ] --END-- [ RunTime:0.000647s ]
INFO: [ app_begin ] --START--
INFO: Run Behavior\ReadHtmlCacheBehavior [ RunTime:0.000965s ]
INFO: Run Behavior\CheckLangBehavior [ RunTime:0.002290s ]
INFO: [ app_begin ] --END-- [ RunTime:0.003390s ]
SQL: SHOW COLUMNS FROM `theguide_goods` [ RunTime:0.0041s ]
SQL: SHOW COLUMNS FROM `theguide_goods_description` [ RunTime:0.0044s ]
SQL: SELECT * FROM `theguide_goods_description` WHERE `goods_id` = 2 LIMIT 1   [ RunTime:0.0004s ]
SQL: SHOW COLUMNS FROM `theguide_stock_status` [ RunTime:0.0041s ]
SQL: SELECT * FROM `theguide_stock_status`  [ RunTime:0.0004s ]
SQL: SHOW COLUMNS FROM `theguide_length_class` [ RunTime:0.0042s ]
SQL: SELECT * FROM `theguide_length_class`  [ RunTime:0.0003s ]
SQL: SHOW COLUMNS FROM `theguide_weight_class` [ RunTime:0.0037s ]
SQL: SELECT * FROM `theguide_weight_class`  [ RunTime:0.0006s ]
SQL: SHOW COLUMNS FROM `theguide_goods` [ RunTime:0.0045s ]
SQL: SELECT * FROM `theguide_goods` WHERE `goods_id` = 2 LIMIT 1   [ RunTime:0.0004s ]
SQL: SHOW COLUMNS FROM `theguide_goods_image` [ RunTime:0.0041s ]
SQL: SELECT * FROM `theguide_goods_image` WHERE `goods_id` = 2  [ RunTime:0.0004s ]
SQL: SHOW COLUMNS FROM `theguide_goods_discount` [ RunTime:0.0035s ]
SQL: SELECT * FROM `theguide_goods_discount` WHERE `goods_id` = 2 ORDER BY quantity ASC  [ RunTime:0.0005s ]
SQL: SELECT pc.name,ptc.category_id FROM theguide_goods_to_category ptc,theguide_goods_category pc WHERE pc.id=ptc.category_id AND ptc.goods_id=2 [ RunTime:0.0007s ]
SQL: SELECT * FROM theguide_goods_option po LEFT JOIN theguide_option o ON po.option_id = o.option_id WHERE po.goods_id =2 [ RunTime:0.0005s ]
NOTIC: [8] Undefined variable: option_values D:\WWW\theguide0309\Modules\Admin\Controller\GoodsController.class.php 第 115 行.
INFO: [ view_parse ] --START--
INFO: [ template_filter ] --START--
INFO: Run Behavior\ContentReplaceBehavior [ RunTime:0.000475s ]
INFO: [ template_filter ] --END-- [ RunTime:0.000534s ]
SQL: SHOW COLUMNS FROM `theguide_menu` [ RunTime:0.0049s ]
SQL: SELECT * FROM `theguide_menu` ORDER BY sort_order  [ RunTime:0.0006s ]
INFO: [ view_parse ] --START--
INFO: [ template_filter ] --START--
INFO: Run Behavior\ContentReplaceBehavior [ RunTime:0.000044s ]
INFO: [ template_filter ] --END-- [ RunTime:-0.018596s ]
INFO: Run Behavior\ParseTemplateBehavior [ RunTime:0.004629s ]
INFO: [ view_parse ] --END-- [ RunTime:0.004712s ]
INFO: [ view_filter ] --START--
INFO: Run Behavior\WriteHtmlCacheBehavior [ RunTime:0.000746s ]
INFO: [ view_filter ] --END-- [ RunTime:0.000792s ]
NOTIC: [8] Undefined variable: button_option_value_add D:\WWW\theguide0309\Runtime\Cache\Admin\1b82714d5604c1f12aa802e787bf81c1.php 第 758 行.
NOTIC: [8] Undefined variable: entry_price D:\WWW\theguide0309\Runtime\Cache\Admin\1b82714d5604c1f12aa802e787bf81c1.php 第 808 行.
NOTIC: [8] Undefined variable: entry_weight D:\WWW\theguide0309\Runtime\Cache\Admin\1b82714d5604c1f12aa802e787bf81c1.php 第 814 行.
NOTIC: [8] Undefined variable: button_remove D:\WWW\theguide0309\Runtime\Cache\Admin\1b82714d5604c1f12aa802e787bf81c1.php 第 818 行.
INFO: Run Behavior\ParseTemplateBehavior [ RunTime:0.005967s ]
INFO: [ view_parse ] --END-- [ RunTime:0.004712s ]
INFO: [ view_filter ] --START--
INFO: Run Behavior\WriteHtmlCacheBehavior [ RunTime:0.000009s ]
INFO: [ view_filter ] --END-- [ RunTime:-0.000506s ]
INFO: [ app_end ] --START--
INFO: Run Behavior\ShowPageTraceBehavior [ RunTime:0.001164s ]
INFO: [ app_end ] --END-- [ RunTime:0.001221s ]

[ 2017-03-09T16:35:55+08:00 ] ::1 /theguide0309/admin.php?s=/Goods/edit
INFO: [ app_init ] --START--
INFO: Run Behavior\BuildLiteBehavior [ RunTime:0.000013s ]
INFO: [ app_init ] --END-- [ RunTime:0.000625s ]
INFO: [ app_begin ] --START--
INFO: Run Behavior\ReadHtmlCacheBehavior [ RunTime:0.000973s ]
INFO: Run Behavior\CheckLangBehavior [ RunTime:0.003011s ]
INFO: [ app_begin ] --END-- [ RunTime:0.004112s ]
SQL: SHOW COLUMNS FROM `theguide_goods` [ RunTime:0.0048s ]
NOTIC: [8] Undefined index: model D:\WWW\theguide0309\Modules\Admin\Model\GoodsModel.class.php 第 187 行.
NOTIC: [8] Undefined index: sku D:\WWW\theguide0309\Modules\Admin\Model\GoodsModel.class.php 第 189 行.
NOTIC: [8] Undefined index: location D:\WWW\theguide0309\Modules\Admin\Model\GoodsModel.class.php 第 190 行.
NOTIC: [8] Undefined index: shipping D:\WWW\theguide0309\Modules\Admin\Model\GoodsModel.class.php 第 196 行.
NOTIC: [8] Undefined index: length D:\WWW\theguide0309\Modules\Admin\Model\GoodsModel.class.php 第 197 行.
NOTIC: [8] Undefined index: width D:\WWW\theguide0309\Modules\Admin\Model\GoodsModel.class.php 第 198 行.
NOTIC: [8] Undefined index: height D:\WWW\theguide0309\Modules\Admin\Model\GoodsModel.class.php 第 199 行.
NOTIC: [8] Undefined index: length_class_id D:\WWW\theguide0309\Modules\Admin\Model\GoodsModel.class.php 第 200 行.
NOTIC: [8] Undefined index: weight_class_id D:\WWW\theguide0309\Modules\Admin\Model\GoodsModel.class.php 第 201 行.
NOTIC: [8] Undefined index: weight D:\WWW\theguide0309\Modules\Admin\Model\GoodsModel.class.php 第 202 行.
NOTIC: [8] Undefined index: sort_order D:\WWW\theguide0309\Modules\Admin\Model\GoodsModel.class.php 第 204 行.
SQL: SHOW COLUMNS FROM `theguide_goods` [ RunTime:0.0042s ]
SQL: UPDATE `theguide_goods` SET `name`='未来星软件',`image`='product/58b3de863f4a0.jpg',`price`='9800.00',`quantity`='100',`minimum`='1',`subtract`='1',`stock_status_id`='1',`status`='1',`date_modified`='2017-03-09 16:35:55' WHERE `goods_id` = 2 [ RunTime:0.0018s ]
SQL: SHOW COLUMNS FROM `theguide_goods_description` [ RunTime:0.0049s ]
SQL: UPDATE `theguide_goods_description` SET `summary`='',`description`='',`meta_description`='茶叶罐2号',`meta_keyword`='茶叶罐2号',`tag`='茶叶罐2号' WHERE `goods_id` = 2 [ RunTime:0.0015s ]
SQL: SHOW COLUMNS FROM `theguide_goods_to_category` [ RunTime:0.0034s ]
NOTIC: [2] Illegal offset type in isset or empty D:\WWW\theguide0309\ThinkPHP\Library\Think\Model.class.php 第 511 行.
SQL: DELETE FROM `theguide_goods_to_category` WHERE `goods_id` = 2 [ RunTime:0.0014s ]
SQL: INSERT INTO theguide_goods_to_category SET goods_id = '2', category_id = '1' [ RunTime:0.0021s ]
SQL: SHOW COLUMNS FROM `theguide_goods_image` [ RunTime:0.0037s ]
SQL: DELETE FROM `theguide_goods_image` WHERE `goods_id` = 2 [ RunTime:0.0017s ]
SQL: INSERT INTO theguide_goods_image SET goods_id = '2', image = 'gallery/56643df9c9147.jpg', sort_order = '0' [ RunTime:0.0034s ]
SQL: INSERT INTO theguide_goods_image SET goods_id = '2', image = 'gallery/56643dfcaec0c.jpg', sort_order = '1' [ RunTime:0.0034s ]
SQL: INSERT INTO theguide_goods_image SET goods_id = '2', image = 'gallery/56643e00376ad.jpg', sort_order = '2' [ RunTime:0.0021s ]
SQL: SHOW COLUMNS FROM `theguide_goods_discount` [ RunTime:0.0033s ]
SQL: DELETE FROM `theguide_goods_discount` WHERE `goods_id` = 2 [ RunTime:0.0002s ]
SQL: SHOW COLUMNS FROM `theguide_goods_option` [ RunTime:0.0039s ]
SQL: DELETE FROM `theguide_goods_option` WHERE `goods_id` = 2 [ RunTime:0.0003s ]
SQL: SHOW COLUMNS FROM `theguide_goods_option_value` [ RunTime:0.0037s ]
SQL: DELETE FROM `theguide_goods_option_value` WHERE `goods_id` = 2 [ RunTime:0.0004s ]
INFO: [ view_parse ] --START--
INFO: [ template_filter ] --START--
INFO: Run Behavior\ContentReplaceBehavior [ RunTime:0.000057s ]
INFO: [ template_filter ] --END-- [ RunTime:0.000120s ]
INFO: Run Behavior\ParseTemplateBehavior [ RunTime:0.006998s ]
INFO: [ view_parse ] --END-- [ RunTime:0.007054s ]
INFO: [ view_filter ] --START--
INFO: Run Behavior\WriteHtmlCacheBehavior [ RunTime:0.000671s ]
INFO: [ view_filter ] --END-- [ RunTime:0.000716s ]

[ 2017-03-09T16:35:56+08:00 ] ::1 /theguide0309/admin.php?s=/Goods/index
INFO: [ app_init ] --START--
INFO: Run Behavior\BuildLiteBehavior [ RunTime:0.000013s ]
INFO: [ app_init ] --END-- [ RunTime:0.000634s ]
INFO: [ app_begin ] --START--
INFO: Run Behavior\ReadHtmlCacheBehavior [ RunTime:0.000927s ]
INFO: Run Behavior\CheckLangBehavior [ RunTime:0.001700s ]
INFO: [ app_begin ] --END-- [ RunTime:0.002719s ]
SQL: SHOW COLUMNS FROM `theguide_goods` [ RunTime:0.0040s ]
SQL: SELECT p.goods_id,p.name,p.price,p.quantity,p.status,p.model,p.image,gtc.category_id FROM theguide_goods_description pd,theguide_goods p,theguide_goods_to_category gtc WHERE pd.goods_id=p.goods_id and p.goods_id=gtc.goods_id [ RunTime:0.0004s ]
SQL: SELECT p.goods_id,p.name,p.price,p.quantity,p.status,p.model,p.image,gtc.category_id FROM theguide_goods_description pd,theguide_goods p,theguide_goods_to_category gtc WHERE pd.goods_id=p.goods_id and p.goods_id=gtc.goods_id order by p.goods_id desc LIMIT 0,10 [ RunTime:0.0005s ]
SQL: SHOW COLUMNS FROM `theguide_goods_category` [ RunTime:0.0038s ]
SQL: SELECT * FROM `theguide_goods_category`  [ RunTime:0.0003s ]
INFO: [ view_parse ] --START--
INFO: [ template_filter ] --START--
INFO: Run Behavior\ContentReplaceBehavior [ RunTime:0.000150s ]
INFO: [ template_filter ] --END-- [ RunTime:0.000210s ]
SQL: SHOW COLUMNS FROM `theguide_menu` [ RunTime:0.0037s ]
SQL: SELECT * FROM `theguide_menu` ORDER BY sort_order  [ RunTime:0.0005s ]
INFO: [ view_parse ] --START--
INFO: [ template_filter ] --START--
INFO: Run Behavior\ContentReplaceBehavior [ RunTime:0.000046s ]
INFO: [ template_filter ] --END-- [ RunTime:-0.013040s ]
INFO: Run Behavior\ParseTemplateBehavior [ RunTime:0.004598s ]
INFO: [ view_parse ] --END-- [ RunTime:0.004662s ]
INFO: [ view_filter ] --START--
INFO: Run Behavior\WriteHtmlCacheBehavior [ RunTime:0.000776s ]
INFO: [ view_filter ] --END-- [ RunTime:0.000823s ]
INFO: Run Behavior\ParseTemplateBehavior [ RunTime:0.006649s ]
INFO: [ view_parse ] --END-- [ RunTime:0.004662s ]
INFO: [ view_filter ] --START--
INFO: Run Behavior\WriteHtmlCacheBehavior [ RunTime:0.000012s ]
INFO: [ view_filter ] --END-- [ RunTime:-0.001227s ]
INFO: [ app_end ] --START--
INFO: Run Behavior\ShowPageTraceBehavior [ RunTime:0.001191s ]
INFO: [ app_end ] --END-- [ RunTime:0.001272s ]

[ 2017-03-09T16:36:53+08:00 ] ::1 /theguide0309/admin.php?s=/GoodsCategory/index
INFO: [ app_init ] --START--
INFO: Run Behavior\BuildLiteBehavior [ RunTime:0.000014s ]
INFO: [ app_init ] --END-- [ RunTime:0.000629s ]
INFO: [ app_begin ] --START--
INFO: Run Behavior\ReadHtmlCacheBehavior [ RunTime:0.001871s ]
INFO: Run Behavior\CheckLangBehavior [ RunTime:0.001998s ]
INFO: [ app_begin ] --END-- [ RunTime:0.004071s ]
SQL: SELECT id,pid,name FROM theguide_goods_category [ RunTime:0.0004s ]
INFO: [ view_parse ] --START--
INFO: [ template_filter ] --START--
INFO: Run Behavior\ContentReplaceBehavior [ RunTime:0.000124s ]
INFO: [ template_filter ] --END-- [ RunTime:0.000177s ]
SQL: SHOW COLUMNS FROM `theguide_menu` [ RunTime:0.0200s ]
SQL: SELECT * FROM `theguide_menu` ORDER BY sort_order  [ RunTime:0.0007s ]
INFO: [ view_parse ] --START--
INFO: [ template_filter ] --START--
INFO: Run Behavior\ContentReplaceBehavior [ RunTime:0.000073s ]
INFO: [ template_filter ] --END-- [ RunTime:-0.029888s ]
INFO: Run Behavior\ParseTemplateBehavior [ RunTime:0.004364s ]
INFO: [ view_parse ] --END-- [ RunTime:0.004437s ]
INFO: [ view_filter ] --START--
INFO: Run Behavior\WriteHtmlCacheBehavior [ RunTime:0.000807s ]
INFO: [ view_filter ] --END-- [ RunTime:0.000866s ]
INFO: Run Behavior\ParseTemplateBehavior [ RunTime:0.005525s ]
INFO: [ view_parse ] --END-- [ RunTime:0.004437s ]
INFO: [ view_filter ] --START--
INFO: Run Behavior\WriteHtmlCacheBehavior [ RunTime:0.000009s ]
INFO: [ view_filter ] --END-- [ RunTime:-0.000269s ]
INFO: [ app_end ] --START--
INFO: Run Behavior\ShowPageTraceBehavior [ RunTime:0.001475s ]
INFO: [ app_end ] --END-- [ RunTime:0.001544s ]

[ 2017-03-09T16:36:55+08:00 ] ::1 /theguide0309/admin.php?s=/WeightClass/index
INFO: [ app_init ] --START--
INFO: Run Behavior\BuildLiteBehavior [ RunTime:0.000017s ]
INFO: [ app_init ] --END-- [ RunTime:0.000674s ]
INFO: [ app_begin ] --START--
INFO: Run Behavior\ReadHtmlCacheBehavior [ RunTime:0.001037s ]
INFO: Run Behavior\CheckLangBehavior [ RunTime:0.002001s ]
INFO: [ app_begin ] --END-- [ RunTime:0.003155s ]
SQL: SHOW COLUMNS FROM `theguide_weight_class` [ RunTime:0.0201s ]
SQL: SELECT COUNT(*) AS tp_count FROM `theguide_weight_class` LIMIT 1   [ RunTime:0.0004s ]
SQL: SELECT * FROM `theguide_weight_class` ORDER BY weight_class_id desc LIMIT 0,10   [ RunTime:0.0003s ]
INFO: [ view_parse ] --START--
INFO: [ template_filter ] --START--
INFO: Run Behavior\ContentReplaceBehavior [ RunTime:0.000119s ]
INFO: [ template_filter ] --END-- [ RunTime:0.000174s ]
SQL: SHOW COLUMNS FROM `theguide_menu` [ RunTime:0.0043s ]
SQL: SELECT * FROM `theguide_menu` ORDER BY sort_order  [ RunTime:0.0005s ]
INFO: [ view_parse ] --START--
INFO: [ template_filter ] --START--
INFO: Run Behavior\ContentReplaceBehavior [ RunTime:0.000067s ]
INFO: [ template_filter ] --END-- [ RunTime:-0.013095s ]
INFO: Run Behavior\ParseTemplateBehavior [ RunTime:0.004783s ]
INFO: [ view_parse ] --END-- [ RunTime:0.004851s ]
INFO: [ view_filter ] --START--
INFO: Run Behavior\WriteHtmlCacheBehavior [ RunTime:0.000839s ]
INFO: [ view_filter ] --END-- [ RunTime:0.000919s ]
INFO: Run Behavior\ParseTemplateBehavior [ RunTime:0.006070s ]
INFO: [ view_parse ] --END-- [ RunTime:0.004851s ]
INFO: [ view_filter ] --START--
INFO: Run Behavior\WriteHtmlCacheBehavior [ RunTime:0.000010s ]
INFO: [ view_filter ] --END-- [ RunTime:-0.000348s ]
INFO: [ app_end ] --START--
INFO: Run Behavior\ShowPageTraceBehavior [ RunTime:0.001437s ]
INFO: [ app_end ] --END-- [ RunTime:0.001523s ]

[ 2017-03-09T16:36:56+08:00 ] ::1 /theguide0309/admin.php?s=/LengthClass/index
INFO: [ app_init ] --START--
INFO: Run Behavior\BuildLiteBehavior [ RunTime:0.000013s ]
INFO: [ app_init ] --END-- [ RunTime:0.000621s ]
INFO: [ app_begin ] --START--
INFO: Run Behavior\ReadHtmlCacheBehavior [ RunTime:0.001000s ]
INFO: Run Behavior\CheckLangBehavior [ RunTime:0.001878s ]
INFO: [ app_begin ] --END-- [ RunTime:0.002991s ]
SQL: SHOW COLUMNS FROM `theguide_length_class` [ RunTime:0.0035s ]
SQL: SELECT COUNT(*) AS tp_count FROM `theguide_length_class` LIMIT 1   [ RunTime:0.0003s ]
SQL: SELECT * FROM `theguide_length_class` ORDER BY length_class_id desc LIMIT 0,10   [ RunTime:0.0003s ]
INFO: [ view_parse ] --START--
INFO: [ template_filter ] --START--
INFO: Run Behavior\ContentReplaceBehavior [ RunTime:0.000141s ]
INFO: [ template_filter ] --END-- [ RunTime:0.000220s ]
SQL: SHOW COLUMNS FROM `theguide_menu` [ RunTime:0.0041s ]
SQL: SELECT * FROM `theguide_menu` ORDER BY sort_order  [ RunTime:0.0004s ]
INFO: [ view_parse ] --START--
INFO: [ template_filter ] --START--
INFO: Run Behavior\ContentReplaceBehavior [ RunTime:0.000044s ]
INFO: [ template_filter ] --END-- [ RunTime:-0.013033s ]
INFO: Run Behavior\ParseTemplateBehavior [ RunTime:0.004630s ]
INFO: [ view_parse ] --END-- [ RunTime:0.004732s ]
INFO: [ view_filter ] --START--
INFO: Run Behavior\WriteHtmlCacheBehavior [ RunTime:0.000904s ]
INFO: [ view_filter ] --END-- [ RunTime:0.000955s ]
INFO: Run Behavior\ParseTemplateBehavior [ RunTime:0.005920s ]
INFO: [ view_parse ] --END-- [ RunTime:0.004732s ]
INFO: [ view_filter ] --START--
INFO: Run Behavior\WriteHtmlCacheBehavior [ RunTime:0.000010s ]
INFO: [ view_filter ] --END-- [ RunTime:-0.000308s ]
INFO: [ app_end ] --START--
INFO: Run Behavior\ShowPageTraceBehavior [ RunTime:0.001318s ]
INFO: [ app_end ] --END-- [ RunTime:0.001383s ]

[ 2017-03-09T16:40:00+08:00 ] ::1 /theguide0309/admin.php?s=/member/index
INFO: [ app_init ] --START--
INFO: Run Behavior\BuildLiteBehavior [ RunTime:0.000035s ]
INFO: [ app_init ] --END-- [ RunTime:0.000676s ]
INFO: [ app_begin ] --START--
INFO: Run Behavior\ReadHtmlCacheBehavior [ RunTime:0.000969s ]
INFO: Run Behavior\CheckLangBehavior [ RunTime:0.002103s ]
INFO: [ app_begin ] --END-- [ RunTime:0.003187s ]
SQL: SHOW COLUMNS FROM `theguide_member` [ RunTime:0.0041s ]
SQL: select * from theguide_member where 1  [ RunTime:0.0004s ]
SQL: select * from theguide_member where 1  order by member_id desc LIMIT 0,10 [ RunTime:0.0004s ]
SQL: SELECT COUNT(*) AS tp_count FROM `theguide_member` WHERE `pid` = 85 OR `sid` = 85 LIMIT 1   [ RunTime:0.0003s ]
SQL: SELECT COUNT(*) AS tp_count FROM `theguide_member` WHERE `pid` = 84 OR `sid` = 84 LIMIT 1   [ RunTime:0.0002s ]
INFO: [ view_parse ] --START--
INFO: [ template_filter ] --START--
INFO: Run Behavior\ContentReplaceBehavior [ RunTime:0.000110s ]
INFO: [ template_filter ] --END-- [ RunTime:0.000181s ]
SQL: SHOW COLUMNS FROM `theguide_menu` [ RunTime:0.0037s ]
SQL: SELECT * FROM `theguide_menu` ORDER BY sort_order  [ RunTime:0.0005s ]
INFO: [ view_parse ] --START--
INFO: [ template_filter ] --START--
INFO: Run Behavior\ContentReplaceBehavior [ RunTime:0.000045s ]
INFO: [ template_filter ] --END-- [ RunTime:-0.013673s ]
INFO: Run Behavior\ParseTemplateBehavior [ RunTime:0.004122s ]
INFO: [ view_parse ] --END-- [ RunTime:0.004183s ]
INFO: [ view_filter ] --START--
INFO: Run Behavior\WriteHtmlCacheBehavior [ RunTime:0.000771s ]
INFO: [ view_filter ] --END-- [ RunTime:0.000822s ]
NOTIC: [8] Undefined index: num D:\WWW\theguide0309\Runtime\Cache\Admin\316be533e8b7772c98e865fb1f158ff5.php 第 227 行.
INFO: Run Behavior\ParseTemplateBehavior [ RunTime:0.005450s ]
INFO: [ view_parse ] --END-- [ RunTime:0.004183s ]
INFO: [ view_filter ] --START--
INFO: Run Behavior\WriteHtmlCacheBehavior [ RunTime:0.000010s ]
INFO: [ view_filter ] --END-- [ RunTime:-0.000490s ]
INFO: [ app_end ] --START--
INFO: Run Behavior\ShowPageTraceBehavior [ RunTime:0.001263s ]
INFO: [ app_end ] --END-- [ RunTime:0.001328s ]

