[ 2017-02-28T10:09:44+08:00 ] ::1 /theguide/admin.php
INFO: [ app_init ] --START--
INFO: Run Behavior\BuildLiteBehavior [ RunTime:0.000013s ]
INFO: [ app_init ] --END-- [ RunTime:0.000541s ]
INFO: [ app_begin ] --START--
INFO: Run Behavior\ReadHtmlCacheBehavior [ RunTime:0.000673s ]
INFO: Run Behavior\CheckLangBehavior [ RunTime:0.002727s ]
INFO: [ app_begin ] --END-- [ RunTime:0.003510s ]

[ 2017-02-28T10:09:44+08:00 ] ::1 /theguide/admin.php?s=/Public/login
INFO: [ app_init ] --START--
INFO: Run Behavior\BuildLiteBehavior [ RunTime:0.000018s ]
INFO: [ app_init ] --END-- [ RunTime:0.000676s ]
INFO: [ app_begin ] --START--
INFO: Run Behavior\ReadHtmlCacheBehavior [ RunTime:0.000655s ]
INFO: Run Behavior\CheckLangBehavior [ RunTime:0.001754s ]
INFO: [ app_begin ] --END-- [ RunTime:0.002500s ]
INFO: [ view_parse ] --START--
INFO: [ template_filter ] --START--
INFO: Run Behavior\ContentReplaceBehavior [ RunTime:0.000080s ]
INFO: [ template_filter ] --END-- [ RunTime:0.000157s ]
INFO: Run Behavior\ParseTemplateBehavior [ RunTime:0.008541s ]
INFO: [ view_parse ] --END-- [ RunTime:0.008598s ]
INFO: [ view_filter ] --START--
INFO: Run Behavior\WriteHtmlCacheBehavior [ RunTime:0.000484s ]
INFO: [ view_filter ] --END-- [ RunTime:0.000529s ]
INFO: [ app_end ] --START--
INFO: Run Behavior\ShowPageTraceBehavior [ RunTime:0.000667s ]
INFO: [ app_end ] --END-- [ RunTime:0.000728s ]

[ 2017-02-28T10:09:46+08:00 ] ::1 /theguide/admin.php?s=/Public/login
INFO: [ app_init ] --START--
INFO: Run Behavior\BuildLiteBehavior [ RunTime:0.000015s ]
INFO: [ app_init ] --END-- [ RunTime:0.000627s ]
INFO: [ app_begin ] --START--
INFO: Run Behavior\ReadHtmlCacheBehavior [ RunTime:0.000708s ]
INFO: Run Behavior\CheckLangBehavior [ RunTime:0.002035s ]
INFO: [ app_begin ] --END-- [ RunTime:0.002857s ]
SQL: SHOW COLUMNS FROM `theguide_admin` [ RunTime:0.0040s ]
SQL: SELECT * FROM `theguide_admin` WHERE `a_uname` = 'admin' LIMIT 1   [ RunTime:0.0004s ]
SQL: UPDATE `theguide_admin` SET `a_last_login_time`='1488247786',`a_login_count`=a_login_count+1,`a_last_login_ip`='0.0.0.0' WHERE `a_id` = 2 [ RunTime:0.0037s ]
SQL: SHOW COLUMNS FROM `theguide_user_action` [ RunTime:0.0049s ]
SQL: INSERT INTO `theguide_user_action` (`type`,`user_id`,`uname`,`add_time`,`info`) VALUES ('后台系统用户','2','admin','2017-02-28 10:09:46','登录了后台系统') [ RunTime:0.0017s ]

[ 2017-02-28T10:09:46+08:00 ] ::1 /theguide/admin.php?s=/Index/index
INFO: [ app_init ] --START--
INFO: Run Behavior\BuildLiteBehavior [ RunTime:0.000013s ]
INFO: [ app_init ] --END-- [ RunTime:0.000533s ]
INFO: [ app_begin ] --START--
INFO: Run Behavior\ReadHtmlCacheBehavior [ RunTime:0.000708s ]
INFO: Run Behavior\CheckLangBehavior [ RunTime:0.002025s ]
INFO: [ app_begin ] --END-- [ RunTime:0.002859s ]
SQL: SELECT DISTINCT ip from theguide_visitors_ip [ RunTime:0.0006s ]
SQL: SELECT DISTINCT ip from theguide_visitors_ip where last_visit_time='2017-02-28' [ RunTime:0.0006s ]
SQL: SHOW COLUMNS FROM `theguide_member` [ RunTime:0.0041s ]
SQL: SELECT * FROM `theguide_member`  [ RunTime:0.0005s ]
SQL: SELECT * from theguide_member where create_time>=1488211200 [ RunTime:0.0003s ]
SQL: SELECT SUM(total) AS total FROM theguide_order WHERE order_status_id NOT IN (3,5) [ RunTime:0.0005s ]
SQL: SELECT SUM(total) AS total FROM theguide_order WHERE order_status_id NOT IN (3,5) AND date_added>=1488211200 AND date_added<=1488297600 [ RunTime:0.0003s ]
SQL: SELECT count(*) AS total FROM theguide_order  [ RunTime:0.0003s ]
SQL: SELECT count(*) AS total FROM theguide_order  where date_added>=1488211200 AND date_added<=1488297600 [ RunTime:0.0003s ]
NOTIC: [2] Missing argument 1 for Admin\Model\OrderModel::show_order_page(), called in D:\WWW\theguide\Modules\Admin\Controller\IndexController.class.php on line 28 and defined D:\WWW\theguide\Modules\Admin\Model\OrderModel.class.php 第 21 行.
SQL: SELECT o.order_id,o.order_num_alias,o.total,o.ip_region,o.payment_code,o.shipping_method,o.date_added,o.date_modified,m.uname,os.order_status_id,os.name FROM theguide_order o,theguide_member m,theguide_order_status os WHERE o.member_id=m.member_id AND o.order_status_id=os.order_status_id  [ RunTime:0.0005s ]
SQL: SELECT o.order_id,o.order_num_alias,o.total,o.ip_region,o.payment_code,o.shipping_method,o.date_added,o.date_modified,m.uname,os.order_status_id,os.name FROM theguide_order o,theguide_member m,theguide_order_status os WHERE o.member_id=m.member_id AND o.order_status_id=os.order_status_id  ORDER BY o.order_id DESC LIMIT 0,10 [ RunTime:0.0003s ]
SQL: SHOW COLUMNS FROM `theguide_user_action` [ RunTime:0.0042s ]
SQL: SELECT * FROM `theguide_user_action` ORDER BY ua_id desc LIMIT 10   [ RunTime:0.0003s ]
INFO: [ view_parse ] --START--
INFO: [ template_filter ] --START--
INFO: Run Behavior\ContentReplaceBehavior [ RunTime:0.000117s ]
INFO: [ template_filter ] --END-- [ RunTime:0.000173s ]
SQL: SHOW COLUMNS FROM `theguide_menu` [ RunTime:0.0037s ]
SQL: SELECT * FROM `theguide_menu` ORDER BY sort_order  [ RunTime:0.0007s ]
INFO: [ view_parse ] --START--
INFO: [ template_filter ] --START--
INFO: Run Behavior\ContentReplaceBehavior [ RunTime:0.000045s ]
INFO: [ template_filter ] --END-- [ RunTime:-0.033345s ]
INFO: Run Behavior\ParseTemplateBehavior [ RunTime:0.004898s ]
INFO: [ view_parse ] --END-- [ RunTime:0.004953s ]
INFO: [ view_filter ] --START--
INFO: Run Behavior\WriteHtmlCacheBehavior [ RunTime:0.000508s ]
INFO: [ view_filter ] --END-- [ RunTime:0.000554s ]
INFO: Run Behavior\ParseTemplateBehavior [ RunTime:0.006141s ]
INFO: [ view_parse ] --END-- [ RunTime:0.004953s ]
INFO: [ view_filter ] --START--
INFO: Run Behavior\WriteHtmlCacheBehavior [ RunTime:0.000010s ]
INFO: [ view_filter ] --END-- [ RunTime:-0.000677s ]
INFO: [ app_end ] --START--
INFO: Run Behavior\ShowPageTraceBehavior [ RunTime:0.000833s ]
INFO: [ app_end ] --END-- [ RunTime:0.000905s ]

[ 2017-02-28T10:09:52+08:00 ] ::1 /theguide/admin.php?s=/member/index
INFO: [ app_init ] --START--
INFO: Run Behavior\BuildLiteBehavior [ RunTime:0.000014s ]
INFO: [ app_init ] --END-- [ RunTime:0.000659s ]
INFO: [ app_begin ] --START--
INFO: Run Behavior\ReadHtmlCacheBehavior [ RunTime:0.001328s ]
INFO: Run Behavior\CheckLangBehavior [ RunTime:0.002393s ]
INFO: [ app_begin ] --END-- [ RunTime:0.003852s ]
SQL: SHOW COLUMNS FROM `theguide_member` [ RunTime:0.0042s ]
SQL: select * from theguide_member where 1  [ RunTime:0.0004s ]
SQL: select * from theguide_member where 1  order by member_id desc LIMIT 0,10 [ RunTime:0.0006s ]
SQL: SELECT COUNT(*) AS tp_count FROM `theguide_member` WHERE `pid` = 84 OR `sid` = 84 LIMIT 1   [ RunTime:0.0003s ]
INFO: [ view_parse ] --START--
INFO: [ template_filter ] --START--
INFO: Run Behavior\ContentReplaceBehavior [ RunTime:0.000110s ]
INFO: [ template_filter ] --END-- [ RunTime:0.000163s ]
SQL: SHOW COLUMNS FROM `theguide_menu` [ RunTime:0.0040s ]
SQL: SELECT * FROM `theguide_menu` ORDER BY sort_order  [ RunTime:0.0005s ]
INFO: [ view_parse ] --START--
INFO: [ template_filter ] --START--
INFO: Run Behavior\ContentReplaceBehavior [ RunTime:0.000046s ]
INFO: [ template_filter ] --END-- [ RunTime:-0.028215s ]
INFO: Run Behavior\ParseTemplateBehavior [ RunTime:0.004131s ]
INFO: [ view_parse ] --END-- [ RunTime:0.004184s ]
INFO: [ view_filter ] --START--
INFO: Run Behavior\WriteHtmlCacheBehavior [ RunTime:0.000934s ]
INFO: [ view_filter ] --END-- [ RunTime:0.000979s ]
NOTIC: [8] Undefined index: num D:\WWW\theguide\Runtime\Cache\Admin\316be533e8b7772c98e865fb1f158ff5.php 第 227 行.
INFO: Run Behavior\ParseTemplateBehavior [ RunTime:0.005523s ]
INFO: [ view_parse ] --END-- [ RunTime:0.004184s ]
INFO: [ view_filter ] --START--
INFO: Run Behavior\WriteHtmlCacheBehavior [ RunTime:0.000009s ]
INFO: [ view_filter ] --END-- [ RunTime:-0.000398s ]
INFO: [ app_end ] --START--
INFO: Run Behavior\ShowPageTraceBehavior [ RunTime:0.001402s ]
INFO: [ app_end ] --END-- [ RunTime:0.001464s ]

[ 2017-02-28T10:10:04+08:00 ] ::1 /theguide/admin.php?s=/Code/index
INFO: [ app_init ] --START--
INFO: Run Behavior\BuildLiteBehavior [ RunTime:0.000015s ]
INFO: [ app_init ] --END-- [ RunTime:0.000629s ]
INFO: [ app_begin ] --START--
INFO: Run Behavior\ReadHtmlCacheBehavior [ RunTime:0.001160s ]
INFO: Run Behavior\CheckLangBehavior [ RunTime:0.001852s ]
INFO: [ app_begin ] --END-- [ RunTime:0.003145s ]
SQL: SHOW COLUMNS FROM `theguide_code` [ RunTime:0.0044s ]
SQL: SELECT COUNT(*) AS tp_count FROM `theguide_code` LIMIT 1   [ RunTime:0.0004s ]
SQL: SELECT * FROM `theguide_code` ORDER BY code_id desc LIMIT 0,10   [ RunTime:0.0003s ]
INFO: [ view_parse ] --START--
INFO: [ template_filter ] --START--
INFO: Run Behavior\ContentReplaceBehavior [ RunTime:0.000094s ]
INFO: [ template_filter ] --END-- [ RunTime:0.000155s ]
SQL: SHOW COLUMNS FROM `theguide_menu` [ RunTime:0.0043s ]
SQL: SELECT * FROM `theguide_menu` ORDER BY sort_order  [ RunTime:0.0005s ]
INFO: [ view_parse ] --START--
INFO: [ template_filter ] --START--
INFO: Run Behavior\ContentReplaceBehavior [ RunTime:0.000047s ]
INFO: [ template_filter ] --END-- [ RunTime:-0.030572s ]
INFO: Run Behavior\ParseTemplateBehavior [ RunTime:0.005015s ]
INFO: [ view_parse ] --END-- [ RunTime:0.005071s ]
INFO: [ view_filter ] --START--
INFO: Run Behavior\WriteHtmlCacheBehavior [ RunTime:0.000721s ]
INFO: [ view_filter ] --END-- [ RunTime:0.000764s ]
INFO: Run Behavior\ParseTemplateBehavior [ RunTime:0.006138s ]
INFO: [ view_parse ] --END-- [ RunTime:0.005071s ]
INFO: [ view_filter ] --START--
INFO: Run Behavior\WriteHtmlCacheBehavior [ RunTime:0.000010s ]
INFO: [ view_filter ] --END-- [ RunTime:-0.000345s ]
INFO: [ app_end ] --START--
INFO: Run Behavior\ShowPageTraceBehavior [ RunTime:0.001174s ]
INFO: [ app_end ] --END-- [ RunTime:0.001279s ]

[ 2017-02-28T10:10:15+08:00 ] ::1 /theguide/admin.php?s=/Goods/index
INFO: [ app_init ] --START--
INFO: Run Behavior\BuildLiteBehavior [ RunTime:0.000015s ]
INFO: [ app_init ] --END-- [ RunTime:0.000642s ]
INFO: [ app_begin ] --START--
INFO: Run Behavior\ReadHtmlCacheBehavior [ RunTime:0.001158s ]
INFO: Run Behavior\CheckLangBehavior [ RunTime:0.001940s ]
INFO: [ app_begin ] --END-- [ RunTime:0.003224s ]
SQL: SHOW COLUMNS FROM `theguide_goods` [ RunTime:0.0038s ]
SQL: SELECT p.goods_id,p.name,p.price,p.quantity,p.status,p.model,p.image,gtc.category_id FROM theguide_goods_description pd,theguide_goods p,theguide_goods_to_category gtc WHERE pd.goods_id=p.goods_id and p.goods_id=gtc.goods_id [ RunTime:0.0005s ]
SQL: SELECT p.goods_id,p.name,p.price,p.quantity,p.status,p.model,p.image,gtc.category_id FROM theguide_goods_description pd,theguide_goods p,theguide_goods_to_category gtc WHERE pd.goods_id=p.goods_id and p.goods_id=gtc.goods_id order by p.goods_id desc LIMIT 0,10 [ RunTime:0.0004s ]
SQL: SHOW COLUMNS FROM `theguide_goods_category` [ RunTime:0.0044s ]
SQL: SELECT * FROM `theguide_goods_category`  [ RunTime:0.0004s ]
INFO: [ view_parse ] --START--
INFO: [ template_filter ] --START--
INFO: Run Behavior\ContentReplaceBehavior [ RunTime:0.000149s ]
INFO: [ template_filter ] --END-- [ RunTime:0.000208s ]
SQL: SHOW COLUMNS FROM `theguide_menu` [ RunTime:0.0051s ]
SQL: SELECT * FROM `theguide_menu` ORDER BY sort_order  [ RunTime:0.0005s ]
INFO: [ view_parse ] --START--
INFO: [ template_filter ] --START--
INFO: Run Behavior\ContentReplaceBehavior [ RunTime:0.000045s ]
INFO: [ template_filter ] --END-- [ RunTime:-0.030858s ]
INFO: Run Behavior\ParseTemplateBehavior [ RunTime:0.004526s ]
INFO: [ view_parse ] --END-- [ RunTime:0.004632s ]
INFO: [ view_filter ] --START--
INFO: Run Behavior\WriteHtmlCacheBehavior [ RunTime:0.001362s ]
INFO: [ view_filter ] --END-- [ RunTime:0.001442s ]
SQL: SELECT * FROM `theguide_goods_category`  [ RunTime:0.0004s ]
INFO: Run Behavior\ParseTemplateBehavior [ RunTime:0.008765s ]
INFO: [ view_parse ] --END-- [ RunTime:0.004632s ]
INFO: [ view_filter ] --START--
INFO: Run Behavior\WriteHtmlCacheBehavior [ RunTime:0.000010s ]
INFO: [ view_filter ] --END-- [ RunTime:-0.002711s ]
INFO: [ app_end ] --START--
INFO: Run Behavior\ShowPageTraceBehavior [ RunTime:0.001021s ]
INFO: [ app_end ] --END-- [ RunTime:0.001080s ]

[ 2017-02-28T10:10:20+08:00 ] ::1 /theguide/admin.php?s=/Question/index
INFO: [ app_init ] --START--
INFO: Run Behavior\BuildLiteBehavior [ RunTime:0.000015s ]
INFO: [ app_init ] --END-- [ RunTime:0.000723s ]
INFO: [ app_begin ] --START--
INFO: Run Behavior\ReadHtmlCacheBehavior [ RunTime:0.001078s ]
INFO: Run Behavior\CheckLangBehavior [ RunTime:0.001898s ]
INFO: [ app_begin ] --END-- [ RunTime:0.003098s ]
SQL: SHOW COLUMNS FROM `theguide_question` [ RunTime:0.0034s ]
SQL: SELECT COUNT(*) AS tp_count FROM `theguide_question` LIMIT 1   [ RunTime:0.0002s ]
SQL: SELECT * FROM `theguide_question` ORDER BY id desc LIMIT 0,10   [ RunTime:0.0003s ]
INFO: [ view_parse ] --START--
INFO: [ template_filter ] --START--
INFO: Run Behavior\ContentReplaceBehavior [ RunTime:0.000090s ]
INFO: [ template_filter ] --END-- [ RunTime:0.000144s ]
SQL: SHOW COLUMNS FROM `theguide_menu` [ RunTime:0.0043s ]
SQL: SELECT * FROM `theguide_menu` ORDER BY sort_order  [ RunTime:0.0007s ]
INFO: [ view_parse ] --START--
INFO: [ template_filter ] --START--
INFO: Run Behavior\ContentReplaceBehavior [ RunTime:0.000044s ]
INFO: [ template_filter ] --END-- [ RunTime:-0.030118s ]
INFO: Run Behavior\ParseTemplateBehavior [ RunTime:0.004334s ]
INFO: [ view_parse ] --END-- [ RunTime:0.004394s ]
INFO: [ view_filter ] --START--
INFO: Run Behavior\WriteHtmlCacheBehavior [ RunTime:0.000803s ]
INFO: [ view_filter ] --END-- [ RunTime:0.000849s ]
INFO: Run Behavior\ParseTemplateBehavior [ RunTime:0.005486s ]
INFO: [ view_parse ] --END-- [ RunTime:0.004394s ]
INFO: [ view_filter ] --START--
INFO: Run Behavior\WriteHtmlCacheBehavior [ RunTime:0.000010s ]
INFO: [ view_filter ] --END-- [ RunTime:-0.000289s ]
INFO: [ app_end ] --START--
INFO: Run Behavior\ShowPageTraceBehavior [ RunTime:0.001181s ]
INFO: [ app_end ] --END-- [ RunTime:0.001243s ]

[ 2017-02-28T10:10:24+08:00 ] ::1 /theguide/admin.php?s=/Order/index
INFO: [ app_init ] --START--
INFO: Run Behavior\BuildLiteBehavior [ RunTime:0.000014s ]
INFO: [ app_init ] --END-- [ RunTime:0.000723s ]
INFO: [ app_begin ] --START--
INFO: Run Behavior\ReadHtmlCacheBehavior [ RunTime:0.001055s ]
INFO: Run Behavior\CheckLangBehavior [ RunTime:0.001777s ]
INFO: [ app_begin ] --END-- [ RunTime:0.002942s ]
SQL: SELECT o.order_id,o.order_num_alias,o.total,o.ip_region,o.payment_code,o.shipping_method,o.date_added,o.date_modified,m.uname,os.order_status_id,os.name FROM theguide_order o,theguide_member m,theguide_order_status os WHERE o.member_id=m.member_id AND o.order_status_id=os.order_status_id  [ RunTime:0.0005s ]
SQL: SELECT o.order_id,o.order_num_alias,o.total,o.ip_region,o.payment_code,o.shipping_method,o.date_added,o.date_modified,m.uname,os.order_status_id,os.name FROM theguide_order o,theguide_member m,theguide_order_status os WHERE o.member_id=m.member_id AND o.order_status_id=os.order_status_id  ORDER BY o.order_id DESC LIMIT 0,10 [ RunTime:0.0005s ]
SQL: SHOW COLUMNS FROM `theguide_order_status` [ RunTime:0.0043s ]
SQL: SELECT * FROM `theguide_order_status`  [ RunTime:0.0004s ]
INFO: [ view_parse ] --START--
INFO: [ template_filter ] --START--
INFO: Run Behavior\ContentReplaceBehavior [ RunTime:0.000182s ]
INFO: [ template_filter ] --END-- [ RunTime:0.000263s ]
SQL: SHOW COLUMNS FROM `theguide_menu` [ RunTime:0.0040s ]
SQL: SELECT * FROM `theguide_menu` ORDER BY sort_order  [ RunTime:0.0005s ]
INFO: [ view_parse ] --START--
INFO: [ template_filter ] --START--
INFO: Run Behavior\ContentReplaceBehavior [ RunTime:0.000047s ]
INFO: [ template_filter ] --END-- [ RunTime:-0.030392s ]
INFO: Run Behavior\ParseTemplateBehavior [ RunTime:0.005014s ]
INFO: [ view_parse ] --END-- [ RunTime:0.005072s ]
INFO: [ view_filter ] --START--
INFO: Run Behavior\WriteHtmlCacheBehavior [ RunTime:0.000880s ]
INFO: [ view_filter ] --END-- [ RunTime:0.000930s ]
INFO: Run Behavior\ParseTemplateBehavior [ RunTime:0.006147s ]
INFO: [ view_parse ] --END-- [ RunTime:0.005072s ]
INFO: [ view_filter ] --START--
INFO: Run Behavior\WriteHtmlCacheBehavior [ RunTime:0.000022s ]
INFO: [ view_filter ] --END-- [ RunTime:-0.000199s ]
INFO: [ app_end ] --START--
INFO: Run Behavior\ShowPageTraceBehavior [ RunTime:0.001289s ]
INFO: [ app_end ] --END-- [ RunTime:0.001371s ]

[ 2017-02-28T10:10:25+08:00 ] ::1 /theguide/admin.php?s=/OrderStatus/index
INFO: [ app_init ] --START--
INFO: Run Behavior\BuildLiteBehavior [ RunTime:0.000014s ]
INFO: [ app_init ] --END-- [ RunTime:0.000604s ]
INFO: [ app_begin ] --START--
INFO: Run Behavior\ReadHtmlCacheBehavior [ RunTime:0.000864s ]
INFO: Run Behavior\CheckLangBehavior [ RunTime:0.002136s ]
INFO: [ app_begin ] --END-- [ RunTime:0.003121s ]
SQL: SHOW COLUMNS FROM `theguide_order_status` [ RunTime:0.0042s ]
SQL: SELECT COUNT(*) AS tp_count FROM `theguide_order_status` LIMIT 1   [ RunTime:0.0004s ]
SQL: SELECT * FROM `theguide_order_status` ORDER BY order_status_id desc LIMIT 0,10   [ RunTime:0.0003s ]
INFO: [ view_parse ] --START--
INFO: [ template_filter ] --START--
INFO: Run Behavior\ContentReplaceBehavior [ RunTime:0.000088s ]
INFO: [ template_filter ] --END-- [ RunTime:0.000147s ]
SQL: SHOW COLUMNS FROM `theguide_menu` [ RunTime:0.0048s ]
SQL: SELECT * FROM `theguide_menu` ORDER BY sort_order  [ RunTime:0.0007s ]
INFO: [ view_parse ] --START--
INFO: [ template_filter ] --START--
INFO: Run Behavior\ContentReplaceBehavior [ RunTime:0.000087s ]
INFO: [ template_filter ] --END-- [ RunTime:-0.030398s ]
INFO: Run Behavior\ParseTemplateBehavior [ RunTime:0.004493s ]
INFO: [ view_parse ] --END-- [ RunTime:0.004554s ]
INFO: [ view_filter ] --START--
INFO: Run Behavior\WriteHtmlCacheBehavior [ RunTime:0.000805s ]
INFO: [ view_filter ] --END-- [ RunTime:0.000852s ]
INFO: Run Behavior\ParseTemplateBehavior [ RunTime:0.005895s ]
INFO: [ view_parse ] --END-- [ RunTime:0.004554s ]
INFO: [ view_filter ] --START--
INFO: Run Behavior\WriteHtmlCacheBehavior [ RunTime:0.000025s ]
INFO: [ view_filter ] --END-- [ RunTime:-0.000565s ]
INFO: [ app_end ] --START--
INFO: Run Behavior\ShowPageTraceBehavior [ RunTime:0.001030s ]
INFO: [ app_end ] --END-- [ RunTime:0.001095s ]

[ 2017-02-28T10:10:27+08:00 ] ::1 /theguide/admin.php?s=/PluginsSlider/index
INFO: [ app_init ] --START--
INFO: Run Behavior\BuildLiteBehavior [ RunTime:0.000023s ]
INFO: [ app_init ] --END-- [ RunTime:0.000710s ]
INFO: [ app_begin ] --START--
INFO: Run Behavior\ReadHtmlCacheBehavior [ RunTime:0.000957s ]
INFO: Run Behavior\CheckLangBehavior [ RunTime:0.002213s ]
INFO: [ app_begin ] --END-- [ RunTime:0.003307s ]
SQL: SHOW COLUMNS FROM `theguide_plugins_slider` [ RunTime:0.0047s ]
SQL: SELECT COUNT(*) AS tp_count FROM `theguide_plugins_slider` LIMIT 1   [ RunTime:0.0004s ]
SQL: SELECT * FROM `theguide_plugins_slider` ORDER BY slider_id desc LIMIT 0,10   [ RunTime:0.0004s ]
INFO: [ view_parse ] --START--
INFO: [ template_filter ] --START--
INFO: Run Behavior\ContentReplaceBehavior [ RunTime:0.000087s ]
INFO: [ template_filter ] --END-- [ RunTime:0.000140s ]
SQL: SHOW COLUMNS FROM `theguide_menu` [ RunTime:0.0040s ]
SQL: SELECT * FROM `theguide_menu` ORDER BY sort_order  [ RunTime:0.0004s ]
INFO: [ view_parse ] --START--
INFO: [ template_filter ] --START--
INFO: Run Behavior\ContentReplaceBehavior [ RunTime:0.000045s ]
INFO: [ template_filter ] --END-- [ RunTime:-0.028921s ]
INFO: Run Behavior\ParseTemplateBehavior [ RunTime:0.004842s ]
INFO: [ view_parse ] --END-- [ RunTime:0.004907s ]
INFO: [ view_filter ] --START--
INFO: Run Behavior\WriteHtmlCacheBehavior [ RunTime:0.000686s ]
INFO: [ view_filter ] --END-- [ RunTime:0.000730s ]
INFO: Run Behavior\ParseTemplateBehavior [ RunTime:0.005879s ]
INFO: [ view_parse ] --END-- [ RunTime:0.004907s ]
INFO: [ view_filter ] --START--
INFO: Run Behavior\WriteHtmlCacheBehavior [ RunTime:0.000009s ]
INFO: [ view_filter ] --END-- [ RunTime:-0.000281s ]
INFO: [ app_end ] --START--
INFO: Run Behavior\ShowPageTraceBehavior [ RunTime:0.001141s ]
INFO: [ app_end ] --END-- [ RunTime:0.001207s ]

[ 2017-02-28T10:10:31+08:00 ] ::1 /theguide/admin.php?s=/member/index
INFO: [ app_init ] --START--
INFO: Run Behavior\BuildLiteBehavior [ RunTime:0.000015s ]
INFO: [ app_init ] --END-- [ RunTime:0.000745s ]
INFO: [ app_begin ] --START--
INFO: Run Behavior\ReadHtmlCacheBehavior [ RunTime:0.001036s ]
INFO: Run Behavior\CheckLangBehavior [ RunTime:0.002063s ]
INFO: [ app_begin ] --END-- [ RunTime:0.003215s ]
SQL: SHOW COLUMNS FROM `theguide_member` [ RunTime:0.0203s ]
SQL: select * from theguide_member where 1  [ RunTime:0.0004s ]
SQL: select * from theguide_member where 1  order by member_id desc LIMIT 0,10 [ RunTime:0.0004s ]
SQL: SELECT COUNT(*) AS tp_count FROM `theguide_member` WHERE `pid` = 84 OR `sid` = 84 LIMIT 1   [ RunTime:0.0003s ]
INFO: [ view_parse ] --START--
INFO: [ template_filter ] --START--
INFO: Run Behavior\ContentReplaceBehavior [ RunTime:0.000182s ]
INFO: [ template_filter ] --END-- [ RunTime:0.000321s ]
SQL: SHOW COLUMNS FROM `theguide_menu` [ RunTime:0.0035s ]
SQL: SELECT * FROM `theguide_menu` ORDER BY sort_order  [ RunTime:0.0004s ]
INFO: [ view_parse ] --START--
INFO: [ template_filter ] --START--
INFO: Run Behavior\ContentReplaceBehavior [ RunTime:0.000044s ]
INFO: [ template_filter ] --END-- [ RunTime:-0.029233s ]
INFO: Run Behavior\ParseTemplateBehavior [ RunTime:0.004435s ]
INFO: [ view_parse ] --END-- [ RunTime:0.004494s ]
INFO: [ view_filter ] --START--
INFO: Run Behavior\WriteHtmlCacheBehavior [ RunTime:0.000940s ]
INFO: [ view_filter ] --END-- [ RunTime:0.000997s ]
NOTIC: [8] Undefined index: num D:\WWW\theguide\Runtime\Cache\Admin\316be533e8b7772c98e865fb1f158ff5.php 第 227 行.
INFO: Run Behavior\ParseTemplateBehavior [ RunTime:0.005889s ]
INFO: [ view_parse ] --END-- [ RunTime:0.004494s ]
INFO: [ view_filter ] --START--
INFO: Run Behavior\WriteHtmlCacheBehavior [ RunTime:0.000011s ]
INFO: [ view_filter ] --END-- [ RunTime:-0.000446s ]
INFO: [ app_end ] --START--
INFO: Run Behavior\ShowPageTraceBehavior [ RunTime:0.001441s ]
INFO: [ app_end ] --END-- [ RunTime:0.001532s ]

[ 2017-02-28T10:10:34+08:00 ] ::1 /theguide/admin.php?s=/UserAction/index
INFO: [ app_init ] --START--
INFO: Run Behavior\BuildLiteBehavior [ RunTime:0.000014s ]
INFO: [ app_init ] --END-- [ RunTime:0.000716s ]
INFO: [ app_begin ] --START--
INFO: Run Behavior\ReadHtmlCacheBehavior [ RunTime:0.000937s ]
INFO: Run Behavior\CheckLangBehavior [ RunTime:0.002062s ]
INFO: [ app_begin ] --END-- [ RunTime:0.003140s ]
SQL: SHOW COLUMNS FROM `theguide_user_action` [ RunTime:0.0040s ]
SQL: SELECT COUNT(*) AS tp_count FROM `theguide_user_action` LIMIT 1   [ RunTime:0.0003s ]
SQL: SELECT * FROM `theguide_user_action` ORDER BY ua_id desc LIMIT 0,10   [ RunTime:0.0006s ]
INFO: [ view_parse ] --START--
INFO: [ template_filter ] --START--
INFO: Run Behavior\ContentReplaceBehavior [ RunTime:0.000091s ]
INFO: [ template_filter ] --END-- [ RunTime:0.000148s ]
SQL: SHOW COLUMNS FROM `theguide_menu` [ RunTime:0.0042s ]
SQL: SELECT * FROM `theguide_menu` ORDER BY sort_order  [ RunTime:0.0005s ]
INFO: [ view_parse ] --START--
INFO: [ template_filter ] --START--
INFO: Run Behavior\ContentReplaceBehavior [ RunTime:0.000045s ]
INFO: [ template_filter ] --END-- [ RunTime:-0.027908s ]
INFO: Run Behavior\ParseTemplateBehavior [ RunTime:0.004206s ]
INFO: [ view_parse ] --END-- [ RunTime:0.004276s ]
INFO: [ view_filter ] --START--
INFO: Run Behavior\WriteHtmlCacheBehavior [ RunTime:0.000709s ]
INFO: [ view_filter ] --END-- [ RunTime:0.000751s ]
INFO: Run Behavior\ParseTemplateBehavior [ RunTime:0.005093s ]
INFO: [ view_parse ] --END-- [ RunTime:0.004276s ]
INFO: [ view_filter ] --START--
INFO: Run Behavior\WriteHtmlCacheBehavior [ RunTime:0.000010s ]
INFO: [ view_filter ] --END-- [ RunTime:-0.000122s ]
INFO: [ app_end ] --START--
INFO: Run Behavior\ShowPageTraceBehavior [ RunTime:0.001132s ]
INFO: [ app_end ] --END-- [ RunTime:0.001195s ]

[ 2017-02-28T10:10:36+08:00 ] ::1 /theguide/admin.php?s=/AdminUser/index
INFO: [ app_init ] --START--
INFO: Run Behavior\BuildLiteBehavior [ RunTime:0.000017s ]
INFO: [ app_init ] --END-- [ RunTime:0.000940s ]
INFO: [ app_begin ] --START--
INFO: Run Behavior\ReadHtmlCacheBehavior [ RunTime:0.000898s ]
INFO: Run Behavior\CheckLangBehavior [ RunTime:0.001852s ]
INFO: [ app_begin ] --END-- [ RunTime:0.002890s ]
SQL: select * from theguide_admin  [ RunTime:0.0004s ]
SQL: select * from theguide_admin  order by a_id desc LIMIT 0,10 [ RunTime:0.0005s ]
INFO: [ view_parse ] --START--
INFO: [ template_filter ] --START--
INFO: Run Behavior\ContentReplaceBehavior [ RunTime:0.000099s ]
INFO: [ template_filter ] --END-- [ RunTime:0.000156s ]
SQL: SHOW COLUMNS FROM `theguide_menu` [ RunTime:0.0048s ]
SQL: SELECT * FROM `theguide_menu` ORDER BY sort_order  [ RunTime:0.0005s ]
INFO: [ view_parse ] --START--
INFO: [ template_filter ] --START--
INFO: Run Behavior\ContentReplaceBehavior [ RunTime:0.000045s ]
INFO: [ template_filter ] --END-- [ RunTime:-0.029176s ]
INFO: Run Behavior\ParseTemplateBehavior [ RunTime:0.004325s ]
INFO: [ view_parse ] --END-- [ RunTime:0.004381s ]
INFO: [ view_filter ] --START--
INFO: Run Behavior\WriteHtmlCacheBehavior [ RunTime:0.000726s ]
INFO: [ view_filter ] --END-- [ RunTime:0.000772s ]
INFO: Run Behavior\ParseTemplateBehavior [ RunTime:0.005327s ]
INFO: [ view_parse ] --END-- [ RunTime:0.004381s ]
INFO: [ view_filter ] --START--
INFO: Run Behavior\WriteHtmlCacheBehavior [ RunTime:0.000009s ]
INFO: [ view_filter ] --END-- [ RunTime:-0.000216s ]
INFO: [ app_end ] --START--
INFO: Run Behavior\ShowPageTraceBehavior [ RunTime:0.000964s ]
INFO: [ app_end ] --END-- [ RunTime:0.001016s ]

[ 2017-02-28T10:10:38+08:00 ] ::1 /theguide/admin.php?s=/AdminUser/index
INFO: [ app_init ] --START--
INFO: Run Behavior\BuildLiteBehavior [ RunTime:0.000014s ]
INFO: [ app_init ] --END-- [ RunTime:0.000646s ]
INFO: [ app_begin ] --START--
INFO: Run Behavior\ReadHtmlCacheBehavior [ RunTime:0.001365s ]
INFO: Run Behavior\CheckLangBehavior [ RunTime:0.002036s ]
INFO: [ app_begin ] --END-- [ RunTime:0.003551s ]
SQL: select * from theguide_admin  [ RunTime:0.0005s ]
SQL: select * from theguide_admin  order by a_id desc LIMIT 0,10 [ RunTime:0.0004s ]
INFO: [ view_parse ] --START--
INFO: [ template_filter ] --START--
INFO: Run Behavior\ContentReplaceBehavior [ RunTime:0.000100s ]
INFO: [ template_filter ] --END-- [ RunTime:0.000161s ]
SQL: SHOW COLUMNS FROM `theguide_menu` [ RunTime:0.0198s ]
SQL: SELECT * FROM `theguide_menu` ORDER BY sort_order  [ RunTime:0.0004s ]
INFO: [ view_parse ] --START--
INFO: [ template_filter ] --START--
INFO: Run Behavior\ContentReplaceBehavior [ RunTime:0.000045s ]
INFO: [ template_filter ] --END-- [ RunTime:-0.044045s ]
INFO: Run Behavior\ParseTemplateBehavior [ RunTime:0.005127s ]
INFO: [ view_parse ] --END-- [ RunTime:0.005199s ]
INFO: [ view_filter ] --START--
INFO: Run Behavior\WriteHtmlCacheBehavior [ RunTime:0.000755s ]
INFO: [ view_filter ] --END-- [ RunTime:0.000816s ]
INFO: Run Behavior\ParseTemplateBehavior [ RunTime:0.006179s ]
INFO: [ view_parse ] --END-- [ RunTime:0.005199s ]
INFO: [ view_filter ] --START--
INFO: Run Behavior\WriteHtmlCacheBehavior [ RunTime:0.000009s ]
INFO: [ view_filter ] --END-- [ RunTime:-0.000219s ]
INFO: [ app_end ] --START--
INFO: Run Behavior\ShowPageTraceBehavior [ RunTime:0.001150s ]
INFO: [ app_end ] --END-- [ RunTime:0.001232s ]

[ 2017-02-28T10:10:39+08:00 ] ::1 /theguide/admin.php?s=/Code/index
INFO: [ app_init ] --START--
INFO: Run Behavior\BuildLiteBehavior [ RunTime:0.000017s ]
INFO: [ app_init ] --END-- [ RunTime:0.000750s ]
INFO: [ app_begin ] --START--
INFO: Run Behavior\ReadHtmlCacheBehavior [ RunTime:0.001156s ]
INFO: Run Behavior\CheckLangBehavior [ RunTime:0.001957s ]
INFO: [ app_begin ] --END-- [ RunTime:0.003269s ]
SQL: SHOW COLUMNS FROM `theguide_code` [ RunTime:0.0202s ]
SQL: SELECT COUNT(*) AS tp_count FROM `theguide_code` LIMIT 1   [ RunTime:0.0003s ]
SQL: SELECT * FROM `theguide_code` ORDER BY code_id desc LIMIT 0,10   [ RunTime:0.0003s ]
INFO: [ view_parse ] --START--
INFO: [ template_filter ] --START--
INFO: Run Behavior\ContentReplaceBehavior [ RunTime:0.000089s ]
INFO: [ template_filter ] --END-- [ RunTime:0.000146s ]
SQL: SHOW COLUMNS FROM `theguide_menu` [ RunTime:0.0039s ]
SQL: SELECT * FROM `theguide_menu` ORDER BY sort_order  [ RunTime:0.0005s ]
INFO: [ view_parse ] --START--
INFO: [ template_filter ] --START--
INFO: Run Behavior\ContentReplaceBehavior [ RunTime:0.000043s ]
INFO: [ template_filter ] --END-- [ RunTime:-0.028374s ]
INFO: Run Behavior\ParseTemplateBehavior [ RunTime:0.004376s ]
INFO: [ view_parse ] --END-- [ RunTime:0.004437s ]
INFO: [ view_filter ] --START--
INFO: Run Behavior\WriteHtmlCacheBehavior [ RunTime:0.000751s ]
INFO: [ view_filter ] --END-- [ RunTime:0.000796s ]
INFO: Run Behavior\ParseTemplateBehavior [ RunTime:0.005537s ]
INFO: [ view_parse ] --END-- [ RunTime:0.004437s ]
INFO: [ view_filter ] --START--
INFO: Run Behavior\WriteHtmlCacheBehavior [ RunTime:0.000009s ]
INFO: [ view_filter ] --END-- [ RunTime:-0.000345s ]
INFO: [ app_end ] --START--
INFO: Run Behavior\ShowPageTraceBehavior [ RunTime:0.001249s ]
INFO: [ app_end ] --END-- [ RunTime:0.001316s ]

[ 2017-02-28T10:10:40+08:00 ] ::1 /theguide/admin.php?s=/Contact/index
INFO: [ app_init ] --START--
INFO: Run Behavior\BuildLiteBehavior [ RunTime:0.000015s ]
INFO: [ app_init ] --END-- [ RunTime:0.000754s ]
INFO: [ app_begin ] --START--
INFO: Run Behavior\ReadHtmlCacheBehavior [ RunTime:0.001024s ]
INFO: Run Behavior\CheckLangBehavior [ RunTime:0.001951s ]
INFO: [ app_begin ] --END-- [ RunTime:0.003096s ]
SQL: SHOW COLUMNS FROM `theguide_contact` [ RunTime:0.0046s ]
SQL: SELECT COUNT(*) AS tp_count FROM `theguide_contact` LIMIT 1   [ RunTime:0.0004s ]
SQL: SELECT * FROM `theguide_contact` ORDER BY addtime desc LIMIT 0,10   [ RunTime:0.0003s ]
INFO: [ view_parse ] --START--
INFO: [ template_filter ] --START--
INFO: Run Behavior\ContentReplaceBehavior [ RunTime:0.000113s ]
INFO: [ template_filter ] --END-- [ RunTime:0.000167s ]
SQL: SHOW COLUMNS FROM `theguide_menu` [ RunTime:0.0043s ]
SQL: SELECT * FROM `theguide_menu` ORDER BY sort_order  [ RunTime:0.0005s ]
INFO: [ view_parse ] --START--
INFO: [ template_filter ] --START--
INFO: Run Behavior\ContentReplaceBehavior [ RunTime:0.000044s ]
INFO: [ template_filter ] --END-- [ RunTime:-0.028640s ]
INFO: Run Behavior\ParseTemplateBehavior [ RunTime:0.004490s ]
INFO: [ view_parse ] --END-- [ RunTime:0.004546s ]
INFO: [ view_filter ] --START--
INFO: Run Behavior\WriteHtmlCacheBehavior [ RunTime:0.000757s ]
INFO: [ view_filter ] --END-- [ RunTime:0.000802s ]
INFO: Run Behavior\ParseTemplateBehavior [ RunTime:0.005463s ]
INFO: [ view_parse ] --END-- [ RunTime:0.004546s ]
INFO: [ view_filter ] --START--
INFO: Run Behavior\WriteHtmlCacheBehavior [ RunTime:0.000009s ]
INFO: [ view_filter ] --END-- [ RunTime:-0.000156s ]
INFO: [ app_end ] --START--
INFO: Run Behavior\ShowPageTraceBehavior [ RunTime:0.001093s ]
INFO: [ app_end ] --END-- [ RunTime:0.001143s ]

[ 2017-02-28T10:13:09+08:00 ] ::1 /theguide/admin.php?s=/member/index
INFO: [ app_init ] --START--
INFO: Run Behavior\BuildLiteBehavior [ RunTime:0.000015s ]
INFO: [ app_init ] --END-- [ RunTime:0.000673s ]
INFO: [ app_begin ] --START--
INFO: Run Behavior\ReadHtmlCacheBehavior [ RunTime:0.000928s ]
INFO: Run Behavior\CheckLangBehavior [ RunTime:0.002187s ]
INFO: [ app_begin ] --END-- [ RunTime:0.003239s ]
SQL: SHOW COLUMNS FROM `theguide_member` [ RunTime:0.0048s ]
SQL: select * from theguide_member where 1  [ RunTime:0.0004s ]
SQL: select * from theguide_member where 1  order by member_id desc LIMIT 0,10 [ RunTime:0.0004s ]
SQL: SELECT COUNT(*) AS tp_count FROM `theguide_member` WHERE `pid` = 84 OR `sid` = 84 LIMIT 1   [ RunTime:0.0003s ]
INFO: [ view_parse ] --START--
INFO: [ template_filter ] --START--
INFO: Run Behavior\ContentReplaceBehavior [ RunTime:0.000116s ]
INFO: [ template_filter ] --END-- [ RunTime:0.000171s ]
SQL: SHOW COLUMNS FROM `theguide_menu` [ RunTime:0.0041s ]
SQL: SELECT * FROM `theguide_menu` ORDER BY sort_order  [ RunTime:0.0005s ]
INFO: [ view_parse ] --START--
INFO: [ template_filter ] --START--
INFO: Run Behavior\ContentReplaceBehavior [ RunTime:0.000045s ]
INFO: [ template_filter ] --END-- [ RunTime:-0.030091s ]
INFO: Run Behavior\ParseTemplateBehavior [ RunTime:0.004456s ]
INFO: [ view_parse ] --END-- [ RunTime:0.004524s ]
INFO: [ view_filter ] --START--
INFO: Run Behavior\WriteHtmlCacheBehavior [ RunTime:0.000643s ]
INFO: [ view_filter ] --END-- [ RunTime:0.000687s ]
NOTIC: [8] Undefined index: num D:\WWW\theguide\Runtime\Cache\Admin\316be533e8b7772c98e865fb1f158ff5.php 第 227 行.
INFO: Run Behavior\ParseTemplateBehavior [ RunTime:0.005540s ]
INFO: [ view_parse ] --END-- [ RunTime:0.004524s ]
INFO: [ view_filter ] --START--
INFO: Run Behavior\WriteHtmlCacheBehavior [ RunTime:0.000009s ]
INFO: [ view_filter ] --END-- [ RunTime:-0.000381s ]
INFO: [ app_end ] --START--
INFO: Run Behavior\ShowPageTraceBehavior [ RunTime:0.001009s ]
INFO: [ app_end ] --END-- [ RunTime:0.001064s ]

[ 2017-02-28T10:13:11+08:00 ] ::1 /theguide/admin.php?s=/UserAction/index
INFO: [ app_init ] --START--
INFO: Run Behavior\BuildLiteBehavior [ RunTime:0.000015s ]
INFO: [ app_init ] --END-- [ RunTime:0.000616s ]
INFO: [ app_begin ] --START--
INFO: Run Behavior\ReadHtmlCacheBehavior [ RunTime:0.000765s ]
INFO: Run Behavior\CheckLangBehavior [ RunTime:0.001892s ]
INFO: [ app_begin ] --END-- [ RunTime:0.002764s ]
SQL: SHOW COLUMNS FROM `theguide_user_action` [ RunTime:0.0198s ]
SQL: SELECT COUNT(*) AS tp_count FROM `theguide_user_action` LIMIT 1   [ RunTime:0.0004s ]
SQL: SELECT * FROM `theguide_user_action` ORDER BY ua_id desc LIMIT 0,10   [ RunTime:0.0004s ]
INFO: [ view_parse ] --START--
INFO: [ template_filter ] --START--
INFO: Run Behavior\ContentReplaceBehavior [ RunTime:0.000127s ]
INFO: [ template_filter ] --END-- [ RunTime:0.000212s ]
SQL: SHOW COLUMNS FROM `theguide_menu` [ RunTime:0.0052s ]
SQL: SELECT * FROM `theguide_menu` ORDER BY sort_order  [ RunTime:0.0005s ]
INFO: [ view_parse ] --START--
INFO: [ template_filter ] --START--
INFO: Run Behavior\ContentReplaceBehavior [ RunTime:0.000044s ]
INFO: [ template_filter ] --END-- [ RunTime:-0.028320s ]
INFO: Run Behavior\ParseTemplateBehavior [ RunTime:0.005074s ]
INFO: [ view_parse ] --END-- [ RunTime:0.005146s ]
INFO: [ view_filter ] --START--
INFO: Run Behavior\WriteHtmlCacheBehavior [ RunTime:0.000432s ]
INFO: [ view_filter ] --END-- [ RunTime:0.000489s ]
INFO: Run Behavior\ParseTemplateBehavior [ RunTime:0.005716s ]
INFO: [ view_parse ] --END-- [ RunTime:0.005146s ]
INFO: [ view_filter ] --START--
INFO: Run Behavior\WriteHtmlCacheBehavior [ RunTime:0.000009s ]
INFO: [ view_filter ] --END-- [ RunTime:-0.000120s ]
INFO: [ app_end ] --START--
INFO: Run Behavior\ShowPageTraceBehavior [ RunTime:0.000638s ]
INFO: [ app_end ] --END-- [ RunTime:0.000686s ]

[ 2017-02-28T10:13:12+08:00 ] ::1 /theguide/admin.php?s=/UserAction/index
INFO: [ app_init ] --START--
INFO: Run Behavior\BuildLiteBehavior [ RunTime:0.000016s ]
INFO: [ app_init ] --END-- [ RunTime:0.000566s ]
INFO: [ app_begin ] --START--
INFO: Run Behavior\ReadHtmlCacheBehavior [ RunTime:0.000662s ]
INFO: Run Behavior\CheckLangBehavior [ RunTime:0.001944s ]
INFO: [ app_begin ] --END-- [ RunTime:0.002753s ]
SQL: SHOW COLUMNS FROM `theguide_user_action` [ RunTime:0.0198s ]
SQL: SELECT COUNT(*) AS tp_count FROM `theguide_user_action` LIMIT 1   [ RunTime:0.0003s ]
SQL: SELECT * FROM `theguide_user_action` ORDER BY ua_id desc LIMIT 0,10   [ RunTime:0.0004s ]
INFO: [ view_parse ] --START--
INFO: [ template_filter ] --START--
INFO: Run Behavior\ContentReplaceBehavior [ RunTime:0.000100s ]
INFO: [ template_filter ] --END-- [ RunTime:0.000154s ]
SQL: SHOW COLUMNS FROM `theguide_menu` [ RunTime:0.0042s ]
SQL: SELECT * FROM `theguide_menu` ORDER BY sort_order  [ RunTime:0.0005s ]
INFO: [ view_parse ] --START--
INFO: [ template_filter ] --START--
INFO: Run Behavior\ContentReplaceBehavior [ RunTime:0.000046s ]
INFO: [ template_filter ] --END-- [ RunTime:-0.027606s ]
INFO: Run Behavior\ParseTemplateBehavior [ RunTime:0.004915s ]
INFO: [ view_parse ] --END-- [ RunTime:0.005011s ]
INFO: [ view_filter ] --START--
INFO: Run Behavior\WriteHtmlCacheBehavior [ RunTime:0.000675s ]
INFO: [ view_filter ] --END-- [ RunTime:0.000735s ]
INFO: Run Behavior\ParseTemplateBehavior [ RunTime:0.005865s ]
INFO: [ view_parse ] --END-- [ RunTime:0.005011s ]
INFO: [ view_filter ] --START--
INFO: Run Behavior\WriteHtmlCacheBehavior [ RunTime:0.000010s ]
INFO: [ view_filter ] --END-- [ RunTime:-0.000141s ]
INFO: [ app_end ] --START--
INFO: Run Behavior\ShowPageTraceBehavior [ RunTime:0.000638s ]
INFO: [ app_end ] --END-- [ RunTime:0.000692s ]

[ 2017-02-28T10:13:13+08:00 ] ::1 /theguide/admin.php?s=/AdminUser/index
INFO: [ app_init ] --START--
INFO: Run Behavior\BuildLiteBehavior [ RunTime:0.000015s ]
INFO: [ app_init ] --END-- [ RunTime:0.000672s ]
INFO: [ app_begin ] --START--
INFO: Run Behavior\ReadHtmlCacheBehavior [ RunTime:0.000683s ]
INFO: Run Behavior\CheckLangBehavior [ RunTime:0.001787s ]
INFO: [ app_begin ] --END-- [ RunTime:0.002592s ]
SQL: select * from theguide_admin  [ RunTime:0.0006s ]
SQL: select * from theguide_admin  order by a_id desc LIMIT 0,10 [ RunTime:0.0004s ]
INFO: [ view_parse ] --START--
INFO: [ template_filter ] --START--
INFO: Run Behavior\ContentReplaceBehavior [ RunTime:0.000097s ]
INFO: [ template_filter ] --END-- [ RunTime:0.000149s ]
SQL: SHOW COLUMNS FROM `theguide_menu` [ RunTime:0.0203s ]
SQL: SELECT * FROM `theguide_menu` ORDER BY sort_order  [ RunTime:0.0005s ]
INFO: [ view_parse ] --START--
INFO: [ template_filter ] --START--
INFO: Run Behavior\ContentReplaceBehavior [ RunTime:0.000043s ]
INFO: [ template_filter ] --END-- [ RunTime:-0.044642s ]
INFO: Run Behavior\ParseTemplateBehavior [ RunTime:0.004392s ]
INFO: [ view_parse ] --END-- [ RunTime:0.004446s ]
INFO: [ view_filter ] --START--
INFO: Run Behavior\WriteHtmlCacheBehavior [ RunTime:0.000488s ]
INFO: [ view_filter ] --END-- [ RunTime:0.000532s ]
INFO: Run Behavior\ParseTemplateBehavior [ RunTime:0.005149s ]
INFO: [ view_parse ] --END-- [ RunTime:0.004446s ]
INFO: [ view_filter ] --START--
INFO: Run Behavior\WriteHtmlCacheBehavior [ RunTime:0.000009s ]
INFO: [ view_filter ] --END-- [ RunTime:-0.000210s ]
INFO: [ app_end ] --START--
INFO: Run Behavior\ShowPageTraceBehavior [ RunTime:0.000737s ]
INFO: [ app_end ] --END-- [ RunTime:0.000784s ]

[ 2017-02-28T10:13:14+08:00 ] ::1 /theguide/admin.php?s=/Code/index
INFO: [ app_init ] --START--
INFO: Run Behavior\BuildLiteBehavior [ RunTime:0.000014s ]
INFO: [ app_init ] --END-- [ RunTime:0.000644s ]
INFO: [ app_begin ] --START--
INFO: Run Behavior\ReadHtmlCacheBehavior [ RunTime:0.000683s ]
INFO: Run Behavior\CheckLangBehavior [ RunTime:0.001827s ]
INFO: [ app_begin ] --END-- [ RunTime:0.002627s ]
SQL: SHOW COLUMNS FROM `theguide_code` [ RunTime:0.0195s ]
SQL: SELECT COUNT(*) AS tp_count FROM `theguide_code` LIMIT 1   [ RunTime:0.0003s ]
SQL: SELECT * FROM `theguide_code` ORDER BY code_id desc LIMIT 0,10   [ RunTime:0.0003s ]
INFO: [ view_parse ] --START--
INFO: [ template_filter ] --START--
INFO: Run Behavior\ContentReplaceBehavior [ RunTime:0.000084s ]
INFO: [ template_filter ] --END-- [ RunTime:0.000135s ]
SQL: SHOW COLUMNS FROM `theguide_menu` [ RunTime:0.0041s ]
SQL: SELECT * FROM `theguide_menu` ORDER BY sort_order  [ RunTime:0.0005s ]
INFO: [ view_parse ] --START--
INFO: [ template_filter ] --START--
INFO: Run Behavior\ContentReplaceBehavior [ RunTime:0.000044s ]
INFO: [ template_filter ] --END-- [ RunTime:-0.027896s ]
INFO: Run Behavior\ParseTemplateBehavior [ RunTime:0.005149s ]
INFO: [ view_parse ] --END-- [ RunTime:0.005206s ]
INFO: [ view_filter ] --START--
INFO: Run Behavior\WriteHtmlCacheBehavior [ RunTime:0.000438s ]
INFO: [ view_filter ] --END-- [ RunTime:0.000483s ]
INFO: Run Behavior\ParseTemplateBehavior [ RunTime:0.005987s ]
INFO: [ view_parse ] --END-- [ RunTime:0.005206s ]
INFO: [ view_filter ] --START--
INFO: Run Behavior\WriteHtmlCacheBehavior [ RunTime:0.000009s ]
INFO: [ view_filter ] --END-- [ RunTime:-0.000339s ]
INFO: [ app_end ] --START--
INFO: Run Behavior\ShowPageTraceBehavior [ RunTime:0.000663s ]
INFO: [ app_end ] --END-- [ RunTime:0.000712s ]

[ 2017-02-28T10:13:14+08:00 ] ::1 /theguide/admin.php?s=/Code/index
INFO: [ app_init ] --START--
INFO: Run Behavior\BuildLiteBehavior [ RunTime:0.000015s ]
INFO: [ app_init ] --END-- [ RunTime:0.000636s ]
INFO: [ app_begin ] --START--
INFO: Run Behavior\ReadHtmlCacheBehavior [ RunTime:0.000743s ]
INFO: Run Behavior\CheckLangBehavior [ RunTime:0.001882s ]
INFO: [ app_begin ] --END-- [ RunTime:0.002736s ]
SQL: SHOW COLUMNS FROM `theguide_code` [ RunTime:0.0201s ]
SQL: SELECT COUNT(*) AS tp_count FROM `theguide_code` LIMIT 1   [ RunTime:0.0003s ]
SQL: SELECT * FROM `theguide_code` ORDER BY code_id desc LIMIT 0,10   [ RunTime:0.0004s ]
INFO: [ view_parse ] --START--
INFO: [ template_filter ] --START--
INFO: Run Behavior\ContentReplaceBehavior [ RunTime:0.000088s ]
INFO: [ template_filter ] --END-- [ RunTime:0.000140s ]
SQL: SHOW COLUMNS FROM `theguide_menu` [ RunTime:0.0046s ]
SQL: SELECT * FROM `theguide_menu` ORDER BY sort_order  [ RunTime:0.0004s ]
INFO: [ view_parse ] --START--
INFO: [ template_filter ] --START--
INFO: Run Behavior\ContentReplaceBehavior [ RunTime:0.000045s ]
INFO: [ template_filter ] --END-- [ RunTime:-0.029414s ]
INFO: Run Behavior\ParseTemplateBehavior [ RunTime:0.004343s ]
INFO: [ view_parse ] --END-- [ RunTime:0.004401s ]
INFO: [ view_filter ] --START--
INFO: Run Behavior\WriteHtmlCacheBehavior [ RunTime:0.000533s ]
INFO: [ view_filter ] --END-- [ RunTime:0.000580s ]
INFO: Run Behavior\ParseTemplateBehavior [ RunTime:0.005330s ]
INFO: [ view_parse ] --END-- [ RunTime:0.004401s ]
INFO: [ view_filter ] --START--
INFO: Run Behavior\WriteHtmlCacheBehavior [ RunTime:0.000009s ]
INFO: [ view_filter ] --END-- [ RunTime:-0.000363s ]
INFO: [ app_end ] --START--
INFO: Run Behavior\ShowPageTraceBehavior [ RunTime:0.000695s ]
INFO: [ app_end ] --END-- [ RunTime:0.000746s ]

[ 2017-02-28T10:13:16+08:00 ] ::1 /theguide/admin.php?s=/Contact/index
INFO: [ app_init ] --START--
INFO: Run Behavior\BuildLiteBehavior [ RunTime:0.000015s ]
INFO: [ app_init ] --END-- [ RunTime:0.000644s ]
INFO: [ app_begin ] --START--
INFO: Run Behavior\ReadHtmlCacheBehavior [ RunTime:0.000694s ]
INFO: Run Behavior\CheckLangBehavior [ RunTime:0.001988s ]
INFO: [ app_begin ] --END-- [ RunTime:0.002792s ]
SQL: SHOW COLUMNS FROM `theguide_contact` [ RunTime:0.0197s ]
SQL: SELECT COUNT(*) AS tp_count FROM `theguide_contact` LIMIT 1   [ RunTime:0.0003s ]
SQL: SELECT * FROM `theguide_contact` ORDER BY addtime desc LIMIT 0,10   [ RunTime:0.0003s ]
INFO: [ view_parse ] --START--
INFO: [ template_filter ] --START--
INFO: Run Behavior\ContentReplaceBehavior [ RunTime:0.000182s ]
INFO: [ template_filter ] --END-- [ RunTime:0.000272s ]
SQL: SHOW COLUMNS FROM `theguide_menu` [ RunTime:0.0040s ]
SQL: SELECT * FROM `theguide_menu` ORDER BY sort_order  [ RunTime:0.0005s ]
INFO: [ view_parse ] --START--
INFO: [ template_filter ] --START--
INFO: Run Behavior\ContentReplaceBehavior [ RunTime:0.000043s ]
INFO: [ template_filter ] --END-- [ RunTime:-0.027919s ]
INFO: Run Behavior\ParseTemplateBehavior [ RunTime:0.004142s ]
INFO: [ view_parse ] --END-- [ RunTime:0.004195s ]
INFO: [ view_filter ] --START--
INFO: Run Behavior\WriteHtmlCacheBehavior [ RunTime:0.000577s ]
INFO: [ view_filter ] --END-- [ RunTime:0.000633s ]
INFO: Run Behavior\ParseTemplateBehavior [ RunTime:0.004987s ]
INFO: [ view_parse ] --END-- [ RunTime:0.004195s ]
INFO: [ view_filter ] --START--
INFO: Run Behavior\WriteHtmlCacheBehavior [ RunTime:0.000010s ]
INFO: [ view_filter ] --END-- [ RunTime:-0.000201s ]
INFO: [ app_end ] --START--
INFO: Run Behavior\ShowPageTraceBehavior [ RunTime:0.000969s ]
INFO: [ app_end ] --END-- [ RunTime:0.001021s ]

[ 2017-02-28T10:29:29+08:00 ] ::1 /theguide/admin.php?s=/member/index
INFO: [ app_init ] --START--
INFO: Run Behavior\BuildLiteBehavior [ RunTime:0.000013s ]
INFO: [ app_init ] --END-- [ RunTime:0.000628s ]
INFO: [ app_begin ] --START--
INFO: Run Behavior\ReadHtmlCacheBehavior [ RunTime:0.000806s ]
INFO: Run Behavior\CheckLangBehavior [ RunTime:0.002234s ]
INFO: [ app_begin ] --END-- [ RunTime:0.003143s ]
SQL: SHOW COLUMNS FROM `theguide_member` [ RunTime:0.0206s ]
SQL: select * from theguide_member where 1  [ RunTime:0.0004s ]
SQL: select * from theguide_member where 1  order by member_id desc LIMIT 0,10 [ RunTime:0.0004s ]
SQL: SELECT COUNT(*) AS tp_count FROM `theguide_member` WHERE `pid` = 84 OR `sid` = 84 LIMIT 1   [ RunTime:0.0003s ]
INFO: [ view_parse ] --START--
INFO: [ template_filter ] --START--
INFO: Run Behavior\ContentReplaceBehavior [ RunTime:0.000109s ]
INFO: [ template_filter ] --END-- [ RunTime:0.000159s ]
SQL: SHOW COLUMNS FROM `theguide_menu` [ RunTime:0.0042s ]
SQL: SELECT * FROM `theguide_menu` ORDER BY sort_order  [ RunTime:0.0005s ]
INFO: [ view_parse ] --START--
INFO: [ template_filter ] --START--
INFO: Run Behavior\ContentReplaceBehavior [ RunTime:0.000047s ]
INFO: [ template_filter ] --END-- [ RunTime:-0.031971s ]
INFO: Run Behavior\ParseTemplateBehavior [ RunTime:0.005313s ]
INFO: [ view_parse ] --END-- [ RunTime:0.005380s ]
INFO: [ view_filter ] --START--
INFO: Run Behavior\WriteHtmlCacheBehavior [ RunTime:0.000784s ]
INFO: [ view_filter ] --END-- [ RunTime:0.000831s ]
NOTIC: [8] Undefined index: num D:\WWW\theguide\Runtime\Cache\Admin\316be533e8b7772c98e865fb1f158ff5.php 第 227 行.
INFO: Run Behavior\ParseTemplateBehavior [ RunTime:0.006524s ]
INFO: [ view_parse ] --END-- [ RunTime:0.005380s ]
INFO: [ view_filter ] --START--
INFO: Run Behavior\WriteHtmlCacheBehavior [ RunTime:0.000009s ]
INFO: [ view_filter ] --END-- [ RunTime:-0.000353s ]
INFO: [ app_end ] --START--
INFO: Run Behavior\ShowPageTraceBehavior [ RunTime:0.001059s ]
INFO: [ app_end ] --END-- [ RunTime:0.001110s ]

[ 2017-02-28T10:29:32+08:00 ] ::1 /theguide/admin.php?s=/Goods/index
INFO: [ app_init ] --START--
INFO: Run Behavior\BuildLiteBehavior [ RunTime:0.000014s ]
INFO: [ app_init ] --END-- [ RunTime:0.000671s ]
INFO: [ app_begin ] --START--
INFO: Run Behavior\ReadHtmlCacheBehavior [ RunTime:0.000783s ]
INFO: Run Behavior\CheckLangBehavior [ RunTime:0.002330s ]
INFO: [ app_begin ] --END-- [ RunTime:0.003223s ]
SQL: SHOW COLUMNS FROM `theguide_goods` [ RunTime:0.0204s ]
SQL: SELECT p.goods_id,p.name,p.price,p.quantity,p.status,p.model,p.image,gtc.category_id FROM theguide_goods_description pd,theguide_goods p,theguide_goods_to_category gtc WHERE pd.goods_id=p.goods_id and p.goods_id=gtc.goods_id [ RunTime:0.0004s ]
SQL: SELECT p.goods_id,p.name,p.price,p.quantity,p.status,p.model,p.image,gtc.category_id FROM theguide_goods_description pd,theguide_goods p,theguide_goods_to_category gtc WHERE pd.goods_id=p.goods_id and p.goods_id=gtc.goods_id order by p.goods_id desc LIMIT 0,10 [ RunTime:0.0004s ]
SQL: SHOW COLUMNS FROM `theguide_goods_category` [ RunTime:0.0043s ]
SQL: SELECT * FROM `theguide_goods_category`  [ RunTime:0.0004s ]
INFO: [ view_parse ] --START--
INFO: [ template_filter ] --START--
INFO: Run Behavior\ContentReplaceBehavior [ RunTime:0.000114s ]
INFO: [ template_filter ] --END-- [ RunTime:0.000174s ]
SQL: SHOW COLUMNS FROM `theguide_menu` [ RunTime:0.0038s ]
SQL: SELECT * FROM `theguide_menu` ORDER BY sort_order  [ RunTime:0.0005s ]
INFO: [ view_parse ] --START--
INFO: [ template_filter ] --START--
INFO: Run Behavior\ContentReplaceBehavior [ RunTime:0.000076s ]
INFO: [ template_filter ] --END-- [ RunTime:-0.028073s ]
INFO: Run Behavior\ParseTemplateBehavior [ RunTime:0.004426s ]
INFO: [ view_parse ] --END-- [ RunTime:0.004491s ]
INFO: [ view_filter ] --START--
INFO: Run Behavior\WriteHtmlCacheBehavior [ RunTime:0.000755s ]
INFO: [ view_filter ] --END-- [ RunTime:0.000800s ]
INFO: Run Behavior\ParseTemplateBehavior [ RunTime:0.006201s ]
INFO: [ view_parse ] --END-- [ RunTime:0.004491s ]
INFO: [ view_filter ] --START--
INFO: Run Behavior\WriteHtmlCacheBehavior [ RunTime:0.000010s ]
INFO: [ view_filter ] --END-- [ RunTime:-0.000955s ]
INFO: [ app_end ] --START--
INFO: Run Behavior\ShowPageTraceBehavior [ RunTime:0.000958s ]
INFO: [ app_end ] --END-- [ RunTime:0.001011s ]

[ 2017-02-28T10:29:38+08:00 ] ::1 /theguide/admin.php?s=/Goods/edit/id/2
INFO: [ app_init ] --START--
INFO: Run Behavior\BuildLiteBehavior [ RunTime:0.000014s ]
INFO: [ app_init ] --END-- [ RunTime:0.000639s ]
INFO: [ app_begin ] --START--
INFO: Run Behavior\ReadHtmlCacheBehavior [ RunTime:0.001000s ]
INFO: Run Behavior\CheckLangBehavior [ RunTime:0.002156s ]
INFO: [ app_begin ] --END-- [ RunTime:0.003267s ]
SQL: SHOW COLUMNS FROM `theguide_goods` [ RunTime:0.0199s ]
SQL: SHOW COLUMNS FROM `theguide_goods_description` [ RunTime:0.0039s ]
SQL: SELECT * FROM `theguide_goods_description` WHERE `goods_id` = 2 LIMIT 1   [ RunTime:0.0004s ]
SQL: SHOW COLUMNS FROM `theguide_stock_status` [ RunTime:0.0041s ]
SQL: SELECT * FROM `theguide_stock_status`  [ RunTime:0.0004s ]
SQL: SHOW COLUMNS FROM `theguide_length_class` [ RunTime:0.0041s ]
SQL: SELECT * FROM `theguide_length_class`  [ RunTime:0.0004s ]
SQL: SHOW COLUMNS FROM `theguide_weight_class` [ RunTime:0.0039s ]
SQL: SELECT * FROM `theguide_weight_class`  [ RunTime:0.0004s ]
SQL: SHOW COLUMNS FROM `theguide_goods` [ RunTime:0.0048s ]
SQL: SELECT * FROM `theguide_goods` WHERE `goods_id` = 2 LIMIT 1   [ RunTime:0.0005s ]
SQL: SHOW COLUMNS FROM `theguide_goods_image` [ RunTime:0.0040s ]
SQL: SELECT * FROM `theguide_goods_image` WHERE `goods_id` = 2  [ RunTime:0.0003s ]
SQL: SHOW COLUMNS FROM `theguide_goods_discount` [ RunTime:0.0042s ]
SQL: SELECT * FROM `theguide_goods_discount` WHERE `goods_id` = 2 ORDER BY quantity ASC  [ RunTime:0.0003s ]
SQL: SELECT pc.name,ptc.category_id FROM theguide_goods_to_category ptc,theguide_goods_category pc WHERE pc.id=ptc.category_id AND ptc.goods_id=2 [ RunTime:0.0003s ]
SQL: SELECT * FROM theguide_goods_option po LEFT JOIN theguide_option o ON po.option_id = o.option_id WHERE po.goods_id =2 [ RunTime:0.0002s ]
NOTIC: [8] Undefined variable: option_values D:\WWW\theguide\Modules\Admin\Controller\GoodsController.class.php 第 115 行.
INFO: [ view_parse ] --START--
INFO: [ template_filter ] --START--
INFO: Run Behavior\ContentReplaceBehavior [ RunTime:0.000441s ]
INFO: [ template_filter ] --END-- [ RunTime:0.000497s ]
SQL: SHOW COLUMNS FROM `theguide_menu` [ RunTime:0.0040s ]
SQL: SELECT * FROM `theguide_menu` ORDER BY sort_order  [ RunTime:0.0005s ]
INFO: [ view_parse ] --START--
INFO: [ template_filter ] --START--
INFO: Run Behavior\ContentReplaceBehavior [ RunTime:0.000046s ]
INFO: [ template_filter ] --END-- [ RunTime:-0.030953s ]
INFO: Run Behavior\ParseTemplateBehavior [ RunTime:0.004504s ]
INFO: [ view_parse ] --END-- [ RunTime:0.004569s ]
INFO: [ view_filter ] --START--
INFO: Run Behavior\WriteHtmlCacheBehavior [ RunTime:0.001007s ]
INFO: [ view_filter ] --END-- [ RunTime:0.001055s ]
NOTIC: [8] Undefined variable: button_option_value_add D:\WWW\theguide\Runtime\Cache\Admin\1b82714d5604c1f12aa802e787bf81c1.php 第 749 行.
NOTIC: [8] Undefined variable: entry_price D:\WWW\theguide\Runtime\Cache\Admin\1b82714d5604c1f12aa802e787bf81c1.php 第 799 行.
NOTIC: [8] Undefined variable: entry_weight D:\WWW\theguide\Runtime\Cache\Admin\1b82714d5604c1f12aa802e787bf81c1.php 第 805 行.
NOTIC: [8] Undefined variable: button_remove D:\WWW\theguide\Runtime\Cache\Admin\1b82714d5604c1f12aa802e787bf81c1.php 第 809 行.
INFO: Run Behavior\ParseTemplateBehavior [ RunTime:0.006042s ]
INFO: [ view_parse ] --END-- [ RunTime:0.004569s ]
INFO: [ view_filter ] --START--
INFO: Run Behavior\WriteHtmlCacheBehavior [ RunTime:0.000010s ]
INFO: [ view_filter ] --END-- [ RunTime:-0.000443s ]
INFO: [ app_end ] --START--
INFO: Run Behavior\ShowPageTraceBehavior [ RunTime:0.001215s ]
INFO: [ app_end ] --END-- [ RunTime:0.001311s ]

[ 2017-02-28T10:30:08+08:00 ] ::1 /theguide/admin.php?s=/Goods/edit
INFO: [ app_init ] --START--
INFO: Run Behavior\BuildLiteBehavior [ RunTime:0.000013s ]
INFO: [ app_init ] --END-- [ RunTime:0.000649s ]
INFO: [ app_begin ] --START--
INFO: Run Behavior\ReadHtmlCacheBehavior [ RunTime:0.000827s ]
INFO: Run Behavior\CheckLangBehavior [ RunTime:0.001586s ]
INFO: [ app_begin ] --END-- [ RunTime:0.002511s ]
SQL: SHOW COLUMNS FROM `theguide_goods` [ RunTime:0.0038s ]
SQL: SHOW COLUMNS FROM `theguide_goods` [ RunTime:0.0042s ]
SQL: UPDATE `theguide_goods` SET `name`='未来星软件',`image`='product/58b3de863f4a0.jpg',`model`='cyg2',`sku`='个',`location`='泉州德化',`price`='200.00',`quantity`='20',`minimum`='1',`subtract`='1',`stock_status_id`='1',`shipping`='1',`length`='20.00000000',`width`='20.00000000',`height`='20.00000000',`length_class_id`='1',`weight_class_id`='2',`weight`='500.00000000',`status`='1',`sort_order`='2',`date_modified`='2017-02-28 10:30:08' WHERE `goods_id` = 2 [ RunTime:0.0019s ]
SQL: SHOW COLUMNS FROM `theguide_goods_description` [ RunTime:0.0040s ]
SQL: UPDATE `theguide_goods_description` SET `summary`='',`description`='',`meta_description`='茶叶罐2号',`meta_keyword`='茶叶罐2号',`tag`='茶叶罐2号' WHERE `goods_id` = 2 [ RunTime:0.0016s ]
SQL: SHOW COLUMNS FROM `theguide_goods_to_category` [ RunTime:0.0039s ]
NOTIC: [2] Illegal offset type in isset or empty D:\WWW\theguide\ThinkPHP\Library\Think\Model.class.php 第 511 行.
SQL: DELETE FROM `theguide_goods_to_category` WHERE `goods_id` = 2 [ RunTime:0.0023s ]
SQL: INSERT INTO theguide_goods_to_category SET goods_id = '2', category_id = '1' [ RunTime:0.0022s ]
SQL: SHOW COLUMNS FROM `theguide_goods_image` [ RunTime:0.0044s ]
SQL: DELETE FROM `theguide_goods_image` WHERE `goods_id` = 2 [ RunTime:0.0017s ]
SQL: INSERT INTO theguide_goods_image SET goods_id = '2', image = 'gallery/56643df9c9147.jpg', sort_order = '0' [ RunTime:0.0023s ]
SQL: INSERT INTO theguide_goods_image SET goods_id = '2', image = 'gallery/56643dfcaec0c.jpg', sort_order = '1' [ RunTime:0.0024s ]
SQL: INSERT INTO theguide_goods_image SET goods_id = '2', image = 'gallery/56643e00376ad.jpg', sort_order = '2' [ RunTime:0.0039s ]
SQL: SHOW COLUMNS FROM `theguide_goods_discount` [ RunTime:0.0048s ]
SQL: DELETE FROM `theguide_goods_discount` WHERE `goods_id` = 2 [ RunTime:0.0003s ]
SQL: SHOW COLUMNS FROM `theguide_goods_option` [ RunTime:0.0040s ]
SQL: DELETE FROM `theguide_goods_option` WHERE `goods_id` = 2 [ RunTime:0.0003s ]
SQL: SHOW COLUMNS FROM `theguide_goods_option_value` [ RunTime:0.0040s ]
SQL: DELETE FROM `theguide_goods_option_value` WHERE `goods_id` = 2 [ RunTime:0.0004s ]
INFO: [ view_parse ] --START--
INFO: [ template_filter ] --START--
INFO: Run Behavior\ContentReplaceBehavior [ RunTime:0.000095s ]
INFO: [ template_filter ] --END-- [ RunTime:0.000185s ]
INFO: Run Behavior\ParseTemplateBehavior [ RunTime:0.010076s ]
INFO: [ view_parse ] --END-- [ RunTime:0.010155s ]
INFO: [ view_filter ] --START--
INFO: Run Behavior\WriteHtmlCacheBehavior [ RunTime:0.000752s ]
INFO: [ view_filter ] --END-- [ RunTime:0.000797s ]

[ 2017-02-28T10:30:09+08:00 ] ::1 /theguide/admin.php?s=/Goods/index
INFO: [ app_init ] --START--
INFO: Run Behavior\BuildLiteBehavior [ RunTime:0.000014s ]
INFO: [ app_init ] --END-- [ RunTime:0.000702s ]
INFO: [ app_begin ] --START--
INFO: Run Behavior\ReadHtmlCacheBehavior [ RunTime:0.000866s ]
INFO: Run Behavior\CheckLangBehavior [ RunTime:0.001650s ]
INFO: [ app_begin ] --END-- [ RunTime:0.002608s ]
SQL: SHOW COLUMNS FROM `theguide_goods` [ RunTime:0.0041s ]
SQL: SELECT p.goods_id,p.name,p.price,p.quantity,p.status,p.model,p.image,gtc.category_id FROM theguide_goods_description pd,theguide_goods p,theguide_goods_to_category gtc WHERE pd.goods_id=p.goods_id and p.goods_id=gtc.goods_id [ RunTime:0.0004s ]
SQL: SELECT p.goods_id,p.name,p.price,p.quantity,p.status,p.model,p.image,gtc.category_id FROM theguide_goods_description pd,theguide_goods p,theguide_goods_to_category gtc WHERE pd.goods_id=p.goods_id and p.goods_id=gtc.goods_id order by p.goods_id desc LIMIT 0,10 [ RunTime:0.0003s ]
SQL: SHOW COLUMNS FROM `theguide_goods_category` [ RunTime:0.0040s ]
SQL: SELECT * FROM `theguide_goods_category`  [ RunTime:0.0004s ]
INFO: [ view_parse ] --START--
INFO: [ template_filter ] --START--
INFO: Run Behavior\ContentReplaceBehavior [ RunTime:0.000115s ]
INFO: [ template_filter ] --END-- [ RunTime:0.000170s ]
SQL: SHOW COLUMNS FROM `theguide_menu` [ RunTime:0.0039s ]
SQL: SELECT * FROM `theguide_menu` ORDER BY sort_order  [ RunTime:0.0005s ]
INFO: [ view_parse ] --START--
INFO: [ template_filter ] --START--
INFO: Run Behavior\ContentReplaceBehavior [ RunTime:0.000045s ]
INFO: [ template_filter ] --END-- [ RunTime:-0.029274s ]
INFO: Run Behavior\ParseTemplateBehavior [ RunTime:0.004326s ]
INFO: [ view_parse ] --END-- [ RunTime:0.004379s ]
INFO: [ view_filter ] --START--
INFO: Run Behavior\WriteHtmlCacheBehavior [ RunTime:0.000744s ]
INFO: [ view_filter ] --END-- [ RunTime:0.000788s ]
INFO: Run Behavior\ParseTemplateBehavior [ RunTime:0.006048s ]
INFO: [ view_parse ] --END-- [ RunTime:0.004379s ]
INFO: [ view_filter ] --START--
INFO: Run Behavior\WriteHtmlCacheBehavior [ RunTime:0.000010s ]
INFO: [ view_filter ] --END-- [ RunTime:-0.000925s ]
INFO: [ app_end ] --START--
INFO: Run Behavior\ShowPageTraceBehavior [ RunTime:0.001055s ]
INFO: [ app_end ] --END-- [ RunTime:0.001129s ]

[ 2017-02-28T12:49:46+08:00 ] ::1 /theguide/admin.php?s=/Goods/edit/id/2
INFO: [ app_init ] --START--
INFO: Run Behavior\BuildLiteBehavior [ RunTime:0.000014s ]
INFO: [ app_init ] --END-- [ RunTime:0.000679s ]
INFO: [ app_begin ] --START--
INFO: Run Behavior\ReadHtmlCacheBehavior [ RunTime:0.001132s ]
INFO: Run Behavior\CheckLangBehavior [ RunTime:0.002020s ]
INFO: [ app_begin ] --END-- [ RunTime:0.003243s ]
SQL: SHOW COLUMNS FROM `theguide_goods` [ RunTime:0.0195s ]
SQL: SHOW COLUMNS FROM `theguide_goods_description` [ RunTime:0.0034s ]
SQL: SELECT * FROM `theguide_goods_description` WHERE `goods_id` = 2 LIMIT 1   [ RunTime:0.0003s ]
SQL: SHOW COLUMNS FROM `theguide_stock_status` [ RunTime:0.0046s ]
SQL: SELECT * FROM `theguide_stock_status`  [ RunTime:0.0005s ]
SQL: SHOW COLUMNS FROM `theguide_length_class` [ RunTime:0.0044s ]
SQL: SELECT * FROM `theguide_length_class`  [ RunTime:0.0003s ]
SQL: SHOW COLUMNS FROM `theguide_weight_class` [ RunTime:0.0037s ]
SQL: SELECT * FROM `theguide_weight_class`  [ RunTime:0.0002s ]
SQL: SHOW COLUMNS FROM `theguide_goods` [ RunTime:0.0038s ]
SQL: SELECT * FROM `theguide_goods` WHERE `goods_id` = 2 LIMIT 1   [ RunTime:0.0005s ]
SQL: SHOW COLUMNS FROM `theguide_goods_image` [ RunTime:0.0043s ]
SQL: SELECT * FROM `theguide_goods_image` WHERE `goods_id` = 2  [ RunTime:0.0005s ]
SQL: SHOW COLUMNS FROM `theguide_goods_discount` [ RunTime:0.0040s ]
SQL: SELECT * FROM `theguide_goods_discount` WHERE `goods_id` = 2 ORDER BY quantity ASC  [ RunTime:0.0004s ]
SQL: SELECT pc.name,ptc.category_id FROM theguide_goods_to_category ptc,theguide_goods_category pc WHERE pc.id=ptc.category_id AND ptc.goods_id=2 [ RunTime:0.0005s ]
SQL: SELECT * FROM theguide_goods_option po LEFT JOIN theguide_option o ON po.option_id = o.option_id WHERE po.goods_id =2 [ RunTime:0.0003s ]
NOTIC: [8] Undefined variable: option_values D:\WWW\theguide\Modules\Admin\Controller\GoodsController.class.php 第 115 行.
INFO: [ view_parse ] --START--
INFO: [ template_filter ] --START--
INFO: Run Behavior\ContentReplaceBehavior [ RunTime:0.000498s ]
INFO: [ template_filter ] --END-- [ RunTime:0.000566s ]
SQL: SHOW COLUMNS FROM `theguide_menu` [ RunTime:0.0035s ]
SQL: SELECT * FROM `theguide_menu` ORDER BY sort_order  [ RunTime:0.0006s ]
INFO: [ view_parse ] --START--
INFO: [ template_filter ] --START--
INFO: Run Behavior\ContentReplaceBehavior [ RunTime:0.000048s ]
INFO: [ template_filter ] --END-- [ RunTime:-0.031292s ]
INFO: Run Behavior\ParseTemplateBehavior [ RunTime:0.004649s ]
INFO: [ view_parse ] --END-- [ RunTime:0.004712s ]
INFO: [ view_filter ] --START--
INFO: Run Behavior\WriteHtmlCacheBehavior [ RunTime:0.000840s ]
INFO: [ view_filter ] --END-- [ RunTime:0.000886s ]
NOTIC: [8] Undefined variable: button_option_value_add D:\WWW\theguide\Runtime\Cache\Admin\1b82714d5604c1f12aa802e787bf81c1.php 第 749 行.
NOTIC: [8] Undefined variable: entry_price D:\WWW\theguide\Runtime\Cache\Admin\1b82714d5604c1f12aa802e787bf81c1.php 第 799 行.
NOTIC: [8] Undefined variable: entry_weight D:\WWW\theguide\Runtime\Cache\Admin\1b82714d5604c1f12aa802e787bf81c1.php 第 805 行.
NOTIC: [8] Undefined variable: button_remove D:\WWW\theguide\Runtime\Cache\Admin\1b82714d5604c1f12aa802e787bf81c1.php 第 809 行.
INFO: Run Behavior\ParseTemplateBehavior [ RunTime:0.006032s ]
INFO: [ view_parse ] --END-- [ RunTime:0.004712s ]
INFO: [ view_filter ] --START--
INFO: Run Behavior\WriteHtmlCacheBehavior [ RunTime:0.000010s ]
INFO: [ view_filter ] --END-- [ RunTime:-0.000475s ]
INFO: [ app_end ] --START--
INFO: Run Behavior\ShowPageTraceBehavior [ RunTime:0.001221s ]
INFO: [ app_end ] --END-- [ RunTime:0.001277s ]

[ 2017-02-28T12:50:04+08:00 ] ::1 /theguide/admin.php?s=/Goods/edit
INFO: [ app_init ] --START--
INFO: Run Behavior\BuildLiteBehavior [ RunTime:0.000013s ]
INFO: [ app_init ] --END-- [ RunTime:0.000547s ]
INFO: [ app_begin ] --START--
INFO: Run Behavior\ReadHtmlCacheBehavior [ RunTime:0.001382s ]
INFO: Run Behavior\CheckLangBehavior [ RunTime:0.001880s ]
INFO: [ app_begin ] --END-- [ RunTime:0.003380s ]
SQL: SHOW COLUMNS FROM `theguide_goods` [ RunTime:0.0050s ]
SQL: SHOW COLUMNS FROM `theguide_goods` [ RunTime:0.0037s ]
SQL: UPDATE `theguide_goods` SET `name`='未来星软件',`image`='product/58b3de863f4a0.jpg',`model`='cyg2',`sku`='个',`location`='泉州德化',`price`='200.00',`quantity`='9800',`minimum`='1',`subtract`='1',`stock_status_id`='1',`shipping`='1',`length`='20.00000000',`width`='20.00000000',`height`='20.00000000',`length_class_id`='1',`weight_class_id`='2',`weight`='500.00000000',`status`='1',`sort_order`='2',`date_modified`='2017-02-28 12:50:04' WHERE `goods_id` = 2 [ RunTime:0.0017s ]
SQL: SHOW COLUMNS FROM `theguide_goods_description` [ RunTime:0.0039s ]
SQL: UPDATE `theguide_goods_description` SET `summary`='',`description`='',`meta_description`='茶叶罐2号',`meta_keyword`='茶叶罐2号',`tag`='茶叶罐2号' WHERE `goods_id` = 2 [ RunTime:0.0017s ]
SQL: SHOW COLUMNS FROM `theguide_goods_to_category` [ RunTime:0.0044s ]
NOTIC: [2] Illegal offset type in isset or empty D:\WWW\theguide\ThinkPHP\Library\Think\Model.class.php 第 511 行.
SQL: DELETE FROM `theguide_goods_to_category` WHERE `goods_id` = 2 [ RunTime:0.0017s ]
SQL: INSERT INTO theguide_goods_to_category SET goods_id = '2', category_id = '1' [ RunTime:0.0037s ]
SQL: SHOW COLUMNS FROM `theguide_goods_image` [ RunTime:0.0041s ]
SQL: DELETE FROM `theguide_goods_image` WHERE `goods_id` = 2 [ RunTime:0.0015s ]
SQL: INSERT INTO theguide_goods_image SET goods_id = '2', image = 'gallery/56643df9c9147.jpg', sort_order = '0' [ RunTime:0.0024s ]
SQL: INSERT INTO theguide_goods_image SET goods_id = '2', image = 'gallery/56643dfcaec0c.jpg', sort_order = '1' [ RunTime:0.0036s ]
SQL: INSERT INTO theguide_goods_image SET goods_id = '2', image = 'gallery/56643e00376ad.jpg', sort_order = '2' [ RunTime:0.0037s ]
SQL: SHOW COLUMNS FROM `theguide_goods_discount` [ RunTime:0.0036s ]
SQL: DELETE FROM `theguide_goods_discount` WHERE `goods_id` = 2 [ RunTime:0.0003s ]
SQL: SHOW COLUMNS FROM `theguide_goods_option` [ RunTime:0.0039s ]
SQL: DELETE FROM `theguide_goods_option` WHERE `goods_id` = 2 [ RunTime:0.0003s ]
SQL: SHOW COLUMNS FROM `theguide_goods_option_value` [ RunTime:0.0040s ]
SQL: DELETE FROM `theguide_goods_option_value` WHERE `goods_id` = 2 [ RunTime:0.0005s ]
INFO: [ view_parse ] --START--
INFO: [ template_filter ] --START--
INFO: Run Behavior\ContentReplaceBehavior [ RunTime:0.000053s ]
INFO: [ template_filter ] --END-- [ RunTime:0.000109s ]
INFO: Run Behavior\ParseTemplateBehavior [ RunTime:0.007214s ]
INFO: [ view_parse ] --END-- [ RunTime:0.007273s ]
INFO: [ view_filter ] --START--
INFO: Run Behavior\WriteHtmlCacheBehavior [ RunTime:0.000944s ]
INFO: [ view_filter ] --END-- [ RunTime:0.000990s ]

[ 2017-02-28T12:50:05+08:00 ] ::1 /theguide/admin.php?s=/Goods/index
INFO: [ app_init ] --START--
INFO: Run Behavior\BuildLiteBehavior [ RunTime:0.000017s ]
INFO: [ app_init ] --END-- [ RunTime:0.000747s ]
INFO: [ app_begin ] --START--
INFO: Run Behavior\ReadHtmlCacheBehavior [ RunTime:0.001289s ]
INFO: Run Behavior\CheckLangBehavior [ RunTime:0.002144s ]
INFO: [ app_begin ] --END-- [ RunTime:0.003548s ]
SQL: SHOW COLUMNS FROM `theguide_goods` [ RunTime:0.0206s ]
SQL: SELECT p.goods_id,p.name,p.price,p.quantity,p.status,p.model,p.image,gtc.category_id FROM theguide_goods_description pd,theguide_goods p,theguide_goods_to_category gtc WHERE pd.goods_id=p.goods_id and p.goods_id=gtc.goods_id [ RunTime:0.0004s ]
SQL: SELECT p.goods_id,p.name,p.price,p.quantity,p.status,p.model,p.image,gtc.category_id FROM theguide_goods_description pd,theguide_goods p,theguide_goods_to_category gtc WHERE pd.goods_id=p.goods_id and p.goods_id=gtc.goods_id order by p.goods_id desc LIMIT 0,10 [ RunTime:0.0007s ]
SQL: SHOW COLUMNS FROM `theguide_goods_category` [ RunTime:0.0038s ]
SQL: SELECT * FROM `theguide_goods_category`  [ RunTime:0.0003s ]
INFO: [ view_parse ] --START--
INFO: [ template_filter ] --START--
INFO: Run Behavior\ContentReplaceBehavior [ RunTime:0.000118s ]
INFO: [ template_filter ] --END-- [ RunTime:0.000176s ]
SQL: SHOW COLUMNS FROM `theguide_menu` [ RunTime:0.0045s ]
SQL: SELECT * FROM `theguide_menu` ORDER BY sort_order  [ RunTime:0.0007s ]
INFO: [ view_parse ] --START--
INFO: [ template_filter ] --START--
INFO: Run Behavior\ContentReplaceBehavior [ RunTime:0.000050s ]
INFO: [ template_filter ] --END-- [ RunTime:-0.029228s ]
INFO: Run Behavior\ParseTemplateBehavior [ RunTime:0.004526s ]
INFO: [ view_parse ] --END-- [ RunTime:0.004600s ]
INFO: [ view_filter ] --START--
INFO: Run Behavior\WriteHtmlCacheBehavior [ RunTime:0.000969s ]
INFO: [ view_filter ] --END-- [ RunTime:0.001014s ]
INFO: Run Behavior\ParseTemplateBehavior [ RunTime:0.006874s ]
INFO: [ view_parse ] --END-- [ RunTime:0.004600s ]
INFO: [ view_filter ] --START--
INFO: Run Behavior\WriteHtmlCacheBehavior [ RunTime:0.000022s ]
INFO: [ view_filter ] --END-- [ RunTime:-0.001355s ]
INFO: [ app_end ] --START--
INFO: Run Behavior\ShowPageTraceBehavior [ RunTime:0.001285s ]
INFO: [ app_end ] --END-- [ RunTime:0.001346s ]

[ 2017-02-28T12:50:16+08:00 ] ::1 /theguide/admin.php?s=/Goods/edit/id/2
INFO: [ app_init ] --START--
INFO: Run Behavior\BuildLiteBehavior [ RunTime:0.000015s ]
INFO: [ app_init ] --END-- [ RunTime:0.000674s ]
INFO: [ app_begin ] --START--
INFO: Run Behavior\ReadHtmlCacheBehavior [ RunTime:0.001176s ]
INFO: Run Behavior\CheckLangBehavior [ RunTime:0.002052s ]
INFO: [ app_begin ] --END-- [ RunTime:0.003382s ]
SQL: SHOW COLUMNS FROM `theguide_goods` [ RunTime:0.0049s ]
SQL: SHOW COLUMNS FROM `theguide_goods_description` [ RunTime:0.0040s ]
SQL: SELECT * FROM `theguide_goods_description` WHERE `goods_id` = 2 LIMIT 1   [ RunTime:0.0004s ]
SQL: SHOW COLUMNS FROM `theguide_stock_status` [ RunTime:0.0039s ]
SQL: SELECT * FROM `theguide_stock_status`  [ RunTime:0.0003s ]
SQL: SHOW COLUMNS FROM `theguide_length_class` [ RunTime:0.0036s ]
SQL: SELECT * FROM `theguide_length_class`  [ RunTime:0.0003s ]
SQL: SHOW COLUMNS FROM `theguide_weight_class` [ RunTime:0.0037s ]
SQL: SELECT * FROM `theguide_weight_class`  [ RunTime:0.0003s ]
SQL: SHOW COLUMNS FROM `theguide_goods` [ RunTime:0.0045s ]
SQL: SELECT * FROM `theguide_goods` WHERE `goods_id` = 2 LIMIT 1   [ RunTime:0.0004s ]
SQL: SHOW COLUMNS FROM `theguide_goods_image` [ RunTime:0.0043s ]
SQL: SELECT * FROM `theguide_goods_image` WHERE `goods_id` = 2  [ RunTime:0.0003s ]
SQL: SHOW COLUMNS FROM `theguide_goods_discount` [ RunTime:0.0040s ]
SQL: SELECT * FROM `theguide_goods_discount` WHERE `goods_id` = 2 ORDER BY quantity ASC  [ RunTime:0.0004s ]
SQL: SELECT pc.name,ptc.category_id FROM theguide_goods_to_category ptc,theguide_goods_category pc WHERE pc.id=ptc.category_id AND ptc.goods_id=2 [ RunTime:0.0003s ]
SQL: SELECT * FROM theguide_goods_option po LEFT JOIN theguide_option o ON po.option_id = o.option_id WHERE po.goods_id =2 [ RunTime:0.0004s ]
NOTIC: [8] Undefined variable: option_values D:\WWW\theguide\Modules\Admin\Controller\GoodsController.class.php 第 115 行.
INFO: [ view_parse ] --START--
INFO: [ template_filter ] --START--
INFO: Run Behavior\ContentReplaceBehavior [ RunTime:0.000435s ]
INFO: [ template_filter ] --END-- [ RunTime:0.000490s ]
SQL: SHOW COLUMNS FROM `theguide_menu` [ RunTime:0.0056s ]
SQL: SELECT * FROM `theguide_menu` ORDER BY sort_order  [ RunTime:0.0005s ]
INFO: [ view_parse ] --START--
INFO: [ template_filter ] --START--
INFO: Run Behavior\ContentReplaceBehavior [ RunTime:0.000045s ]
INFO: [ template_filter ] --END-- [ RunTime:-0.032234s ]
INFO: Run Behavior\ParseTemplateBehavior [ RunTime:0.004654s ]
INFO: [ view_parse ] --END-- [ RunTime:0.004755s ]
INFO: [ view_filter ] --START--
INFO: Run Behavior\WriteHtmlCacheBehavior [ RunTime:0.000836s ]
INFO: [ view_filter ] --END-- [ RunTime:0.000896s ]
NOTIC: [8] Undefined variable: button_option_value_add D:\WWW\theguide\Runtime\Cache\Admin\1b82714d5604c1f12aa802e787bf81c1.php 第 749 行.
NOTIC: [8] Undefined variable: entry_price D:\WWW\theguide\Runtime\Cache\Admin\1b82714d5604c1f12aa802e787bf81c1.php 第 799 行.
NOTIC: [8] Undefined variable: entry_weight D:\WWW\theguide\Runtime\Cache\Admin\1b82714d5604c1f12aa802e787bf81c1.php 第 805 行.
NOTIC: [8] Undefined variable: button_remove D:\WWW\theguide\Runtime\Cache\Admin\1b82714d5604c1f12aa802e787bf81c1.php 第 809 行.
INFO: Run Behavior\ParseTemplateBehavior [ RunTime:0.006037s ]
INFO: [ view_parse ] --END-- [ RunTime:0.004755s ]
INFO: [ view_filter ] --START--
INFO: Run Behavior\WriteHtmlCacheBehavior [ RunTime:0.000009s ]
INFO: [ view_filter ] --END-- [ RunTime:-0.000435s ]
INFO: [ app_end ] --START--
INFO: Run Behavior\ShowPageTraceBehavior [ RunTime:0.000999s ]
INFO: [ app_end ] --END-- [ RunTime:0.001054s ]

[ 2017-02-28T12:50:36+08:00 ] ::1 /theguide/admin.php?s=/GoodsCategory/index
INFO: [ app_init ] --START--
INFO: Run Behavior\BuildLiteBehavior [ RunTime:0.000016s ]
INFO: [ app_init ] --END-- [ RunTime:0.000607s ]
INFO: [ app_begin ] --START--
INFO: Run Behavior\ReadHtmlCacheBehavior [ RunTime:0.000955s ]
INFO: Run Behavior\CheckLangBehavior [ RunTime:0.001891s ]
INFO: [ app_begin ] --END-- [ RunTime:0.002960s ]
SQL: SELECT id,pid,name FROM theguide_goods_category [ RunTime:0.0004s ]
INFO: [ view_parse ] --START--
INFO: [ template_filter ] --START--
INFO: Run Behavior\ContentReplaceBehavior [ RunTime:0.000115s ]
INFO: [ template_filter ] --END-- [ RunTime:0.000170s ]
SQL: SHOW COLUMNS FROM `theguide_menu` [ RunTime:0.0045s ]
SQL: SELECT * FROM `theguide_menu` ORDER BY sort_order  [ RunTime:0.0005s ]
INFO: [ view_parse ] --START--
INFO: [ template_filter ] --START--
INFO: Run Behavior\ContentReplaceBehavior [ RunTime:0.000047s ]
INFO: [ template_filter ] --END-- [ RunTime:-0.028619s ]
INFO: Run Behavior\ParseTemplateBehavior [ RunTime:0.004861s ]
INFO: [ view_parse ] --END-- [ RunTime:0.004917s ]
INFO: [ view_filter ] --START--
INFO: Run Behavior\WriteHtmlCacheBehavior [ RunTime:0.000756s ]
INFO: [ view_filter ] --END-- [ RunTime:0.000799s ]
INFO: Run Behavior\ParseTemplateBehavior [ RunTime:0.005917s ]
INFO: [ view_parse ] --END-- [ RunTime:0.004917s ]
INFO: [ view_filter ] --START--
INFO: Run Behavior\WriteHtmlCacheBehavior [ RunTime:0.000009s ]
INFO: [ view_filter ] --END-- [ RunTime:-0.000242s ]
INFO: [ app_end ] --START--
INFO: Run Behavior\ShowPageTraceBehavior [ RunTime:0.001239s ]
INFO: [ app_end ] --END-- [ RunTime:0.001291s ]

[ 2017-02-28T12:50:38+08:00 ] ::1 /theguide/admin.php?s=/WeightClass/index
INFO: [ app_init ] --START--
INFO: Run Behavior\BuildLiteBehavior [ RunTime:0.000017s ]
INFO: [ app_init ] --END-- [ RunTime:0.000781s ]
INFO: [ app_begin ] --START--
INFO: Run Behavior\ReadHtmlCacheBehavior [ RunTime:0.001120s ]
INFO: Run Behavior\CheckLangBehavior [ RunTime:0.002240s ]
INFO: [ app_begin ] --END-- [ RunTime:0.003516s ]
SQL: SHOW COLUMNS FROM `theguide_weight_class` [ RunTime:0.0039s ]
SQL: SELECT COUNT(*) AS tp_count FROM `theguide_weight_class` LIMIT 1   [ RunTime:0.0003s ]
SQL: SELECT * FROM `theguide_weight_class` ORDER BY weight_class_id desc LIMIT 0,10   [ RunTime:0.0003s ]
INFO: [ view_parse ] --START--
INFO: [ template_filter ] --START--
INFO: Run Behavior\ContentReplaceBehavior [ RunTime:0.000086s ]
INFO: [ template_filter ] --END-- [ RunTime:0.000141s ]
SQL: SHOW COLUMNS FROM `theguide_menu` [ RunTime:0.0040s ]
SQL: SELECT * FROM `theguide_menu` ORDER BY sort_order  [ RunTime:0.0005s ]
INFO: [ view_parse ] --START--
INFO: [ template_filter ] --START--
INFO: Run Behavior\ContentReplaceBehavior [ RunTime:0.000045s ]
INFO: [ template_filter ] --END-- [ RunTime:-0.028807s ]
INFO: Run Behavior\ParseTemplateBehavior [ RunTime:0.004127s ]
INFO: [ view_parse ] --END-- [ RunTime:0.004184s ]
INFO: [ view_filter ] --START--
INFO: Run Behavior\WriteHtmlCacheBehavior [ RunTime:0.000854s ]
INFO: [ view_filter ] --END-- [ RunTime:0.000898s ]
INFO: Run Behavior\ParseTemplateBehavior [ RunTime:0.005322s ]
INFO: [ view_parse ] --END-- [ RunTime:0.004184s ]
INFO: [ view_filter ] --START--
INFO: Run Behavior\WriteHtmlCacheBehavior [ RunTime:0.000010s ]
INFO: [ view_filter ] --END-- [ RunTime:-0.000294s ]
INFO: [ app_end ] --START--
INFO: Run Behavior\ShowPageTraceBehavior [ RunTime:0.001424s ]
INFO: [ app_end ] --END-- [ RunTime:0.001498s ]

[ 2017-02-28T12:50:38+08:00 ] ::1 /theguide/admin.php?s=/LengthClass/index
INFO: [ app_init ] --START--
INFO: Run Behavior\BuildLiteBehavior [ RunTime:0.000013s ]
INFO: [ app_init ] --END-- [ RunTime:0.000634s ]
INFO: [ app_begin ] --START--
INFO: Run Behavior\ReadHtmlCacheBehavior [ RunTime:0.001460s ]
INFO: Run Behavior\CheckLangBehavior [ RunTime:0.002033s ]
INFO: [ app_begin ] --END-- [ RunTime:0.003606s ]
SQL: SHOW COLUMNS FROM `theguide_length_class` [ RunTime:0.0046s ]
SQL: SELECT COUNT(*) AS tp_count FROM `theguide_length_class` LIMIT 1   [ RunTime:0.0004s ]
SQL: SELECT * FROM `theguide_length_class` ORDER BY length_class_id desc LIMIT 0,10   [ RunTime:0.0004s ]
INFO: [ view_parse ] --START--
INFO: [ template_filter ] --START--
INFO: Run Behavior\ContentReplaceBehavior [ RunTime:0.000085s ]
INFO: [ template_filter ] --END-- [ RunTime:0.000141s ]
SQL: SHOW COLUMNS FROM `theguide_menu` [ RunTime:0.0037s ]
SQL: SELECT * FROM `theguide_menu` ORDER BY sort_order  [ RunTime:0.0005s ]
INFO: [ view_parse ] --START--
INFO: [ template_filter ] --START--
INFO: Run Behavior\ContentReplaceBehavior [ RunTime:0.000046s ]
INFO: [ template_filter ] --END-- [ RunTime:-0.028341s ]
INFO: Run Behavior\ParseTemplateBehavior [ RunTime:0.004199s ]
INFO: [ view_parse ] --END-- [ RunTime:0.004259s ]
INFO: [ view_filter ] --START--
INFO: Run Behavior\WriteHtmlCacheBehavior [ RunTime:0.000951s ]
INFO: [ view_filter ] --END-- [ RunTime:0.000998s ]
INFO: Run Behavior\ParseTemplateBehavior [ RunTime:0.005501s ]
INFO: [ view_parse ] --END-- [ RunTime:0.004259s ]
INFO: [ view_filter ] --START--
INFO: Run Behavior\WriteHtmlCacheBehavior [ RunTime:0.000009s ]
INFO: [ view_filter ] --END-- [ RunTime:-0.000283s ]
INFO: [ app_end ] --START--
INFO: Run Behavior\ShowPageTraceBehavior [ RunTime:0.001417s ]
INFO: [ app_end ] --END-- [ RunTime:0.001497s ]

[ 2017-02-28T12:50:40+08:00 ] ::1 /theguide/admin.php?s=/StockStatus/index
INFO: [ app_init ] --START--
INFO: Run Behavior\BuildLiteBehavior [ RunTime:0.000013s ]
INFO: [ app_init ] --END-- [ RunTime:0.000634s ]
INFO: [ app_begin ] --START--
INFO: Run Behavior\ReadHtmlCacheBehavior [ RunTime:0.001089s ]
INFO: Run Behavior\CheckLangBehavior [ RunTime:0.001775s ]
INFO: [ app_begin ] --END-- [ RunTime:0.002954s ]
SQL: SHOW COLUMNS FROM `theguide_stock_status` [ RunTime:0.0039s ]
SQL: SELECT COUNT(*) AS tp_count FROM `theguide_stock_status` LIMIT 1   [ RunTime:0.0003s ]
SQL: SELECT * FROM `theguide_stock_status` ORDER BY stock_status_id desc LIMIT 0,10   [ RunTime:0.0003s ]
INFO: [ view_parse ] --START--
INFO: [ template_filter ] --START--
INFO: Run Behavior\ContentReplaceBehavior [ RunTime:0.000089s ]
INFO: [ template_filter ] --END-- [ RunTime:0.000145s ]
SQL: SHOW COLUMNS FROM `theguide_menu` [ RunTime:0.0038s ]
SQL: SELECT * FROM `theguide_menu` ORDER BY sort_order  [ RunTime:0.0004s ]
INFO: [ view_parse ] --START--
INFO: [ template_filter ] --START--
INFO: Run Behavior\ContentReplaceBehavior [ RunTime:0.000045s ]
INFO: [ template_filter ] --END-- [ RunTime:-0.027729s ]
INFO: Run Behavior\ParseTemplateBehavior [ RunTime:0.004102s ]
INFO: [ view_parse ] --END-- [ RunTime:0.004159s ]
INFO: [ view_filter ] --START--
INFO: Run Behavior\WriteHtmlCacheBehavior [ RunTime:0.000820s ]
INFO: [ view_filter ] --END-- [ RunTime:0.000864s ]
INFO: Run Behavior\ParseTemplateBehavior [ RunTime:0.005269s ]
INFO: [ view_parse ] --END-- [ RunTime:0.004159s ]
INFO: [ view_filter ] --START--
INFO: Run Behavior\WriteHtmlCacheBehavior [ RunTime:0.000010s ]
INFO: [ view_filter ] --END-- [ RunTime:-0.000287s ]
INFO: [ app_end ] --START--
INFO: Run Behavior\ShowPageTraceBehavior [ RunTime:0.001584s ]
INFO: [ app_end ] --END-- [ RunTime:0.001648s ]

[ 2017-02-28T12:50:41+08:00 ] ::1 /theguide/admin.php?s=/Option/index
INFO: [ app_init ] --START--
INFO: Run Behavior\BuildLiteBehavior [ RunTime:0.000018s ]
INFO: [ app_init ] --END-- [ RunTime:0.000656s ]
INFO: [ app_begin ] --START--
INFO: Run Behavior\ReadHtmlCacheBehavior [ RunTime:0.001219s ]
INFO: Run Behavior\CheckLangBehavior [ RunTime:0.002035s ]
INFO: [ app_begin ] --END-- [ RunTime:0.003377s ]
NOTIC: [2] Missing argument 1 for Admin\Model\OptionModel::show_option_page(), called in D:\WWW\theguide\Modules\Admin\Controller\OptionController.class.php on line 30 and defined D:\WWW\theguide\Modules\Admin\Model\OptionModel.class.php 第 19 行.
SQL: SHOW COLUMNS FROM `theguide_option` [ RunTime:0.0049s ]
SQL: SELECT COUNT(*) AS tp_count FROM `theguide_option` LIMIT 1   [ RunTime:0.0004s ]
SQL: SELECT * FROM `theguide_option` ORDER BY option_id desc LIMIT 0,10   [ RunTime:0.0003s ]
INFO: [ view_parse ] --START--
INFO: [ template_filter ] --START--
INFO: Run Behavior\ContentReplaceBehavior [ RunTime:0.000100s ]
INFO: [ template_filter ] --END-- [ RunTime:0.000172s ]
SQL: SHOW COLUMNS FROM `theguide_menu` [ RunTime:0.0038s ]
SQL: SELECT * FROM `theguide_menu` ORDER BY sort_order  [ RunTime:0.0006s ]
INFO: [ view_parse ] --START--
INFO: [ template_filter ] --START--
INFO: Run Behavior\ContentReplaceBehavior [ RunTime:0.000054s ]
INFO: [ template_filter ] --END-- [ RunTime:-0.030528s ]
INFO: Run Behavior\ParseTemplateBehavior [ RunTime:0.004945s ]
INFO: [ view_parse ] --END-- [ RunTime:0.005043s ]
INFO: [ view_filter ] --START--
INFO: Run Behavior\WriteHtmlCacheBehavior [ RunTime:0.001413s ]
INFO: [ view_filter ] --END-- [ RunTime:0.001475s ]
INFO: Run Behavior\ParseTemplateBehavior [ RunTime:0.006910s ]
INFO: [ view_parse ] --END-- [ RunTime:0.005043s ]
INFO: [ view_filter ] --START--
INFO: Run Behavior\WriteHtmlCacheBehavior [ RunTime:0.000010s ]
INFO: [ view_filter ] --END-- [ RunTime:-0.000412s ]
INFO: [ app_end ] --START--
INFO: Run Behavior\ShowPageTraceBehavior [ RunTime:0.001475s ]
INFO: [ app_end ] --END-- [ RunTime:0.001581s ]

[ 2017-02-28T12:50:45+08:00 ] ::1 /theguide/admin.php?s=/Goods/index
INFO: [ app_init ] --START--
INFO: Run Behavior\BuildLiteBehavior [ RunTime:0.000013s ]
INFO: [ app_init ] --END-- [ RunTime:0.000629s ]
INFO: [ app_begin ] --START--
INFO: Run Behavior\ReadHtmlCacheBehavior [ RunTime:0.001101s ]
INFO: Run Behavior\CheckLangBehavior [ RunTime:0.002158s ]
INFO: [ app_begin ] --END-- [ RunTime:0.003401s ]
SQL: SHOW COLUMNS FROM `theguide_goods` [ RunTime:0.0200s ]
SQL: SELECT p.goods_id,p.name,p.price,p.quantity,p.status,p.model,p.image,gtc.category_id FROM theguide_goods_description pd,theguide_goods p,theguide_goods_to_category gtc WHERE pd.goods_id=p.goods_id and p.goods_id=gtc.goods_id [ RunTime:0.0004s ]
SQL: SELECT p.goods_id,p.name,p.price,p.quantity,p.status,p.model,p.image,gtc.category_id FROM theguide_goods_description pd,theguide_goods p,theguide_goods_to_category gtc WHERE pd.goods_id=p.goods_id and p.goods_id=gtc.goods_id order by p.goods_id desc LIMIT 0,10 [ RunTime:0.0003s ]
SQL: SHOW COLUMNS FROM `theguide_goods_category` [ RunTime:0.0036s ]
SQL: SELECT * FROM `theguide_goods_category`  [ RunTime:0.0003s ]
INFO: [ view_parse ] --START--
INFO: [ template_filter ] --START--
INFO: Run Behavior\ContentReplaceBehavior [ RunTime:0.000115s ]
INFO: [ template_filter ] --END-- [ RunTime:0.000177s ]
SQL: SHOW COLUMNS FROM `theguide_menu` [ RunTime:0.0043s ]
SQL: SELECT * FROM `theguide_menu` ORDER BY sort_order  [ RunTime:0.0005s ]
INFO: [ view_parse ] --START--
INFO: [ template_filter ] --START--
INFO: Run Behavior\ContentReplaceBehavior [ RunTime:0.000047s ]
INFO: [ template_filter ] --END-- [ RunTime:-0.028215s ]
INFO: Run Behavior\ParseTemplateBehavior [ RunTime:0.004840s ]
INFO: [ view_parse ] --END-- [ RunTime:0.004902s ]
INFO: [ view_filter ] --START--
INFO: Run Behavior\WriteHtmlCacheBehavior [ RunTime:0.001011s ]
INFO: [ view_filter ] --END-- [ RunTime:0.001088s ]
INFO: Run Behavior\ParseTemplateBehavior [ RunTime:0.006916s ]
INFO: [ view_parse ] --END-- [ RunTime:0.004902s ]
INFO: [ view_filter ] --START--
INFO: Run Behavior\WriteHtmlCacheBehavior [ RunTime:0.000010s ]
INFO: [ view_filter ] --END-- [ RunTime:-0.000972s ]
INFO: [ app_end ] --START--
INFO: Run Behavior\ShowPageTraceBehavior [ RunTime:0.001335s ]
INFO: [ app_end ] --END-- [ RunTime:0.001392s ]

[ 2017-02-28T12:50:51+08:00 ] ::1 /theguide/admin.php?s=/Goods/edit/id/2
INFO: [ app_init ] --START--
INFO: Run Behavior\BuildLiteBehavior [ RunTime:0.000016s ]
INFO: [ app_init ] --END-- [ RunTime:0.000642s ]
INFO: [ app_begin ] --START--
INFO: Run Behavior\ReadHtmlCacheBehavior [ RunTime:0.001163s ]
INFO: Run Behavior\CheckLangBehavior [ RunTime:0.002181s ]
INFO: [ app_begin ] --END-- [ RunTime:0.003481s ]
SQL: SHOW COLUMNS FROM `theguide_goods` [ RunTime:0.0040s ]
SQL: SHOW COLUMNS FROM `theguide_goods_description` [ RunTime:0.0047s ]
SQL: SELECT * FROM `theguide_goods_description` WHERE `goods_id` = 2 LIMIT 1   [ RunTime:0.0003s ]
SQL: SHOW COLUMNS FROM `theguide_stock_status` [ RunTime:0.0035s ]
SQL: SELECT * FROM `theguide_stock_status`  [ RunTime:0.0003s ]
SQL: SHOW COLUMNS FROM `theguide_length_class` [ RunTime:0.0036s ]
SQL: SELECT * FROM `theguide_length_class`  [ RunTime:0.0003s ]
SQL: SHOW COLUMNS FROM `theguide_weight_class` [ RunTime:0.0038s ]
SQL: SELECT * FROM `theguide_weight_class`  [ RunTime:0.0004s ]
SQL: SHOW COLUMNS FROM `theguide_goods` [ RunTime:0.0044s ]
SQL: SELECT * FROM `theguide_goods` WHERE `goods_id` = 2 LIMIT 1   [ RunTime:0.0004s ]
SQL: SHOW COLUMNS FROM `theguide_goods_image` [ RunTime:0.0037s ]
SQL: SELECT * FROM `theguide_goods_image` WHERE `goods_id` = 2  [ RunTime:0.0003s ]
SQL: SHOW COLUMNS FROM `theguide_goods_discount` [ RunTime:0.0041s ]
SQL: SELECT * FROM `theguide_goods_discount` WHERE `goods_id` = 2 ORDER BY quantity ASC  [ RunTime:0.0006s ]
SQL: SELECT pc.name,ptc.category_id FROM theguide_goods_to_category ptc,theguide_goods_category pc WHERE pc.id=ptc.category_id AND ptc.goods_id=2 [ RunTime:0.0003s ]
SQL: SELECT * FROM theguide_goods_option po LEFT JOIN theguide_option o ON po.option_id = o.option_id WHERE po.goods_id =2 [ RunTime:0.0003s ]
NOTIC: [8] Undefined variable: option_values D:\WWW\theguide\Modules\Admin\Controller\GoodsController.class.php 第 115 行.
INFO: [ view_parse ] --START--
INFO: [ template_filter ] --START--
INFO: Run Behavior\ContentReplaceBehavior [ RunTime:0.000438s ]
INFO: [ template_filter ] --END-- [ RunTime:0.000497s ]
SQL: SHOW COLUMNS FROM `theguide_menu` [ RunTime:0.0038s ]
SQL: SELECT * FROM `theguide_menu` ORDER BY sort_order  [ RunTime:0.0004s ]
INFO: [ view_parse ] --START--
INFO: [ template_filter ] --START--
INFO: Run Behavior\ContentReplaceBehavior [ RunTime:0.000045s ]
INFO: [ template_filter ] --END-- [ RunTime:-0.030552s ]
INFO: Run Behavior\ParseTemplateBehavior [ RunTime:0.004288s ]
INFO: [ view_parse ] --END-- [ RunTime:0.004349s ]
INFO: [ view_filter ] --START--
INFO: Run Behavior\WriteHtmlCacheBehavior [ RunTime:0.000830s ]
INFO: [ view_filter ] --END-- [ RunTime:0.000874s ]
NOTIC: [8] Undefined variable: button_option_value_add D:\WWW\theguide\Runtime\Cache\Admin\1b82714d5604c1f12aa802e787bf81c1.php 第 749 行.
NOTIC: [8] Undefined variable: entry_price D:\WWW\theguide\Runtime\Cache\Admin\1b82714d5604c1f12aa802e787bf81c1.php 第 799 行.
NOTIC: [8] Undefined variable: entry_weight D:\WWW\theguide\Runtime\Cache\Admin\1b82714d5604c1f12aa802e787bf81c1.php 第 805 行.
NOTIC: [8] Undefined variable: button_remove D:\WWW\theguide\Runtime\Cache\Admin\1b82714d5604c1f12aa802e787bf81c1.php 第 809 行.
INFO: Run Behavior\ParseTemplateBehavior [ RunTime:0.005618s ]
INFO: [ view_parse ] --END-- [ RunTime:0.004349s ]
INFO: [ view_filter ] --START--
INFO: Run Behavior\WriteHtmlCacheBehavior [ RunTime:0.000009s ]
INFO: [ view_filter ] --END-- [ RunTime:-0.000439s ]
INFO: [ app_end ] --START--
INFO: Run Behavior\ShowPageTraceBehavior [ RunTime:0.001189s ]
INFO: [ app_end ] --END-- [ RunTime:0.001244s ]

[ 2017-02-28T12:51:09+08:00 ] ::1 /theguide/admin.php?s=/Goods/edit
INFO: [ app_init ] --START--
INFO: Run Behavior\BuildLiteBehavior [ RunTime:0.000027s ]
INFO: [ app_init ] --END-- [ RunTime:0.000942s ]
INFO: [ app_begin ] --START--
INFO: Run Behavior\ReadHtmlCacheBehavior [ RunTime:0.001240s ]
INFO: Run Behavior\CheckLangBehavior [ RunTime:0.001950s ]
INFO: [ app_begin ] --END-- [ RunTime:0.003303s ]
SQL: SHOW COLUMNS FROM `theguide_goods` [ RunTime:0.0046s ]
SQL: SHOW COLUMNS FROM `theguide_goods` [ RunTime:0.0042s ]
SQL: UPDATE `theguide_goods` SET `name`='未来星软件',`image`='product/58b3de863f4a0.jpg',`model`='cyg2',`sku`='个',`location`='泉州德化',`price`='9800.00',`quantity`='20',`minimum`='1',`subtract`='1',`stock_status_id`='1',`shipping`='1',`length`='20.00000000',`width`='20.00000000',`height`='20.00000000',`length_class_id`='1',`weight_class_id`='2',`weight`='500.00000000',`status`='1',`sort_order`='2',`date_modified`='2017-02-28 12:51:09' WHERE `goods_id` = 2 [ RunTime:0.0017s ]
SQL: SHOW COLUMNS FROM `theguide_goods_description` [ RunTime:0.0039s ]
SQL: UPDATE `theguide_goods_description` SET `summary`='',`description`='',`meta_description`='茶叶罐2号',`meta_keyword`='茶叶罐2号',`tag`='茶叶罐2号' WHERE `goods_id` = 2 [ RunTime:0.0021s ]
SQL: SHOW COLUMNS FROM `theguide_goods_to_category` [ RunTime:0.0039s ]
NOTIC: [2] Illegal offset type in isset or empty D:\WWW\theguide\ThinkPHP\Library\Think\Model.class.php 第 511 行.
SQL: DELETE FROM `theguide_goods_to_category` WHERE `goods_id` = 2 [ RunTime:0.0017s ]
SQL: INSERT INTO theguide_goods_to_category SET goods_id = '2', category_id = '1' [ RunTime:0.0023s ]
SQL: SHOW COLUMNS FROM `theguide_goods_image` [ RunTime:0.0043s ]
SQL: DELETE FROM `theguide_goods_image` WHERE `goods_id` = 2 [ RunTime:0.0025s ]
SQL: INSERT INTO theguide_goods_image SET goods_id = '2', image = 'gallery/56643df9c9147.jpg', sort_order = '0' [ RunTime:0.0037s ]
SQL: INSERT INTO theguide_goods_image SET goods_id = '2', image = 'gallery/56643dfcaec0c.jpg', sort_order = '1' [ RunTime:0.0036s ]
SQL: INSERT INTO theguide_goods_image SET goods_id = '2', image = 'gallery/56643e00376ad.jpg', sort_order = '2' [ RunTime:0.0023s ]
SQL: SHOW COLUMNS FROM `theguide_goods_discount` [ RunTime:0.0037s ]
SQL: DELETE FROM `theguide_goods_discount` WHERE `goods_id` = 2 [ RunTime:0.0004s ]
SQL: SHOW COLUMNS FROM `theguide_goods_option` [ RunTime:0.0046s ]
SQL: DELETE FROM `theguide_goods_option` WHERE `goods_id` = 2 [ RunTime:0.0003s ]
SQL: SHOW COLUMNS FROM `theguide_goods_option_value` [ RunTime:0.0040s ]
SQL: DELETE FROM `theguide_goods_option_value` WHERE `goods_id` = 2 [ RunTime:0.0003s ]
INFO: [ view_parse ] --START--
INFO: [ template_filter ] --START--
INFO: Run Behavior\ContentReplaceBehavior [ RunTime:0.000054s ]
INFO: [ template_filter ] --END-- [ RunTime:0.000127s ]
INFO: Run Behavior\ParseTemplateBehavior [ RunTime:0.007801s ]
INFO: [ view_parse ] --END-- [ RunTime:0.007868s ]
INFO: [ view_filter ] --START--
INFO: Run Behavior\WriteHtmlCacheBehavior [ RunTime:0.001162s ]
INFO: [ view_filter ] --END-- [ RunTime:0.001250s ]

[ 2017-02-28T12:51:10+08:00 ] ::1 /theguide/admin.php?s=/Goods/index
INFO: [ app_init ] --START--
INFO: Run Behavior\BuildLiteBehavior [ RunTime:0.000012s ]
INFO: [ app_init ] --END-- [ RunTime:0.000638s ]
INFO: [ app_begin ] --START--
INFO: Run Behavior\ReadHtmlCacheBehavior [ RunTime:0.001282s ]
INFO: Run Behavior\CheckLangBehavior [ RunTime:0.001954s ]
INFO: [ app_begin ] --END-- [ RunTime:0.003364s ]
SQL: SHOW COLUMNS FROM `theguide_goods` [ RunTime:0.0199s ]
SQL: SELECT p.goods_id,p.name,p.price,p.quantity,p.status,p.model,p.image,gtc.category_id FROM theguide_goods_description pd,theguide_goods p,theguide_goods_to_category gtc WHERE pd.goods_id=p.goods_id and p.goods_id=gtc.goods_id [ RunTime:0.0004s ]
SQL: SELECT p.goods_id,p.name,p.price,p.quantity,p.status,p.model,p.image,gtc.category_id FROM theguide_goods_description pd,theguide_goods p,theguide_goods_to_category gtc WHERE pd.goods_id=p.goods_id and p.goods_id=gtc.goods_id order by p.goods_id desc LIMIT 0,10 [ RunTime:0.0004s ]
SQL: SHOW COLUMNS FROM `theguide_goods_category` [ RunTime:0.0042s ]
SQL: SELECT * FROM `theguide_goods_category`  [ RunTime:0.0003s ]
INFO: [ view_parse ] --START--
INFO: [ template_filter ] --START--
INFO: Run Behavior\ContentReplaceBehavior [ RunTime:0.000124s ]
INFO: [ template_filter ] --END-- [ RunTime:0.000183s ]
SQL: SHOW COLUMNS FROM `theguide_menu` [ RunTime:0.0043s ]
SQL: SELECT * FROM `theguide_menu` ORDER BY sort_order  [ RunTime:0.0006s ]
INFO: [ view_parse ] --START--
INFO: [ template_filter ] --START--
INFO: Run Behavior\ContentReplaceBehavior [ RunTime:0.000045s ]
INFO: [ template_filter ] --END-- [ RunTime:-0.029712s ]
INFO: Run Behavior\ParseTemplateBehavior [ RunTime:0.004544s ]
INFO: [ view_parse ] --END-- [ RunTime:0.004616s ]
INFO: [ view_filter ] --START--
INFO: Run Behavior\WriteHtmlCacheBehavior [ RunTime:0.000915s ]
INFO: [ view_filter ] --END-- [ RunTime:0.000959s ]
INFO: Run Behavior\ParseTemplateBehavior [ RunTime:0.006981s ]
INFO: [ view_parse ] --END-- [ RunTime:0.004616s ]
INFO: [ view_filter ] --START--
INFO: Run Behavior\WriteHtmlCacheBehavior [ RunTime:0.000009s ]
INFO: [ view_filter ] --END-- [ RunTime:-0.001524s ]
INFO: [ app_end ] --START--
INFO: Run Behavior\ShowPageTraceBehavior [ RunTime:0.001334s ]
INFO: [ app_end ] --END-- [ RunTime:0.001399s ]

